07 08, 2022 09:08:30 上午 cn.how2j.diytomcat.Bootstrap logJVM
INFO : Server version:		How2J DiyTomcat/1.0.1
07 08, 2022 09:08:30 上午 cn.how2j.diytomcat.Bootstrap logJVM
INFO : Server built:		2020-04-08 10:20:22
07 08, 2022 09:08:30 上午 cn.how2j.diytomcat.Bootstrap logJVM
INFO : Server number:		1.0.1
07 08, 2022 09:08:30 上午 cn.how2j.diytomcat.Bootstrap logJVM
INFO : OS Name	:		Windows 10
07 08, 2022 09:08:30 上午 cn.how2j.diytomcat.Bootstrap logJVM
INFO : OS Version:		10.0
07 08, 2022 09:08:30 上午 cn.how2j.diytomcat.Bootstrap logJVM
INFO : Architecture:		x86
07 08, 2022 09:08:30 上午 cn.how2j.diytomcat.Bootstrap logJVM
INFO : Java Home:		E:\JDK\jre
07 08, 2022 09:08:30 上午 cn.how2j.diytomcat.Bootstrap logJVM
INFO : JVM Version:		1.8.0_65-b17
07 08, 2022 09:08:30 上午 cn.how2j.diytomcat.Bootstrap logJVM
INFO : JVM Vendor:		Oracle Corporation
07 08, 2022 09:11:43 上午 cn.how2j.diytomcat.Bootstrap logJVM
INFO : Server version(服务器版本):		How2J DiyTomcat/1.0.1
07 08, 2022 09:11:43 上午 cn.how2j.diytomcat.Bootstrap logJVM
INFO : Server built(服务器建造):		2020-04-08 10:20:22
07 08, 2022 09:11:43 上午 cn.how2j.diytomcat.Bootstrap logJVM
INFO : Server number:		1.0.1
07 08, 2022 09:11:43 上午 cn.how2j.diytomcat.Bootstrap logJVM
INFO : OS Name	:		Windows 10
07 08, 2022 09:11:43 上午 cn.how2j.diytomcat.Bootstrap logJVM
INFO : OS Version:		10.0
07 08, 2022 09:11:43 上午 cn.how2j.diytomcat.Bootstrap logJVM
INFO : Architecture(架构):		x86
07 08, 2022 09:11:43 上午 cn.how2j.diytomcat.Bootstrap logJVM
INFO : Java Home:		E:\JDK\jre
07 08, 2022 09:11:43 上午 cn.how2j.diytomcat.Bootstrap logJVM
INFO : JVM Version:		1.8.0_65-b17
07 08, 2022 09:11:43 上午 cn.how2j.diytomcat.Bootstrap logJVM
INFO : JVM Vendor(供应商):		Oracle Corporation
07 08, 2022 09:12:10 上午 cn.how2j.diytomcat.Bootstrap logJVM
INFO : Server version(服务器版本):		How2J DiyTomcat/1.0.1
07 08, 2022 09:12:10 上午 cn.how2j.diytomcat.Bootstrap logJVM
INFO : Server built(服务器建造):		2022-07-08 09:12:00
07 08, 2022 09:12:10 上午 cn.how2j.diytomcat.Bootstrap logJVM
INFO : Server number:		1.0.1
07 08, 2022 09:12:10 上午 cn.how2j.diytomcat.Bootstrap logJVM
INFO : OS Name	:		Windows 10
07 08, 2022 09:12:10 上午 cn.how2j.diytomcat.Bootstrap logJVM
INFO : OS Version:		10.0
07 08, 2022 09:12:10 上午 cn.how2j.diytomcat.Bootstrap logJVM
INFO : Architecture(架构):		x86
07 08, 2022 09:12:10 上午 cn.how2j.diytomcat.Bootstrap logJVM
INFO : Java Home:		E:\JDK\jre
07 08, 2022 09:12:10 上午 cn.how2j.diytomcat.Bootstrap logJVM
INFO : JVM Version:		1.8.0_65-b17
07 08, 2022 09:12:10 上午 cn.how2j.diytomcat.Bootstrap logJVM
INFO : JVM Vendor(供应商):		Oracle Corporation
07 08, 2022 09:14:01 上午 cn.how2j.diytomcat.Bootstrap logJVM
INFO : Server version(服务器版本):		How2J DiyTomcat/1.0.1
07 08, 2022 09:14:01 上午 cn.how2j.diytomcat.Bootstrap logJVM
INFO : Server built(服务器建造):		2022-07-08 09:12:00
07 08, 2022 09:14:01 上午 cn.how2j.diytomcat.Bootstrap logJVM
INFO : Server number:		1.0.1
07 08, 2022 09:14:01 上午 cn.how2j.diytomcat.Bootstrap logJVM
INFO : OS Name	:		Windows 10
07 08, 2022 09:14:01 上午 cn.how2j.diytomcat.Bootstrap logJVM
INFO : OS Version:		10.0
07 08, 2022 09:14:01 上午 cn.how2j.diytomcat.Bootstrap logJVM
INFO : Architecture(架构):		x86
07 08, 2022 09:14:01 上午 cn.how2j.diytomcat.Bootstrap logJVM
INFO : Java Home:		E:\JDK\jre
07 08, 2022 09:14:01 上午 cn.how2j.diytomcat.Bootstrap logJVM
INFO : JVM Version:		1.8.0_65-b17
07 08, 2022 09:14:01 上午 cn.how2j.diytomcat.Bootstrap logJVM
INFO : JVM Vendor(供应商):		Oracle Corporation
07 08, 2022 10:37:57 上午 cn.how2j.diytomcat.Bootstrap logJVM
INFO : Server version(服务器版本):		How2J DiyTomcat/1.0.1
07 08, 2022 10:37:57 上午 cn.how2j.diytomcat.Bootstrap logJVM
INFO : Server built(服务器建造):		2022-07-08 09:12:00
07 08, 2022 10:37:57 上午 cn.how2j.diytomcat.Bootstrap logJVM
INFO : Server number:		1.0.1
07 08, 2022 10:37:57 上午 cn.how2j.diytomcat.Bootstrap logJVM
INFO : OS Name	:		Windows 10
07 08, 2022 10:37:57 上午 cn.how2j.diytomcat.Bootstrap logJVM
INFO : OS Version:		10.0
07 08, 2022 10:37:57 上午 cn.how2j.diytomcat.Bootstrap logJVM
INFO : Architecture(架构):		x86
07 08, 2022 10:37:57 上午 cn.how2j.diytomcat.Bootstrap logJVM
INFO : Java Home:		E:\JDK\jre
07 08, 2022 10:37:57 上午 cn.how2j.diytomcat.Bootstrap logJVM
INFO : JVM Version:		1.8.0_65-b17
07 08, 2022 10:37:57 上午 cn.how2j.diytomcat.Bootstrap logJVM
INFO : JVM Vendor(供应商):		Oracle Corporation
07 08, 2022 10:46:08 上午 cn.how2j.diytomcat.Bootstrap logJVM
INFO : Server version(服务器版本):		How2J DiyTomcat/1.0.1
07 08, 2022 10:46:08 上午 cn.how2j.diytomcat.Bootstrap logJVM
INFO : Server built(服务器建造):		2022-07-08 09:12:00
07 08, 2022 10:46:08 上午 cn.how2j.diytomcat.Bootstrap logJVM
INFO : Server number:		1.0.1
07 08, 2022 10:46:08 上午 cn.how2j.diytomcat.Bootstrap logJVM
INFO : OS Name	:		Windows 10
07 08, 2022 10:46:08 上午 cn.how2j.diytomcat.Bootstrap logJVM
INFO : OS Version:		10.0
07 08, 2022 10:46:08 上午 cn.how2j.diytomcat.Bootstrap logJVM
INFO : Architecture(架构):		x86
07 08, 2022 10:46:08 上午 cn.how2j.diytomcat.Bootstrap logJVM
INFO : Java Home:		E:\JDK\jre
07 08, 2022 10:46:08 上午 cn.how2j.diytomcat.Bootstrap logJVM
INFO : JVM Version:		1.8.0_65-b17
07 08, 2022 10:46:08 上午 cn.how2j.diytomcat.Bootstrap logJVM
INFO : JVM Vendor(供应商):		Oracle Corporation
07 08, 2022 10:47:52 上午 cn.how2j.diytomcat.Bootstrap logJVM
INFO : Server version(服务器版本):		How2J DiyTomcat/1.0.1
07 08, 2022 10:47:52 上午 cn.how2j.diytomcat.Bootstrap logJVM
INFO : Server built(服务器建造):		2022-07-08 09:12:00
07 08, 2022 10:47:52 上午 cn.how2j.diytomcat.Bootstrap logJVM
INFO : Server number:		1.0.1
07 08, 2022 10:47:52 上午 cn.how2j.diytomcat.Bootstrap logJVM
INFO : OS Name	:		Windows 10
07 08, 2022 10:47:52 上午 cn.how2j.diytomcat.Bootstrap logJVM
INFO : OS Version:		10.0
07 08, 2022 10:47:52 上午 cn.how2j.diytomcat.Bootstrap logJVM
INFO : Architecture(架构):		x86
07 08, 2022 10:47:52 上午 cn.how2j.diytomcat.Bootstrap logJVM
INFO : Java Home:		E:\JDK\jre
07 08, 2022 10:47:52 上午 cn.how2j.diytomcat.Bootstrap logJVM
INFO : JVM Version:		1.8.0_65-b17
07 08, 2022 10:47:52 上午 cn.how2j.diytomcat.Bootstrap logJVM
INFO : JVM Vendor(供应商):		Oracle Corporation
07 08, 2022 10:48:27 上午 cn.how2j.diytomcat.Bootstrap logJVM
INFO : Server version(服务器版本):		How2J DiyTomcat/1.0.1
07 08, 2022 10:48:27 上午 cn.how2j.diytomcat.Bootstrap logJVM
INFO : Server built(服务器建造):		2022-07-08 09:12:00
07 08, 2022 10:48:27 上午 cn.how2j.diytomcat.Bootstrap logJVM
INFO : Server number:		1.0.1
07 08, 2022 10:48:27 上午 cn.how2j.diytomcat.Bootstrap logJVM
INFO : OS Name	:		Windows 10
07 08, 2022 10:48:27 上午 cn.how2j.diytomcat.Bootstrap logJVM
INFO : OS Version:		10.0
07 08, 2022 10:48:27 上午 cn.how2j.diytomcat.Bootstrap logJVM
INFO : Architecture(架构):		x86
07 08, 2022 10:48:27 上午 cn.how2j.diytomcat.Bootstrap logJVM
INFO : Java Home:		E:\JDK\jre
07 08, 2022 10:48:27 上午 cn.how2j.diytomcat.Bootstrap logJVM
INFO : JVM Version:		1.8.0_65-b17
07 08, 2022 10:48:27 上午 cn.how2j.diytomcat.Bootstrap logJVM
INFO : JVM Vendor(供应商):		Oracle Corporation
07 08, 2022 15:25:51 下午 cn.how2j.diytomcat.Bootstrap logJVM
INFO : Server version(服务器版本):		How2J DiyTomcat/1.0.1
07 08, 2022 15:25:51 下午 cn.how2j.diytomcat.Bootstrap logJVM
INFO : Server built(服务器建造):		2022-07-08 09:12:00
07 08, 2022 15:25:51 下午 cn.how2j.diytomcat.Bootstrap logJVM
INFO : Server number:		1.0.1
07 08, 2022 15:25:51 下午 cn.how2j.diytomcat.Bootstrap logJVM
INFO : OS Name	:		Windows 10
07 08, 2022 15:25:51 下午 cn.how2j.diytomcat.Bootstrap logJVM
INFO : OS Version:		10.0
07 08, 2022 15:25:51 下午 cn.how2j.diytomcat.Bootstrap logJVM
INFO : Architecture(架构):		x86
07 08, 2022 15:25:51 下午 cn.how2j.diytomcat.Bootstrap logJVM
INFO : Java Home:		E:\JDK\jre
07 08, 2022 15:25:51 下午 cn.how2j.diytomcat.Bootstrap logJVM
INFO : JVM Version:		1.8.0_65-b17
07 08, 2022 15:25:51 下午 cn.how2j.diytomcat.Bootstrap logJVM
INFO : JVM Vendor(供应商):		Oracle Corporation
07 08, 2022 16:14:13 下午 cn.how2j.diytomcat.Bootstrap logJVM
INFO : Server version(服务器版本):		How2J DiyTomcat/1.0.1
07 08, 2022 16:14:13 下午 cn.how2j.diytomcat.Bootstrap logJVM
INFO : Server built(服务器建造):		2022-07-08 09:12:00
07 08, 2022 16:14:13 下午 cn.how2j.diytomcat.Bootstrap logJVM
INFO : Server number:		1.0.1
07 08, 2022 16:14:13 下午 cn.how2j.diytomcat.Bootstrap logJVM
INFO : OS Name	:		Windows 10
07 08, 2022 16:14:13 下午 cn.how2j.diytomcat.Bootstrap logJVM
INFO : OS Version:		10.0
07 08, 2022 16:14:13 下午 cn.how2j.diytomcat.Bootstrap logJVM
INFO : Architecture(架构):		x86
07 08, 2022 16:14:13 下午 cn.how2j.diytomcat.Bootstrap logJVM
INFO : Java Home:		E:\JDK\jre
07 08, 2022 16:14:13 下午 cn.how2j.diytomcat.Bootstrap logJVM
INFO : JVM Version:		1.8.0_65-b17
07 08, 2022 16:14:13 下午 cn.how2j.diytomcat.Bootstrap logJVM
INFO : JVM Vendor(供应商):		Oracle Corporation
07 08, 2022 16:14:13 下午 cn.how2j.diytomcat.catalina.Context <init>
INFO : Deploying web application directoryE:\project\diytomcat\webapps\a
07 08, 2022 16:14:13 下午 cn.how2j.diytomcat.catalina.Context <init>
INFO : Deployment of web application directory E:\project\diytomcat\webapps\a has finished in 1 ms
07 08, 2022 16:14:13 下午 cn.how2j.diytomcat.catalina.Context <init>
INFO : Deploying web application directoryE:\project\diytomcat\webapps\ROOT
07 08, 2022 16:14:13 下午 cn.how2j.diytomcat.catalina.Context <init>
INFO : Deployment of web application directory E:\project\diytomcat\webapps\ROOT has finished in 0 ms
07 08, 2022 16:56:30 下午 cn.how2j.diytomcat.Bootstrap logJVM
INFO : Server version(服务器版本):		How2J DiyTomcat/1.0.1
07 08, 2022 16:56:30 下午 cn.how2j.diytomcat.Bootstrap logJVM
INFO : Server built(服务器建造):		2022-07-08 09:12:00
07 08, 2022 16:56:30 下午 cn.how2j.diytomcat.Bootstrap logJVM
INFO : Server number:		1.0.1
07 08, 2022 16:56:30 下午 cn.how2j.diytomcat.Bootstrap logJVM
INFO : OS Name	:		Windows 10
07 08, 2022 16:56:30 下午 cn.how2j.diytomcat.Bootstrap logJVM
INFO : OS Version:		10.0
07 08, 2022 16:56:30 下午 cn.how2j.diytomcat.Bootstrap logJVM
INFO : Architecture(架构):		x86
07 08, 2022 16:56:30 下午 cn.how2j.diytomcat.Bootstrap logJVM
INFO : Java Home:		E:\JDK\jre
07 08, 2022 16:56:30 下午 cn.how2j.diytomcat.Bootstrap logJVM
INFO : JVM Version:		1.8.0_65-b17
07 08, 2022 16:56:30 下午 cn.how2j.diytomcat.Bootstrap logJVM
INFO : JVM Vendor(供应商):		Oracle Corporation
07 08, 2022 16:56:30 下午 cn.how2j.diytomcat.catalina.Context <init>
INFO : Deploying web application directoryE:\project\diytomcat\webapps\a
07 08, 2022 16:56:30 下午 cn.how2j.diytomcat.catalina.Context <init>
INFO : Deployment of web application directory E:\project\diytomcat\webapps\a has finished in 1 ms
07 08, 2022 16:56:30 下午 cn.how2j.diytomcat.catalina.Context <init>
INFO : Deploying web application directoryE:\project\diytomcat\webapps\ROOT
07 08, 2022 16:56:30 下午 cn.how2j.diytomcat.catalina.Context <init>
INFO : Deployment of web application directory E:\project\diytomcat\webapps\ROOT has finished in 0 ms
07 08, 2022 16:56:30 下午 cn.how2j.diytomcat.catalina.Context <init>
INFO : Deploying web application directorye:/project/diytomcat/b
07 08, 2022 16:56:30 下午 cn.how2j.diytomcat.catalina.Context <init>
INFO : Deployment of web application directory e:/project/diytomcat/b has finished in 1 ms
07 08, 2022 17:07:37 下午 cn.how2j.diytomcat.Bootstrap logJVM
INFO : Server version(服务器版本):		How2J DiyTomcat/1.0.1
07 08, 2022 17:07:37 下午 cn.how2j.diytomcat.Bootstrap logJVM
INFO : Server built(服务器建造):		2022-07-08 09:12:00
07 08, 2022 17:07:37 下午 cn.how2j.diytomcat.Bootstrap logJVM
INFO : Server number:		1.0.1
07 08, 2022 17:07:37 下午 cn.how2j.diytomcat.Bootstrap logJVM
INFO : OS Name	:		Windows 10
07 08, 2022 17:07:37 下午 cn.how2j.diytomcat.Bootstrap logJVM
INFO : OS Version:		10.0
07 08, 2022 17:07:37 下午 cn.how2j.diytomcat.Bootstrap logJVM
INFO : Architecture(架构):		x86
07 08, 2022 17:07:37 下午 cn.how2j.diytomcat.Bootstrap logJVM
INFO : Java Home:		E:\JDK\jre
07 08, 2022 17:07:37 下午 cn.how2j.diytomcat.Bootstrap logJVM
INFO : JVM Version:		1.8.0_65-b17
07 08, 2022 17:07:37 下午 cn.how2j.diytomcat.Bootstrap logJVM
INFO : JVM Vendor(供应商):		Oracle Corporation
07 08, 2022 17:07:37 下午 cn.how2j.diytomcat.catalina.Context <init>
INFO : Deploying web application directory E:\project\diytomcat\webapps\a
07 08, 2022 17:07:37 下午 cn.how2j.diytomcat.catalina.Context <init>
INFO : Deployment of web application directory E:\project\diytomcat\webapps\a has finished in 1 ms
07 08, 2022 17:07:37 下午 cn.how2j.diytomcat.catalina.Context <init>
INFO : Deploying web application directory E:\project\diytomcat\webapps\ROOT
07 08, 2022 17:07:37 下午 cn.how2j.diytomcat.catalina.Context <init>
INFO : Deployment of web application directory E:\project\diytomcat\webapps\ROOT has finished in 0 ms
07 08, 2022 17:07:37 下午 cn.how2j.diytomcat.catalina.Context <init>
INFO : Deploying web application directory e:/project/diytomcat/b
07 08, 2022 17:07:37 下午 cn.how2j.diytomcat.catalina.Context <init>
INFO : Deployment of web application directory e:/project/diytomcat/b has finished in 1 ms
