07 13, 2022 15:27:29 ä¸‹åˆ cn.how2j.diytomcat.catalina.Context deploy
INFO : Deploying web application directory E:\project\diytomcat\webapps\a
07 13, 2022 15:27:29 ä¸‹åˆ cn.how2j.diytomcat.catalina.Context deploy
INFO : Deployment of web application directory E:\project\diytomcat\webapps\a has finished in 209 ms
07 13, 2022 15:27:29 ä¸‹åˆ cn.how2j.diytomcat.catalina.Context deploy
INFO : Deploying web application directory E:\project\diytomcat\webapps\j2ee
07 13, 2022 15:27:29 ä¸‹åˆ cn.how2j.diytomcat.catalina.Context deploy
INFO : Deployment of web application directory E:\project\diytomcat\webapps\j2ee has finished in 4 ms
07 13, 2022 15:27:29 ä¸‹åˆ cn.how2j.diytomcat.catalina.Context deploy
INFO : Deploying web application directory E:\project\diytomcat\webapps\ROOT
07 13, 2022 15:27:29 ä¸‹åˆ cn.how2j.diytomcat.catalina.Context deploy
INFO : Deployment of web application directory E:\project\diytomcat\webapps\ROOT has finished in 38 ms
07 13, 2022 15:27:29 ä¸‹åˆ cn.how2j.diytomcat.catalina.Context deploy
INFO : Deploying web application directory e:/project/diytomcat/b
07 13, 2022 15:27:30 ä¸‹åˆ cn.how2j.diytomcat.catalina.Context deploy
INFO : Deployment of web application directory e:/project/diytomcat/b has finished in 40 ms
07 13, 2022 15:27:30 ä¸‹åˆ cn.how2j.diytomcat.catalina.Server logJVM
INFO : Server version(æœåŠ¡å™¨ç‰ˆæœ¬):		How2J DiyTomcat/1.0.1
07 13, 2022 15:27:30 ä¸‹åˆ cn.how2j.diytomcat.catalina.Server logJVM
INFO : Server built(æœåŠ¡å™¨å»ºé€ ):		2022-07-08 09:12:00
07 13, 2022 15:27:30 ä¸‹åˆ cn.how2j.diytomcat.catalina.Server logJVM
INFO : Server number:		1.0.1
07 13, 2022 15:27:30 ä¸‹åˆ cn.how2j.diytomcat.catalina.Server logJVM
INFO : OS Name	:		Windows 10
07 13, 2022 15:27:30 ä¸‹åˆ cn.how2j.diytomcat.catalina.Server logJVM
INFO : OS Version:		10.0
07 13, 2022 15:27:30 ä¸‹åˆ cn.how2j.diytomcat.catalina.Server logJVM
INFO : Architecture(æ¶æ„):		x86
07 13, 2022 15:27:30 ä¸‹åˆ cn.how2j.diytomcat.catalina.Server logJVM
INFO : Java Home:		E:\JDK\jre
07 13, 2022 15:27:30 ä¸‹åˆ cn.how2j.diytomcat.catalina.Server logJVM
INFO : JVM Version:		1.8.0_65-b17
07 13, 2022 15:27:30 ä¸‹åˆ cn.how2j.diytomcat.catalina.Server logJVM
INFO : JVM Vendor(ä¾›åº”å•†):		Oracle Corporation
07 13, 2022 15:27:30 ä¸‹åˆ cn.how2j.diytomcat.catalina.Connector init
INFO : Initializing ProtocolHandler [http-bio-18080]
07 13, 2022 15:27:30 ä¸‹åˆ cn.how2j.diytomcat.catalina.Connector init
INFO : Initializing ProtocolHandler [http-bio-18081]
07 13, 2022 15:27:30 ä¸‹åˆ cn.how2j.diytomcat.catalina.Connector init
INFO : Initializing ProtocolHandler [http-bio-18082]
07 13, 2022 15:27:30 ä¸‹åˆ cn.how2j.diytomcat.catalina.Service init
INFO : Initialization processed in 1 ms
07 13, 2022 15:27:30 ä¸‹åˆ cn.how2j.diytomcat.catalina.Connector start
INFO : Starting ProtocolHandler [http-bio-18080]
07 13, 2022 15:27:30 ä¸‹åˆ cn.how2j.diytomcat.catalina.Connector start
INFO : Starting ProtocolHandler [http-bio-18081]
07 13, 2022 15:27:30 ä¸‹åˆ cn.how2j.diytomcat.catalina.Connector start
INFO : Starting ProtocolHandler [http-bio-18082]
07 13, 2022 15:27:30 ä¸‹åˆ cn.how2j.diytomcat.catalina.Server start
INFO : Server startup in 7 ms
07 13, 2022 15:30:37 ä¸‹åˆ cn.how2j.diytomcat.catalina.Context deploy
INFO : Deploying web application directory E:\project\diytomcat\webapps\a
07 13, 2022 15:30:37 ä¸‹åˆ cn.how2j.diytomcat.catalina.Context deploy
INFO : Deployment of web application directory E:\project\diytomcat\webapps\a has finished in 89 ms
07 13, 2022 15:30:37 ä¸‹åˆ cn.how2j.diytomcat.catalina.Context deploy
INFO : Deploying web application directory E:\project\diytomcat\webapps\j2ee
07 13, 2022 15:30:37 ä¸‹åˆ cn.how2j.diytomcat.catalina.Context deploy
INFO : Deployment of web application directory E:\project\diytomcat\webapps\j2ee has finished in 3 ms
07 13, 2022 15:30:37 ä¸‹åˆ cn.how2j.diytomcat.catalina.Context deploy
INFO : Deploying web application directory E:\project\diytomcat\webapps\ROOT
07 13, 2022 15:30:37 ä¸‹åˆ cn.how2j.diytomcat.catalina.Context deploy
INFO : Deployment of web application directory E:\project\diytomcat\webapps\ROOT has finished in 1 ms
07 13, 2022 15:30:37 ä¸‹åˆ cn.how2j.diytomcat.catalina.Context deploy
INFO : Deploying web application directory e:/project/diytomcat/b
07 13, 2022 15:30:37 ä¸‹åˆ cn.how2j.diytomcat.catalina.Context deploy
INFO : Deployment of web application directory e:/project/diytomcat/b has finished in 0 ms
07 13, 2022 15:30:37 ä¸‹åˆ cn.how2j.diytomcat.catalina.Server logJVM
INFO : Server version(æœåŠ¡å™¨ç‰ˆæœ¬):		How2J DiyTomcat/1.0.1
07 13, 2022 15:30:37 ä¸‹åˆ cn.how2j.diytomcat.catalina.Server logJVM
INFO : Server built(æœåŠ¡å™¨å»ºé€ ):		2022-07-08 09:12:00
07 13, 2022 15:30:37 ä¸‹åˆ cn.how2j.diytomcat.catalina.Server logJVM
INFO : Server number:		1.0.1
07 13, 2022 15:30:37 ä¸‹åˆ cn.how2j.diytomcat.catalina.Server logJVM
INFO : OS Name	:		Windows 10
07 13, 2022 15:30:37 ä¸‹åˆ cn.how2j.diytomcat.catalina.Server logJVM
INFO : OS Version:		10.0
07 13, 2022 15:30:37 ä¸‹åˆ cn.how2j.diytomcat.catalina.Server logJVM
INFO : Architecture(æ¶æ„):		x86
07 13, 2022 15:30:37 ä¸‹åˆ cn.how2j.diytomcat.catalina.Server logJVM
INFO : Java Home:		E:\JDK\jre
07 13, 2022 15:30:37 ä¸‹åˆ cn.how2j.diytomcat.catalina.Server logJVM
INFO : JVM Version:		1.8.0_65-b17
07 13, 2022 15:30:37 ä¸‹åˆ cn.how2j.diytomcat.catalina.Server logJVM
INFO : JVM Vendor(ä¾›åº”å•†):		Oracle Corporation
07 13, 2022 15:30:37 ä¸‹åˆ cn.how2j.diytomcat.catalina.Connector init
INFO : Initializing ProtocolHandler [http-bio-18080]
07 13, 2022 15:30:37 ä¸‹åˆ cn.how2j.diytomcat.catalina.Connector init
INFO : Initializing ProtocolHandler [http-bio-18081]
07 13, 2022 15:30:37 ä¸‹åˆ cn.how2j.diytomcat.catalina.Connector init
INFO : Initializing ProtocolHandler [http-bio-18082]
07 13, 2022 15:30:37 ä¸‹åˆ cn.how2j.diytomcat.catalina.Service init
INFO : Initialization processed in 1 ms
07 13, 2022 15:30:37 ä¸‹åˆ cn.how2j.diytomcat.catalina.Connector start
INFO : Starting ProtocolHandler [http-bio-18080]
07 13, 2022 15:30:37 ä¸‹åˆ cn.how2j.diytomcat.catalina.Connector start
INFO : Starting ProtocolHandler [http-bio-18081]
07 13, 2022 15:30:37 ä¸‹åˆ cn.how2j.diytomcat.catalina.Connector start
INFO : Starting ProtocolHandler [http-bio-18082]
07 13, 2022 15:30:37 ä¸‹åˆ cn.how2j.diytomcat.catalina.Server start
INFO : Server startup in 5 ms
07 13, 2022 15:31:11 ä¸‹åˆ cn.how2j.diytomcat.catalina.Context deploy
INFO : Deploying web application directory E:\project\diytomcat\webapps\a
07 13, 2022 15:31:11 ä¸‹åˆ cn.how2j.diytomcat.catalina.Context deploy
INFO : Deployment of web application directory E:\project\diytomcat\webapps\a has finished in 92 ms
07 13, 2022 15:31:11 ä¸‹åˆ cn.how2j.diytomcat.catalina.Context deploy
INFO : Deploying web application directory E:\project\diytomcat\webapps\j2ee
07 13, 2022 15:31:11 ä¸‹åˆ cn.how2j.diytomcat.catalina.Context deploy
INFO : Deployment of web application directory E:\project\diytomcat\webapps\j2ee has finished in 3 ms
07 13, 2022 15:31:11 ä¸‹åˆ cn.how2j.diytomcat.catalina.Context deploy
INFO : Deploying web application directory E:\project\diytomcat\webapps\ROOT
07 13, 2022 15:31:11 ä¸‹åˆ cn.how2j.diytomcat.catalina.Context deploy
INFO : Deployment of web application directory E:\project\diytomcat\webapps\ROOT has finished in 0 ms
07 13, 2022 15:31:11 ä¸‹åˆ cn.how2j.diytomcat.catalina.Context deploy
INFO : Deploying web application directory e:/project/diytomcat/b
07 13, 2022 15:31:11 ä¸‹åˆ cn.how2j.diytomcat.catalina.Context deploy
INFO : Deployment of web application directory e:/project/diytomcat/b has finished in 0 ms
07 13, 2022 15:31:11 ä¸‹åˆ cn.how2j.diytomcat.catalina.Server logJVM
INFO : Server version(æœåŠ¡å™¨ç‰ˆæœ¬):		How2J DiyTomcat/1.0.1
07 13, 2022 15:31:11 ä¸‹åˆ cn.how2j.diytomcat.catalina.Server logJVM
INFO : Server built(æœåŠ¡å™¨å»ºé€ ):		2022-07-08 09:12:00
07 13, 2022 15:31:11 ä¸‹åˆ cn.how2j.diytomcat.catalina.Server logJVM
INFO : Server number:		1.0.1
07 13, 2022 15:31:11 ä¸‹åˆ cn.how2j.diytomcat.catalina.Server logJVM
INFO : OS Name	:		Windows 10
07 13, 2022 15:31:11 ä¸‹åˆ cn.how2j.diytomcat.catalina.Server logJVM
INFO : OS Version:		10.0
07 13, 2022 15:31:11 ä¸‹åˆ cn.how2j.diytomcat.catalina.Server logJVM
INFO : Architecture(æ¶æ„):		x86
07 13, 2022 15:31:11 ä¸‹åˆ cn.how2j.diytomcat.catalina.Server logJVM
INFO : Java Home:		E:\JDK\jre
07 13, 2022 15:31:11 ä¸‹åˆ cn.how2j.diytomcat.catalina.Server logJVM
INFO : JVM Version:		1.8.0_65-b17
07 13, 2022 15:31:11 ä¸‹åˆ cn.how2j.diytomcat.catalina.Server logJVM
INFO : JVM Vendor(ä¾›åº”å•†):		Oracle Corporation
07 13, 2022 15:31:11 ä¸‹åˆ cn.how2j.diytomcat.catalina.Connector init
INFO : Initializing ProtocolHandler [http-bio-18080]
07 13, 2022 15:31:11 ä¸‹åˆ cn.how2j.diytomcat.catalina.Connector init
INFO : Initializing ProtocolHandler [http-bio-18081]
07 13, 2022 15:31:11 ä¸‹åˆ cn.how2j.diytomcat.catalina.Connector init
INFO : Initializing ProtocolHandler [http-bio-18082]
07 13, 2022 15:31:11 ä¸‹åˆ cn.how2j.diytomcat.catalina.Service init
INFO : Initialization processed in 1 ms
07 13, 2022 15:31:11 ä¸‹åˆ cn.how2j.diytomcat.catalina.Connector start
INFO : Starting ProtocolHandler [http-bio-18080]
07 13, 2022 15:31:11 ä¸‹åˆ cn.how2j.diytomcat.catalina.Connector start
INFO : Starting ProtocolHandler [http-bio-18081]
07 13, 2022 15:31:11 ä¸‹åˆ cn.how2j.diytomcat.catalina.Connector start
INFO : Starting ProtocolHandler [http-bio-18082]
07 13, 2022 15:31:11 ä¸‹åˆ cn.how2j.diytomcat.catalina.Server start
INFO : Server startup in 5 ms
07 13, 2022 15:33:50 ä¸‹åˆ cn.how2j.diytomcat.catalina.Context deploy
INFO : Deploying web application directory E:\project\diytomcat\webapps\a
07 13, 2022 15:33:50 ä¸‹åˆ cn.how2j.diytomcat.catalina.Context deploy
INFO : Deployment of web application directory E:\project\diytomcat\webapps\a has finished in 164 ms
07 13, 2022 15:33:50 ä¸‹åˆ cn.how2j.diytomcat.catalina.Context deploy
INFO : Deploying web application directory E:\project\diytomcat\webapps\j2ee
07 13, 2022 15:33:50 ä¸‹åˆ cn.how2j.diytomcat.catalina.Context deploy
INFO : Deployment of web application directory E:\project\diytomcat\webapps\j2ee has finished in 5 ms
07 13, 2022 15:33:50 ä¸‹åˆ cn.how2j.diytomcat.catalina.Context deploy
INFO : Deploying web application directory E:\project\diytomcat\webapps\ROOT
07 13, 2022 15:33:50 ä¸‹åˆ cn.how2j.diytomcat.catalina.Context deploy
INFO : Deployment of web application directory E:\project\diytomcat\webapps\ROOT has finished in 6 ms
07 13, 2022 15:33:50 ä¸‹åˆ cn.how2j.diytomcat.catalina.Context deploy
INFO : Deploying web application directory e:/project/diytomcat/b
07 13, 2022 15:33:50 ä¸‹åˆ cn.how2j.diytomcat.catalina.Context deploy
INFO : Deployment of web application directory e:/project/diytomcat/b has finished in 1 ms
07 13, 2022 15:33:50 ä¸‹åˆ cn.how2j.diytomcat.catalina.Server logJVM
INFO : Server version(æœåŠ¡å™¨ç‰ˆæœ¬):		How2J DiyTomcat/1.0.1
07 13, 2022 15:33:50 ä¸‹åˆ cn.how2j.diytomcat.catalina.Server logJVM
INFO : Server built(æœåŠ¡å™¨å»ºé€ ):		2022-07-08 09:12:00
07 13, 2022 15:33:50 ä¸‹åˆ cn.how2j.diytomcat.catalina.Server logJVM
INFO : Server number:		1.0.1
07 13, 2022 15:33:50 ä¸‹åˆ cn.how2j.diytomcat.catalina.Server logJVM
INFO : OS Name	:		Windows 10
07 13, 2022 15:33:50 ä¸‹åˆ cn.how2j.diytomcat.catalina.Server logJVM
INFO : OS Version:		10.0
07 13, 2022 15:33:50 ä¸‹åˆ cn.how2j.diytomcat.catalina.Server logJVM
INFO : Architecture(æ¶æ„):		x86
07 13, 2022 15:33:50 ä¸‹åˆ cn.how2j.diytomcat.catalina.Server logJVM
INFO : Java Home:		E:\JDK\jre
07 13, 2022 15:33:50 ä¸‹åˆ cn.how2j.diytomcat.catalina.Server logJVM
INFO : JVM Version:		1.8.0_65-b17
07 13, 2022 15:33:50 ä¸‹åˆ cn.how2j.diytomcat.catalina.Server logJVM
INFO : JVM Vendor(ä¾›åº”å•†):		Oracle Corporation
07 13, 2022 15:33:50 ä¸‹åˆ cn.how2j.diytomcat.catalina.Connector init
INFO : Initializing ProtocolHandler [http-bio-18080]
07 13, 2022 15:33:50 ä¸‹åˆ cn.how2j.diytomcat.catalina.Connector init
INFO : Initializing ProtocolHandler [http-bio-18081]
07 13, 2022 15:33:50 ä¸‹åˆ cn.how2j.diytomcat.catalina.Connector init
INFO : Initializing ProtocolHandler [http-bio-18082]
07 13, 2022 15:33:50 ä¸‹åˆ cn.how2j.diytomcat.catalina.Service init
INFO : Initialization processed in 1 ms
07 13, 2022 15:33:50 ä¸‹åˆ cn.how2j.diytomcat.catalina.Connector start
INFO : Starting ProtocolHandler [http-bio-18080]
07 13, 2022 15:33:50 ä¸‹åˆ cn.how2j.diytomcat.catalina.Connector start
INFO : Starting ProtocolHandler [http-bio-18081]
07 13, 2022 15:33:50 ä¸‹åˆ cn.how2j.diytomcat.catalina.Connector start
INFO : Starting ProtocolHandler [http-bio-18082]
07 13, 2022 15:33:50 ä¸‹åˆ cn.how2j.diytomcat.catalina.Server start
INFO : Server startup in 8 ms
07 13, 2022 15:41:23 ä¸‹åˆ cn.how2j.diytomcat.catalina.HttpProcessor error
ERROR: this is a deliberately created exception
java.lang.RuntimeException: this is a deliberately created exception
	at cn.how2j.diytomcat.servlets.DefaultServlet.service(DefaultServlet.java:47)
	at cn.how2j.diytomcat.catalina.HttpProcessor.execute(HttpProcessor.java:42)
	at cn.how2j.diytomcat.catalina.Connector$1.run(Connector.java:53)
	at java.util.concurrent.ThreadPoolExecutor.runWorker(ThreadPoolExecutor.java:1142)
	at java.util.concurrent.ThreadPoolExecutor$Worker.run(ThreadPoolExecutor.java:617)
	at java.lang.Thread.run(Thread.java:745)
07 13, 2022 15:44:59 ä¸‹åˆ cn.how2j.diytomcat.catalina.Context deploy
INFO : Deploying web application directory E:\project\diytomcat\webapps\a
07 13, 2022 15:44:59 ä¸‹åˆ cn.how2j.diytomcat.catalina.Context deploy
INFO : Deployment of web application directory E:\project\diytomcat\webapps\a has finished in 115 ms
07 13, 2022 15:44:59 ä¸‹åˆ cn.how2j.diytomcat.catalina.Context deploy
INFO : Deploying web application directory E:\project\diytomcat\webapps\j2ee
07 13, 2022 15:44:59 ä¸‹åˆ cn.how2j.diytomcat.catalina.Context deploy
INFO : Deployment of web application directory E:\project\diytomcat\webapps\j2ee has finished in 3 ms
07 13, 2022 15:44:59 ä¸‹åˆ cn.how2j.diytomcat.catalina.Context deploy
INFO : Deploying web application directory E:\project\diytomcat\webapps\ROOT
07 13, 2022 15:44:59 ä¸‹åˆ cn.how2j.diytomcat.catalina.Context deploy
INFO : Deployment of web application directory E:\project\diytomcat\webapps\ROOT has finished in 1 ms
07 13, 2022 15:44:59 ä¸‹åˆ cn.how2j.diytomcat.catalina.Context deploy
INFO : Deploying web application directory e:/project/diytomcat/b
07 13, 2022 15:44:59 ä¸‹åˆ cn.how2j.diytomcat.catalina.Context deploy
INFO : Deployment of web application directory e:/project/diytomcat/b has finished in 0 ms
07 13, 2022 15:44:59 ä¸‹åˆ cn.how2j.diytomcat.catalina.Server logJVM
INFO : Server version(æœåŠ¡å™¨ç‰ˆæœ¬):		How2J DiyTomcat/1.0.1
07 13, 2022 15:44:59 ä¸‹åˆ cn.how2j.diytomcat.catalina.Server logJVM
INFO : Server built(æœåŠ¡å™¨å»ºé€ ):		2022-07-08 09:12:00
07 13, 2022 15:44:59 ä¸‹åˆ cn.how2j.diytomcat.catalina.Server logJVM
INFO : Server number:		1.0.1
07 13, 2022 15:44:59 ä¸‹åˆ cn.how2j.diytomcat.catalina.Server logJVM
INFO : OS Name	:		Windows 10
07 13, 2022 15:44:59 ä¸‹åˆ cn.how2j.diytomcat.catalina.Server logJVM
INFO : OS Version:		10.0
07 13, 2022 15:44:59 ä¸‹åˆ cn.how2j.diytomcat.catalina.Server logJVM
INFO : Architecture(æ¶æ„):		x86
07 13, 2022 15:44:59 ä¸‹åˆ cn.how2j.diytomcat.catalina.Server logJVM
INFO : Java Home:		E:\JDK\jre
07 13, 2022 15:44:59 ä¸‹åˆ cn.how2j.diytomcat.catalina.Server logJVM
INFO : JVM Version:		1.8.0_65-b17
07 13, 2022 15:44:59 ä¸‹åˆ cn.how2j.diytomcat.catalina.Server logJVM
INFO : JVM Vendor(ä¾›åº”å•†):		Oracle Corporation
07 13, 2022 15:44:59 ä¸‹åˆ cn.how2j.diytomcat.catalina.Connector init
INFO : Initializing ProtocolHandler [http-bio-18080]
07 13, 2022 15:44:59 ä¸‹åˆ cn.how2j.diytomcat.catalina.Connector init
INFO : Initializing ProtocolHandler [http-bio-18081]
07 13, 2022 15:44:59 ä¸‹åˆ cn.how2j.diytomcat.catalina.Connector init
INFO : Initializing ProtocolHandler [http-bio-18082]
07 13, 2022 15:44:59 ä¸‹åˆ cn.how2j.diytomcat.catalina.Service init
INFO : Initialization processed in 1 ms
07 13, 2022 15:44:59 ä¸‹åˆ cn.how2j.diytomcat.catalina.Connector start
INFO : Starting ProtocolHandler [http-bio-18080]
07 13, 2022 15:44:59 ä¸‹åˆ cn.how2j.diytomcat.catalina.Connector start
INFO : Starting ProtocolHandler [http-bio-18081]
07 13, 2022 15:44:59 ä¸‹åˆ cn.how2j.diytomcat.catalina.Connector start
INFO : Starting ProtocolHandler [http-bio-18082]
07 13, 2022 15:44:59 ä¸‹åˆ cn.how2j.diytomcat.catalina.Server start
INFO : Server startup in 4 ms
07 13, 2022 15:57:14 ÏÂÎç cn.how2j.diytomcat.catalina.Context deploy
INFO : Deploying web application directory E:\project\diytomcat\webapps\a
07 13, 2022 15:57:14 ÏÂÎç cn.how2j.diytomcat.catalina.Context deploy
INFO : Deployment of web application directory E:\project\diytomcat\webapps\a has finished in 117 ms
07 13, 2022 15:57:14 ÏÂÎç cn.how2j.diytomcat.catalina.Context deploy
INFO : Deploying web application directory E:\project\diytomcat\webapps\j2ee
07 13, 2022 15:57:14 ÏÂÎç cn.how2j.diytomcat.catalina.Context deploy
INFO : Deployment of web application directory E:\project\diytomcat\webapps\j2ee has finished in 4 ms
07 13, 2022 15:57:14 ÏÂÎç cn.how2j.diytomcat.catalina.Context deploy
INFO : Deploying web application directory E:\project\diytomcat\webapps\ROOT
07 13, 2022 15:57:14 ÏÂÎç cn.how2j.diytomcat.catalina.Context deploy
INFO : Deployment of web application directory E:\project\diytomcat\webapps\ROOT has finished in 0 ms
07 13, 2022 15:57:14 ÏÂÎç cn.how2j.diytomcat.catalina.Context deploy
INFO : Deploying web application directory e:/project/diytomcat/b
07 13, 2022 15:57:14 ÏÂÎç cn.how2j.diytomcat.catalina.Context deploy
INFO : Deployment of web application directory e:/project/diytomcat/b has finished in 1 ms
07 13, 2022 15:57:14 ÏÂÎç cn.how2j.diytomcat.catalina.Server logJVM
INFO : Server version(·şÎñÆ÷°æ±¾):		How2J DiyTomcat/1.0.1
07 13, 2022 15:57:14 ÏÂÎç cn.how2j.diytomcat.catalina.Server logJVM
INFO : Server built(·şÎñÆ÷½¨Ôì):		2022-07-08 09:12:00
07 13, 2022 15:57:14 ÏÂÎç cn.how2j.diytomcat.catalina.Server logJVM
INFO : Server number:		1.0.1
07 13, 2022 15:57:14 ÏÂÎç cn.how2j.diytomcat.catalina.Server logJVM
INFO : OS Name	:		Windows 10
07 13, 2022 15:57:14 ÏÂÎç cn.how2j.diytomcat.catalina.Server logJVM
INFO : OS Version:		10.0
07 13, 2022 15:57:14 ÏÂÎç cn.how2j.diytomcat.catalina.Server logJVM
INFO : Architecture(¼Ü¹¹):		x86
07 13, 2022 15:57:14 ÏÂÎç cn.how2j.diytomcat.catalina.Server logJVM
INFO : Java Home:		E:\JDK\jre
07 13, 2022 15:57:14 ÏÂÎç cn.how2j.diytomcat.catalina.Server logJVM
INFO : JVM Version:		1.8.0_65-b17
07 13, 2022 15:57:14 ÏÂÎç cn.how2j.diytomcat.catalina.Server logJVM
INFO : JVM Vendor(¹©Ó¦ÉÌ):		Oracle Corporation
07 13, 2022 15:57:14 ÏÂÎç cn.how2j.diytomcat.catalina.Connector init
INFO : Initializing ProtocolHandler [http-bio-18080]
07 13, 2022 15:57:14 ÏÂÎç cn.how2j.diytomcat.catalina.Connector init
INFO : Initializing ProtocolHandler [http-bio-18081]
07 13, 2022 15:57:14 ÏÂÎç cn.how2j.diytomcat.catalina.Connector init
INFO : Initializing ProtocolHandler [http-bio-18082]
07 13, 2022 15:57:14 ÏÂÎç cn.how2j.diytomcat.catalina.Service init
INFO : Initialization processed in 1 ms
07 13, 2022 15:57:14 ÏÂÎç cn.how2j.diytomcat.catalina.Connector start
INFO : Starting ProtocolHandler [http-bio-18080]
07 13, 2022 15:57:14 ÏÂÎç cn.how2j.diytomcat.catalina.Connector start
INFO : Starting ProtocolHandler [http-bio-18081]
07 13, 2022 15:57:14 ÏÂÎç cn.how2j.diytomcat.catalina.Connector start
INFO : Starting ProtocolHandler [http-bio-18082]
07 13, 2022 15:57:14 ÏÂÎç cn.how2j.diytomcat.catalina.Server start
INFO : Server startup in 8 ms
07 13, 2022 15:57:29 ÏÂÎç cn.how2j.diytomcat.catalina.HttpProcessor error
ERROR: this is a deliberately created exception
java.lang.RuntimeException: this is a deliberately created exception
	at cn.how2j.diytomcat.servlets.DefaultServlet.service(DefaultServlet.java:47)
	at cn.how2j.diytomcat.catalina.HttpProcessor.execute(HttpProcessor.java:42)
	at cn.how2j.diytomcat.catalina.Connector$1.run(Connector.java:53)
	at java.util.concurrent.ThreadPoolExecutor.runWorker(ThreadPoolExecutor.java:1142)
	at java.util.concurrent.ThreadPoolExecutor$Worker.run(ThreadPoolExecutor.java:617)
	at java.lang.Thread.run(Thread.java:745)
07 13, 2022 16:03:28 ÏÂÎç cn.how2j.diytomcat.catalina.Context deploy
INFO : Deploying web application directory E:\project\diytomcat\webapps\a
07 13, 2022 16:03:28 ÏÂÎç cn.how2j.diytomcat.catalina.Context deploy
INFO : Deployment of web application directory E:\project\diytomcat\webapps\a has finished in 76 ms
07 13, 2022 16:03:28 ÏÂÎç cn.how2j.diytomcat.catalina.Context deploy
INFO : Deploying web application directory E:\project\diytomcat\webapps\j2ee
07 13, 2022 16:03:28 ÏÂÎç cn.how2j.diytomcat.catalina.Context deploy
INFO : Deployment of web application directory E:\project\diytomcat\webapps\j2ee has finished in 3 ms
07 13, 2022 16:03:28 ÏÂÎç cn.how2j.diytomcat.catalina.Context deploy
INFO : Deploying web application directory E:\project\diytomcat\webapps\ROOT
07 13, 2022 16:03:28 ÏÂÎç cn.how2j.diytomcat.catalina.Context deploy
INFO : Deployment of web application directory E:\project\diytomcat\webapps\ROOT has finished in 0 ms
07 13, 2022 16:03:28 ÏÂÎç cn.how2j.diytomcat.catalina.Context deploy
INFO : Deploying web application directory e:/project/diytomcat/b
07 13, 2022 16:03:28 ÏÂÎç cn.how2j.diytomcat.catalina.Context deploy
INFO : Deployment of web application directory e:/project/diytomcat/b has finished in 1 ms
07 13, 2022 16:03:28 ÏÂÎç cn.how2j.diytomcat.catalina.Server logJVM
INFO : Server version(·şÎñÆ÷°æ±¾):		How2J DiyTomcat/1.0.1
07 13, 2022 16:03:28 ÏÂÎç cn.how2j.diytomcat.catalina.Server logJVM
INFO : Server built(·şÎñÆ÷½¨Ôì):		2022-07-08 09:12:00
07 13, 2022 16:03:28 ÏÂÎç cn.how2j.diytomcat.catalina.Server logJVM
INFO : Server number:		1.0.1
07 13, 2022 16:03:28 ÏÂÎç cn.how2j.diytomcat.catalina.Server logJVM
INFO : OS Name	:		Windows 10
07 13, 2022 16:03:28 ÏÂÎç cn.how2j.diytomcat.catalina.Server logJVM
INFO : OS Version:		10.0
07 13, 2022 16:03:28 ÏÂÎç cn.how2j.diytomcat.catalina.Server logJVM
INFO : Architecture(¼Ü¹¹):		x86
07 13, 2022 16:03:28 ÏÂÎç cn.how2j.diytomcat.catalina.Server logJVM
INFO : Java Home:		E:\JDK\jre
07 13, 2022 16:03:28 ÏÂÎç cn.how2j.diytomcat.catalina.Server logJVM
INFO : JVM Version:		1.8.0_65-b17
07 13, 2022 16:03:28 ÏÂÎç cn.how2j.diytomcat.catalina.Server logJVM
INFO : JVM Vendor(¹©Ó¦ÉÌ):		Oracle Corporation
07 13, 2022 16:03:28 ÏÂÎç cn.how2j.diytomcat.catalina.Connector init
INFO : Initializing ProtocolHandler [http-bio-18080]
07 13, 2022 16:03:28 ÏÂÎç cn.how2j.diytomcat.catalina.Connector init
INFO : Initializing ProtocolHandler [http-bio-18081]
07 13, 2022 16:03:28 ÏÂÎç cn.how2j.diytomcat.catalina.Connector init
INFO : Initializing ProtocolHandler [http-bio-18082]
07 13, 2022 16:03:28 ÏÂÎç cn.how2j.diytomcat.catalina.Service init
INFO : Initialization processed in 2 ms
07 13, 2022 16:03:28 ÏÂÎç cn.how2j.diytomcat.catalina.Connector start
INFO : Starting ProtocolHandler [http-bio-18080]
07 13, 2022 16:03:28 ÏÂÎç cn.how2j.diytomcat.catalina.Connector start
INFO : Starting ProtocolHandler [http-bio-18081]
07 13, 2022 16:03:28 ÏÂÎç cn.how2j.diytomcat.catalina.Connector start
INFO : Starting ProtocolHandler [http-bio-18082]
07 13, 2022 16:03:28 ÏÂÎç cn.how2j.diytomcat.catalina.Server start
INFO : Server startup in 13 ms
07 13, 2022 16:03:34 ÏÂÎç cn.how2j.diytomcat.catalina.HttpProcessor error
ERROR: this is a deliberately created exception
java.lang.RuntimeException: this is a deliberately created exception
	at cn.how2j.diytomcat.servlets.DefaultServlet.service(DefaultServlet.java:47)
	at cn.how2j.diytomcat.catalina.HttpProcessor.execute(HttpProcessor.java:42)
	at cn.how2j.diytomcat.catalina.Connector$1.run(Connector.java:53)
	at java.util.concurrent.ThreadPoolExecutor.runWorker(ThreadPoolExecutor.java:1142)
	at java.util.concurrent.ThreadPoolExecutor$Worker.run(ThreadPoolExecutor.java:617)
	at java.lang.Thread.run(Thread.java:745)
07 13, 2022 17:07:01 ÏÂÎç cn.how2j.diytomcat.catalina.Context deploy
INFO : Deploying web application directory E:\project\diytomcat\webapps\a
07 13, 2022 17:07:01 ÏÂÎç cn.how2j.diytomcat.catalina.Context deploy
INFO : Deployment of web application directory E:\project\diytomcat\webapps\a has finished in 81 ms
07 13, 2022 17:07:01 ÏÂÎç cn.how2j.diytomcat.catalina.Context deploy
INFO : Deploying web application directory E:\project\diytomcat\webapps\j2ee
07 13, 2022 17:07:01 ÏÂÎç cn.how2j.diytomcat.catalina.Context deploy
INFO : Deployment of web application directory E:\project\diytomcat\webapps\j2ee has finished in 4 ms
07 13, 2022 17:07:01 ÏÂÎç cn.how2j.diytomcat.catalina.Context deploy
INFO : Deploying web application directory E:\project\diytomcat\webapps\ROOT
07 13, 2022 17:07:01 ÏÂÎç cn.how2j.diytomcat.catalina.Context deploy
INFO : Deployment of web application directory E:\project\diytomcat\webapps\ROOT has finished in 1 ms
07 13, 2022 17:07:01 ÏÂÎç cn.how2j.diytomcat.catalina.Context deploy
INFO : Deploying web application directory e:/project/diytomcat/b
07 13, 2022 17:07:01 ÏÂÎç cn.how2j.diytomcat.catalina.Context deploy
INFO : Deployment of web application directory e:/project/diytomcat/b has finished in 1 ms
07 13, 2022 17:07:01 ÏÂÎç cn.how2j.diytomcat.catalina.Context deploy
INFO : Deploying web application directory e:/project/javaweb/web
07 13, 2022 17:07:01 ÏÂÎç cn.how2j.diytomcat.catalina.Context deploy
INFO : Deployment of web application directory e:/project/javaweb/web has finished in 2 ms
07 13, 2022 17:07:02 ÏÂÎç cn.how2j.diytomcat.catalina.Server logJVM
INFO : Server version(·şÎñÆ÷°æ±¾):		How2J DiyTomcat/1.0.1
07 13, 2022 17:07:02 ÏÂÎç cn.how2j.diytomcat.catalina.Server logJVM
INFO : Server built(·şÎñÆ÷½¨Ôì):		2022-07-08 09:12:00
07 13, 2022 17:07:02 ÏÂÎç cn.how2j.diytomcat.catalina.Server logJVM
INFO : Server number:		1.0.1
07 13, 2022 17:07:02 ÏÂÎç cn.how2j.diytomcat.catalina.Server logJVM
INFO : OS Name	:		Windows 10
07 13, 2022 17:07:02 ÏÂÎç cn.how2j.diytomcat.catalina.Server logJVM
INFO : OS Version:		10.0
07 13, 2022 17:07:02 ÏÂÎç cn.how2j.diytomcat.catalina.Server logJVM
INFO : Architecture(¼Ü¹¹):		x86
07 13, 2022 17:07:02 ÏÂÎç cn.how2j.diytomcat.catalina.Server logJVM
INFO : Java Home:		E:\JDK\jre
07 13, 2022 17:07:02 ÏÂÎç cn.how2j.diytomcat.catalina.Server logJVM
INFO : JVM Version:		1.8.0_65-b17
07 13, 2022 17:07:02 ÏÂÎç cn.how2j.diytomcat.catalina.Server logJVM
INFO : JVM Vendor(¹©Ó¦ÉÌ):		Oracle Corporation
07 13, 2022 17:07:02 ÏÂÎç cn.how2j.diytomcat.catalina.Connector init
INFO : Initializing ProtocolHandler [http-bio-18080]
07 13, 2022 17:07:02 ÏÂÎç cn.how2j.diytomcat.catalina.Connector init
INFO : Initializing ProtocolHandler [http-bio-18081]
07 13, 2022 17:07:02 ÏÂÎç cn.how2j.diytomcat.catalina.Connector init
INFO : Initializing ProtocolHandler [http-bio-18082]
07 13, 2022 17:07:02 ÏÂÎç cn.how2j.diytomcat.catalina.Service init
INFO : Initialization processed in 1 ms
07 13, 2022 17:07:02 ÏÂÎç cn.how2j.diytomcat.catalina.Connector start
INFO : Starting ProtocolHandler [http-bio-18080]
07 13, 2022 17:07:02 ÏÂÎç cn.how2j.diytomcat.catalina.Connector start
INFO : Starting ProtocolHandler [http-bio-18081]
07 13, 2022 17:07:02 ÏÂÎç cn.how2j.diytomcat.catalina.Connector start
INFO : Starting ProtocolHandler [http-bio-18082]
07 13, 2022 17:07:02 ÏÂÎç cn.how2j.diytomcat.catalina.Server start
INFO : Server startup in 10 ms
07 13, 2022 17:07:08 ÏÂÎç cn.how2j.diytomcat.catalina.HttpProcessor error
ERROR: this is a deliberately created exception
java.lang.RuntimeException: this is a deliberately created exception
	at cn.how2j.diytomcat.servlets.DefaultServlet.service(DefaultServlet.java:47)
	at cn.how2j.diytomcat.catalina.HttpProcessor.execute(HttpProcessor.java:42)
	at cn.how2j.diytomcat.catalina.Connector$1.run(Connector.java:53)
	at java.util.concurrent.ThreadPoolExecutor.runWorker(ThreadPoolExecutor.java:1142)
	at java.util.concurrent.ThreadPoolExecutor$Worker.run(ThreadPoolExecutor.java:617)
	at java.lang.Thread.run(Thread.java:745)
07 13, 2022 17:07:09 ÏÂÎç cn.how2j.diytomcat.catalina.HttpProcessor error
ERROR: Instance class [cn.how2j.javaweb.HelloServlet] error!
cn.hutool.core.exceptions.UtilException: Instance class [cn.how2j.javaweb.HelloServlet] error!
	at cn.hutool.core.util.ReflectUtil.newInstance(ReflectUtil.java:594)
	at cn.how2j.diytomcat.servlets.InvokerServlet.service(InvokerServlet.java:42)
	at cn.how2j.diytomcat.catalina.HttpProcessor.execute(HttpProcessor.java:40)
	at cn.how2j.diytomcat.catalina.Connector$1.run(Connector.java:53)
	at java.util.concurrent.ThreadPoolExecutor.runWorker(ThreadPoolExecutor.java:1142)
	at java.util.concurrent.ThreadPoolExecutor$Worker.run(ThreadPoolExecutor.java:617)
	at java.lang.Thread.run(Thread.java:745)
Caused by: java.lang.ClassNotFoundException: cn.how2j.javaweb.HelloServlet
	at java.net.URLClassLoader.findClass(URLClassLoader.java:381)
	at java.lang.ClassLoader.loadClass(ClassLoader.java:424)
	at java.lang.ClassLoader.loadClass(ClassLoader.java:357)
	at java.lang.Class.forName0(Native Method)
	at java.lang.Class.forName(Class.java:264)
	at cn.hutool.core.util.ReflectUtil.newInstance(ReflectUtil.java:592)
	... 6 more
07 13, 2022 17:07:50 ÏÂÎç cn.how2j.diytomcat.catalina.HttpProcessor error
ERROR: Instance class [cn.how2j.javaweb.HelloServlet] error!
cn.hutool.core.exceptions.UtilException: Instance class [cn.how2j.javaweb.HelloServlet] error!
	at cn.hutool.core.util.ReflectUtil.newInstance(ReflectUtil.java:594)
	at cn.how2j.diytomcat.servlets.InvokerServlet.service(InvokerServlet.java:42)
	at cn.how2j.diytomcat.catalina.HttpProcessor.execute(HttpProcessor.java:40)
	at cn.how2j.diytomcat.catalina.Connector$1.run(Connector.java:53)
	at java.util.concurrent.ThreadPoolExecutor.runWorker(ThreadPoolExecutor.java:1142)
	at java.util.concurrent.ThreadPoolExecutor$Worker.run(ThreadPoolExecutor.java:617)
	at java.lang.Thread.run(Thread.java:745)
Caused by: java.lang.ClassNotFoundException: cn.how2j.javaweb.HelloServlet
	at java.net.URLClassLoader.findClass(URLClassLoader.java:381)
	at java.lang.ClassLoader.loadClass(ClassLoader.java:424)
	at java.lang.ClassLoader.loadClass(ClassLoader.java:357)
	at java.lang.Class.forName0(Native Method)
	at java.lang.Class.forName(Class.java:264)
	at cn.hutool.core.util.ReflectUtil.newInstance(ReflectUtil.java:592)
	... 6 more
07 13, 2022 17:14:46 ÏÂÎç cn.how2j.diytomcat.catalina.Context deploy
INFO : Deploying web application directory E:\project\diytomcat\webapps\a
07 13, 2022 17:14:46 ÏÂÎç cn.how2j.diytomcat.catalina.Context deploy
INFO : Deployment of web application directory E:\project\diytomcat\webapps\a has finished in 68 ms
07 13, 2022 17:14:46 ÏÂÎç cn.how2j.diytomcat.catalina.Context deploy
INFO : Deploying web application directory E:\project\diytomcat\webapps\j2ee
07 13, 2022 17:14:46 ÏÂÎç cn.how2j.diytomcat.catalina.Context deploy
INFO : Deployment of web application directory E:\project\diytomcat\webapps\j2ee has finished in 4 ms
07 13, 2022 17:14:46 ÏÂÎç cn.how2j.diytomcat.catalina.Context deploy
INFO : Deploying web application directory E:\project\diytomcat\webapps\ROOT
07 13, 2022 17:14:46 ÏÂÎç cn.how2j.diytomcat.catalina.Context deploy
INFO : Deployment of web application directory E:\project\diytomcat\webapps\ROOT has finished in 0 ms
07 13, 2022 17:14:46 ÏÂÎç cn.how2j.diytomcat.catalina.Context deploy
INFO : Deploying web application directory e:/project/diytomcat/b
07 13, 2022 17:14:46 ÏÂÎç cn.how2j.diytomcat.catalina.Context deploy
INFO : Deployment of web application directory e:/project/diytomcat/b has finished in 1 ms
07 13, 2022 17:14:46 ÏÂÎç cn.how2j.diytomcat.catalina.Context deploy
INFO : Deploying web application directory e:/project/javaweb/web
07 13, 2022 17:14:46 ÏÂÎç cn.how2j.diytomcat.catalina.Context deploy
INFO : Deployment of web application directory e:/project/javaweb/web has finished in 2 ms
07 13, 2022 17:14:46 ÏÂÎç cn.how2j.diytomcat.catalina.Server logJVM
INFO : Server version(·şÎñÆ÷°æ±¾):		How2J DiyTomcat/1.0.1
07 13, 2022 17:14:46 ÏÂÎç cn.how2j.diytomcat.catalina.Server logJVM
INFO : Server built(·şÎñÆ÷½¨Ôì):		2022-07-08 09:12:00
07 13, 2022 17:14:46 ÏÂÎç cn.how2j.diytomcat.catalina.Server logJVM
INFO : Server number:		1.0.1
07 13, 2022 17:14:46 ÏÂÎç cn.how2j.diytomcat.catalina.Server logJVM
INFO : OS Name	:		Windows 10
07 13, 2022 17:14:46 ÏÂÎç cn.how2j.diytomcat.catalina.Server logJVM
INFO : OS Version:		10.0
07 13, 2022 17:14:46 ÏÂÎç cn.how2j.diytomcat.catalina.Server logJVM
INFO : Architecture(¼Ü¹¹):		x86
07 13, 2022 17:14:46 ÏÂÎç cn.how2j.diytomcat.catalina.Server logJVM
INFO : Java Home:		E:\JDK\jre
07 13, 2022 17:14:46 ÏÂÎç cn.how2j.diytomcat.catalina.Server logJVM
INFO : JVM Version:		1.8.0_65-b17
07 13, 2022 17:14:46 ÏÂÎç cn.how2j.diytomcat.catalina.Server logJVM
INFO : JVM Vendor(¹©Ó¦ÉÌ):		Oracle Corporation
07 13, 2022 17:14:46 ÏÂÎç cn.how2j.diytomcat.catalina.Connector init
INFO : Initializing ProtocolHandler [http-bio-18080]
07 13, 2022 17:14:46 ÏÂÎç cn.how2j.diytomcat.catalina.Connector init
INFO : Initializing ProtocolHandler [http-bio-18081]
07 13, 2022 17:14:46 ÏÂÎç cn.how2j.diytomcat.catalina.Connector init
INFO : Initializing ProtocolHandler [http-bio-18082]
07 13, 2022 17:14:46 ÏÂÎç cn.how2j.diytomcat.catalina.Service init
INFO : Initialization processed in 1 ms
07 13, 2022 17:14:46 ÏÂÎç cn.how2j.diytomcat.catalina.Connector start
INFO : Starting ProtocolHandler [http-bio-18080]
07 13, 2022 17:14:46 ÏÂÎç cn.how2j.diytomcat.catalina.Connector start
INFO : Starting ProtocolHandler [http-bio-18081]
07 13, 2022 17:14:46 ÏÂÎç cn.how2j.diytomcat.catalina.Connector start
INFO : Starting ProtocolHandler [http-bio-18082]
07 13, 2022 17:14:46 ÏÂÎç cn.how2j.diytomcat.catalina.Server start
INFO : Server startup in 9 ms
07 13, 2022 17:19:20 ä¸‹åˆ cn.how2j.diytomcat.catalina.Context deploy
INFO : Deploying web application directory E:\project\diytomcat\webapps\a
07 13, 2022 17:19:20 ä¸‹åˆ cn.how2j.diytomcat.catalina.Context deploy
INFO : Deployment of web application directory E:\project\diytomcat\webapps\a has finished in 122 ms
07 13, 2022 17:19:20 ä¸‹åˆ cn.how2j.diytomcat.catalina.Context deploy
INFO : Deploying web application directory E:\project\diytomcat\webapps\j2ee
07 13, 2022 17:19:20 ä¸‹åˆ cn.how2j.diytomcat.catalina.Context deploy
INFO : Deployment of web application directory E:\project\diytomcat\webapps\j2ee has finished in 2 ms
07 13, 2022 17:19:20 ä¸‹åˆ cn.how2j.diytomcat.catalina.Context deploy
INFO : Deploying web application directory E:\project\diytomcat\webapps\ROOT
07 13, 2022 17:19:20 ä¸‹åˆ cn.how2j.diytomcat.catalina.Context deploy
INFO : Deployment of web application directory E:\project\diytomcat\webapps\ROOT has finished in 0 ms
07 13, 2022 17:19:20 ä¸‹åˆ cn.how2j.diytomcat.catalina.Context deploy
INFO : Deploying web application directory e:/project/diytomcat/b
07 13, 2022 17:19:20 ä¸‹åˆ cn.how2j.diytomcat.catalina.Context deploy
INFO : Deployment of web application directory e:/project/diytomcat/b has finished in 1 ms
07 13, 2022 17:19:20 ä¸‹åˆ cn.how2j.diytomcat.catalina.Context deploy
INFO : Deploying web application directory e:/project/javaweb/web
07 13, 2022 17:19:20 ä¸‹åˆ cn.how2j.diytomcat.catalina.Context deploy
INFO : Deployment of web application directory e:/project/javaweb/web has finished in 4 ms
07 13, 2022 17:19:20 ä¸‹åˆ cn.how2j.diytomcat.catalina.Server logJVM
INFO : Server version(æœåŠ¡å™¨ç‰ˆæœ¬):		How2J DiyTomcat/1.0.1
07 13, 2022 17:19:20 ä¸‹åˆ cn.how2j.diytomcat.catalina.Server logJVM
INFO : Server built(æœåŠ¡å™¨å»ºé€ ):		2022-07-08 09:12:00
07 13, 2022 17:19:20 ä¸‹åˆ cn.how2j.diytomcat.catalina.Server logJVM
INFO : Server number:		1.0.1
07 13, 2022 17:19:20 ä¸‹åˆ cn.how2j.diytomcat.catalina.Server logJVM
INFO : OS Name	:		Windows 10
07 13, 2022 17:19:20 ä¸‹åˆ cn.how2j.diytomcat.catalina.Server logJVM
INFO : OS Version:		10.0
07 13, 2022 17:19:20 ä¸‹åˆ cn.how2j.diytomcat.catalina.Server logJVM
INFO : Architecture(æ¶æ„):		x86
07 13, 2022 17:19:20 ä¸‹åˆ cn.how2j.diytomcat.catalina.Server logJVM
INFO : Java Home:		E:\JDK\jre
07 13, 2022 17:19:20 ä¸‹åˆ cn.how2j.diytomcat.catalina.Server logJVM
INFO : JVM Version:		1.8.0_65-b17
07 13, 2022 17:19:20 ä¸‹åˆ cn.how2j.diytomcat.catalina.Server logJVM
INFO : JVM Vendor(ä¾›åº”å•†):		Oracle Corporation
07 13, 2022 17:19:20 ä¸‹åˆ cn.how2j.diytomcat.catalina.Connector init
INFO : Initializing ProtocolHandler [http-bio-18080]
07 13, 2022 17:19:20 ä¸‹åˆ cn.how2j.diytomcat.catalina.Connector init
INFO : Initializing ProtocolHandler [http-bio-18081]
07 13, 2022 17:19:20 ä¸‹åˆ cn.how2j.diytomcat.catalina.Connector init
INFO : Initializing ProtocolHandler [http-bio-18082]
07 13, 2022 17:19:20 ä¸‹åˆ cn.how2j.diytomcat.catalina.Service init
INFO : Initialization processed in 1 ms
07 13, 2022 17:19:20 ä¸‹åˆ cn.how2j.diytomcat.catalina.Connector start
INFO : Starting ProtocolHandler [http-bio-18080]
07 13, 2022 17:19:20 ä¸‹åˆ cn.how2j.diytomcat.catalina.Connector start
INFO : Starting ProtocolHandler [http-bio-18081]
07 13, 2022 17:19:20 ä¸‹åˆ cn.how2j.diytomcat.catalina.Connector start
INFO : Starting ProtocolHandler [http-bio-18082]
07 13, 2022 17:19:20 ä¸‹åˆ cn.how2j.diytomcat.catalina.Server start
INFO : Server startup in 5 ms
07 13, 2022 17:19:23 ä¸‹åˆ cn.how2j.diytomcat.catalina.HttpProcessor error
ERROR: this is a deliberately created exception
java.lang.RuntimeException: this is a deliberately created exception
	at cn.how2j.diytomcat.servlets.DefaultServlet.service(DefaultServlet.java:47)
	at cn.how2j.diytomcat.catalina.HttpProcessor.execute(HttpProcessor.java:42)
	at cn.how2j.diytomcat.catalina.Connector$1.run(Connector.java:53)
	at java.util.concurrent.ThreadPoolExecutor.runWorker(ThreadPoolExecutor.java:1142)
	at java.util.concurrent.ThreadPoolExecutor$Worker.run(ThreadPoolExecutor.java:617)
	at java.lang.Thread.run(Thread.java:745)
07 13, 2022 17:19:29 ä¸‹åˆ cn.how2j.diytomcat.catalina.HttpProcessor error
ERROR: this is a deliberately created exception
java.lang.RuntimeException: this is a deliberately created exception
	at cn.how2j.diytomcat.servlets.DefaultServlet.service(DefaultServlet.java:47)
	at cn.how2j.diytomcat.catalina.HttpProcessor.execute(HttpProcessor.java:42)
	at cn.how2j.diytomcat.catalina.Connector$1.run(Connector.java:53)
	at java.util.concurrent.ThreadPoolExecutor.runWorker(ThreadPoolExecutor.java:1142)
	at java.util.concurrent.ThreadPoolExecutor$Worker.run(ThreadPoolExecutor.java:617)
	at java.lang.Thread.run(Thread.java:745)
07 13, 2022 17:50:14 ä¸‹åˆ cn.how2j.diytomcat.catalina.Context deploy
INFO : Deploying web application directory E:\project\diytomcat\webapps\a
07 13, 2022 17:50:14 ä¸‹åˆ cn.how2j.diytomcat.catalina.Context deploy
INFO : Deployment of web application directory E:\project\diytomcat\webapps\a has finished in 222 ms
07 13, 2022 17:50:14 ä¸‹åˆ cn.how2j.diytomcat.catalina.Context deploy
INFO : Deploying web application directory E:\project\diytomcat\webapps\j2ee
07 13, 2022 17:50:14 ä¸‹åˆ cn.how2j.diytomcat.catalina.Context deploy
INFO : Deployment of web application directory E:\project\diytomcat\webapps\j2ee has finished in 0 ms
07 13, 2022 17:50:14 ä¸‹åˆ cn.how2j.diytomcat.catalina.Context deploy
INFO : Deploying web application directory E:\project\diytomcat\webapps\ROOT
07 13, 2022 17:50:14 ä¸‹åˆ cn.how2j.diytomcat.catalina.Context deploy
INFO : Deployment of web application directory E:\project\diytomcat\webapps\ROOT has finished in 0 ms
07 13, 2022 17:50:14 ä¸‹åˆ cn.how2j.diytomcat.catalina.Context deploy
INFO : Deploying web application directory e:/project/diytomcat/b
07 13, 2022 17:50:14 ä¸‹åˆ cn.how2j.diytomcat.catalina.Context deploy
INFO : Deployment of web application directory e:/project/diytomcat/b has finished in 8 ms
07 13, 2022 17:50:14 ä¸‹åˆ cn.how2j.diytomcat.catalina.Context deploy
INFO : Deploying web application directory e:/project/javaweb/web
07 13, 2022 17:50:14 ä¸‹åˆ cn.how2j.diytomcat.catalina.Context deploy
INFO : Deployment of web application directory e:/project/javaweb/web has finished in 2 ms
07 13, 2022 17:50:14 ä¸‹åˆ cn.how2j.diytomcat.catalina.Server logJVM
INFO : Server version(æœåŠ¡å™¨ç‰ˆæœ¬):		How2J DiyTomcat/1.0.1
07 13, 2022 17:50:14 ä¸‹åˆ cn.how2j.diytomcat.catalina.Server logJVM
INFO : Server built(æœåŠ¡å™¨å»ºé€ ):		2022-07-08 09:12:00
07 13, 2022 17:50:14 ä¸‹åˆ cn.how2j.diytomcat.catalina.Server logJVM
INFO : Server number:		1.0.1
07 13, 2022 17:50:14 ä¸‹åˆ cn.how2j.diytomcat.catalina.Server logJVM
INFO : OS Name	:		Windows 10
07 13, 2022 17:50:14 ä¸‹åˆ cn.how2j.diytomcat.catalina.Server logJVM
INFO : OS Version:		10.0
07 13, 2022 17:50:14 ä¸‹åˆ cn.how2j.diytomcat.catalina.Server logJVM
INFO : Architecture(æ¶æ„):		x86
07 13, 2022 17:50:14 ä¸‹åˆ cn.how2j.diytomcat.catalina.Server logJVM
INFO : Java Home:		E:\JDK\jre
07 13, 2022 17:50:14 ä¸‹åˆ cn.how2j.diytomcat.catalina.Server logJVM
INFO : JVM Version:		1.8.0_65-b17
07 13, 2022 17:50:14 ä¸‹åˆ cn.how2j.diytomcat.catalina.Server logJVM
INFO : JVM Vendor(ä¾›åº”å•†):		Oracle Corporation
07 13, 2022 17:50:14 ä¸‹åˆ cn.how2j.diytomcat.catalina.Connector init
INFO : Initializing ProtocolHandler [http-bio-18080]
07 13, 2022 17:50:14 ä¸‹åˆ cn.how2j.diytomcat.catalina.Connector init
INFO : Initializing ProtocolHandler [http-bio-18081]
07 13, 2022 17:50:14 ä¸‹åˆ cn.how2j.diytomcat.catalina.Connector init
INFO : Initializing ProtocolHandler [http-bio-18082]
07 13, 2022 17:50:14 ä¸‹åˆ cn.how2j.diytomcat.catalina.Service init
INFO : Initialization processed in 11 ms
07 13, 2022 17:50:14 ä¸‹åˆ cn.how2j.diytomcat.catalina.Connector start
INFO : Starting ProtocolHandler [http-bio-18080]
07 13, 2022 17:50:14 ä¸‹åˆ cn.how2j.diytomcat.catalina.Connector start
INFO : Starting ProtocolHandler [http-bio-18081]
07 13, 2022 17:50:14 ä¸‹åˆ cn.how2j.diytomcat.catalina.Connector start
INFO : Starting ProtocolHandler [http-bio-18082]
07 13, 2022 17:50:14 ä¸‹åˆ cn.how2j.diytomcat.catalina.Server start
INFO : Server startup in 11 ms
07 13, 2022 17:50:17 ä¸‹åˆ cn.how2j.diytomcat.catalina.HttpProcessor error
ERROR: this is a deliberately created exception
java.lang.RuntimeException: this is a deliberately created exception
	at cn.how2j.diytomcat.servlets.DefaultServlet.service(DefaultServlet.java:47)
	at cn.how2j.diytomcat.catalina.HttpProcessor.execute(HttpProcessor.java:42)
	at cn.how2j.diytomcat.catalina.Connector$1.run(Connector.java:53)
	at java.util.concurrent.ThreadPoolExecutor.runWorker(ThreadPoolExecutor.java:1142)
	at java.util.concurrent.ThreadPoolExecutor$Worker.run(ThreadPoolExecutor.java:617)
	at java.lang.Thread.run(Thread.java:745)
07 13, 2022 17:51:21 ä¸‹åˆ cn.how2j.diytomcat.catalina.Context deploy
INFO : Deploying web application directory E:\project\diytomcat\webapps\a
07 13, 2022 17:51:21 ä¸‹åˆ cn.how2j.diytomcat.catalina.Context deploy
INFO : Deployment of web application directory E:\project\diytomcat\webapps\a has finished in 79 ms
07 13, 2022 17:51:21 ä¸‹åˆ cn.how2j.diytomcat.catalina.Context deploy
INFO : Deploying web application directory E:\project\diytomcat\webapps\j2ee
07 13, 2022 17:51:21 ä¸‹åˆ cn.how2j.diytomcat.catalina.Context deploy
INFO : Deployment of web application directory E:\project\diytomcat\webapps\j2ee has finished in 2 ms
07 13, 2022 17:51:21 ä¸‹åˆ cn.how2j.diytomcat.catalina.Context deploy
INFO : Deploying web application directory E:\project\diytomcat\webapps\ROOT
07 13, 2022 17:51:21 ä¸‹åˆ cn.how2j.diytomcat.catalina.Context deploy
INFO : Deployment of web application directory E:\project\diytomcat\webapps\ROOT has finished in 0 ms
07 13, 2022 17:51:21 ä¸‹åˆ cn.how2j.diytomcat.catalina.Context deploy
INFO : Deploying web application directory e:/project/diytomcat/b
07 13, 2022 17:51:21 ä¸‹åˆ cn.how2j.diytomcat.catalina.Context deploy
INFO : Deployment of web application directory e:/project/diytomcat/b has finished in 0 ms
07 13, 2022 17:51:21 ä¸‹åˆ cn.how2j.diytomcat.catalina.Context deploy
INFO : Deploying web application directory e:/project/javaweb/web
07 13, 2022 17:51:21 ä¸‹åˆ cn.how2j.diytomcat.catalina.Context deploy
INFO : Deployment of web application directory e:/project/javaweb/web has finished in 4 ms
07 13, 2022 17:51:21 ä¸‹åˆ cn.how2j.diytomcat.catalina.Server logJVM
INFO : Server version(æœåŠ¡å™¨ç‰ˆæœ¬):		How2J DiyTomcat/1.0.1
07 13, 2022 17:51:21 ä¸‹åˆ cn.how2j.diytomcat.catalina.Server logJVM
INFO : Server built(æœåŠ¡å™¨å»ºé€ ):		2022-07-08 09:12:00
07 13, 2022 17:51:21 ä¸‹åˆ cn.how2j.diytomcat.catalina.Server logJVM
INFO : Server number:		1.0.1
07 13, 2022 17:51:21 ä¸‹åˆ cn.how2j.diytomcat.catalina.Server logJVM
INFO : OS Name	:		Windows 10
07 13, 2022 17:51:21 ä¸‹åˆ cn.how2j.diytomcat.catalina.Server logJVM
INFO : OS Version:		10.0
07 13, 2022 17:51:21 ä¸‹åˆ cn.how2j.diytomcat.catalina.Server logJVM
INFO : Architecture(æ¶æ„):		x86
07 13, 2022 17:51:21 ä¸‹åˆ cn.how2j.diytomcat.catalina.Server logJVM
INFO : Java Home:		E:\JDK\jre
07 13, 2022 17:51:21 ä¸‹åˆ cn.how2j.diytomcat.catalina.Server logJVM
INFO : JVM Version:		1.8.0_65-b17
07 13, 2022 17:51:21 ä¸‹åˆ cn.how2j.diytomcat.catalina.Server logJVM
INFO : JVM Vendor(ä¾›åº”å•†):		Oracle Corporation
07 13, 2022 17:51:21 ä¸‹åˆ cn.how2j.diytomcat.catalina.Connector init
INFO : Initializing ProtocolHandler [http-bio-18080]
07 13, 2022 17:51:21 ä¸‹åˆ cn.how2j.diytomcat.catalina.Connector init
INFO : Initializing ProtocolHandler [http-bio-18081]
07 13, 2022 17:51:21 ä¸‹åˆ cn.how2j.diytomcat.catalina.Connector init
INFO : Initializing ProtocolHandler [http-bio-18082]
07 13, 2022 17:51:21 ä¸‹åˆ cn.how2j.diytomcat.catalina.Service init
INFO : Initialization processed in 1 ms
07 13, 2022 17:51:21 ä¸‹åˆ cn.how2j.diytomcat.catalina.Connector start
INFO : Starting ProtocolHandler [http-bio-18080]
07 13, 2022 17:51:21 ä¸‹åˆ cn.how2j.diytomcat.catalina.Connector start
INFO : Starting ProtocolHandler [http-bio-18081]
07 13, 2022 17:51:21 ä¸‹åˆ cn.how2j.diytomcat.catalina.Connector start
INFO : Starting ProtocolHandler [http-bio-18082]
07 13, 2022 17:51:21 ä¸‹åˆ cn.how2j.diytomcat.catalina.Server start
INFO : Server startup in 4 ms
07 13, 2022 17:51:26 ä¸‹åˆ cn.how2j.diytomcat.catalina.HttpProcessor error
ERROR: this is a deliberately created exception
java.lang.RuntimeException: this is a deliberately created exception
	at cn.how2j.diytomcat.servlets.DefaultServlet.service(DefaultServlet.java:47)
	at cn.how2j.diytomcat.catalina.HttpProcessor.execute(HttpProcessor.java:42)
	at cn.how2j.diytomcat.catalina.Connector$1.run(Connector.java:53)
	at java.util.concurrent.ThreadPoolExecutor.runWorker(ThreadPoolExecutor.java:1142)
	at java.util.concurrent.ThreadPoolExecutor$Worker.run(ThreadPoolExecutor.java:617)
	at java.lang.Thread.run(Thread.java:745)
07 13, 2022 17:52:34 ä¸‹åˆ cn.how2j.diytomcat.catalina.Context deploy
INFO : Deploying web application directory E:\project\diytomcat\webapps\a
07 13, 2022 17:52:34 ä¸‹åˆ cn.how2j.diytomcat.catalina.Context deploy
INFO : Deployment of web application directory E:\project\diytomcat\webapps\a has finished in 78 ms
07 13, 2022 17:52:34 ä¸‹åˆ cn.how2j.diytomcat.catalina.Context deploy
INFO : Deploying web application directory E:\project\diytomcat\webapps\j2ee
07 13, 2022 17:52:34 ä¸‹åˆ cn.how2j.diytomcat.catalina.Context deploy
INFO : Deployment of web application directory E:\project\diytomcat\webapps\j2ee has finished in 0 ms
07 13, 2022 17:52:34 ä¸‹åˆ cn.how2j.diytomcat.catalina.Context deploy
INFO : Deploying web application directory E:\project\diytomcat\webapps\ROOT
07 13, 2022 17:52:34 ä¸‹åˆ cn.how2j.diytomcat.catalina.Context deploy
INFO : Deployment of web application directory E:\project\diytomcat\webapps\ROOT has finished in 0 ms
07 13, 2022 17:52:34 ä¸‹åˆ cn.how2j.diytomcat.catalina.Context deploy
INFO : Deploying web application directory e:/project/diytomcat/b
07 13, 2022 17:52:34 ä¸‹åˆ cn.how2j.diytomcat.catalina.Context deploy
INFO : Deployment of web application directory e:/project/diytomcat/b has finished in 0 ms
07 13, 2022 17:52:34 ä¸‹åˆ cn.how2j.diytomcat.catalina.Context deploy
INFO : Deploying web application directory e:/project/javaweb/web
07 13, 2022 17:52:34 ä¸‹åˆ cn.how2j.diytomcat.catalina.Context deploy
INFO : Deployment of web application directory e:/project/javaweb/web has finished in 15 ms
07 13, 2022 17:52:34 ä¸‹åˆ cn.how2j.diytomcat.catalina.Server logJVM
INFO : Server version(æœåŠ¡å™¨ç‰ˆæœ¬):		How2J DiyTomcat/1.0.1
07 13, 2022 17:52:34 ä¸‹åˆ cn.how2j.diytomcat.catalina.Server logJVM
INFO : Server built(æœåŠ¡å™¨å»ºé€ ):		2022-07-08 09:12:00
07 13, 2022 17:52:34 ä¸‹åˆ cn.how2j.diytomcat.catalina.Server logJVM
INFO : Server number:		1.0.1
07 13, 2022 17:52:34 ä¸‹åˆ cn.how2j.diytomcat.catalina.Server logJVM
INFO : OS Name	:		Windows 10
07 13, 2022 17:52:34 ä¸‹åˆ cn.how2j.diytomcat.catalina.Server logJVM
INFO : OS Version:		10.0
07 13, 2022 17:52:34 ä¸‹åˆ cn.how2j.diytomcat.catalina.Server logJVM
INFO : Architecture(æ¶æ„):		x86
07 13, 2022 17:52:34 ä¸‹åˆ cn.how2j.diytomcat.catalina.Server logJVM
INFO : Java Home:		E:\JDK\jre
07 13, 2022 17:52:34 ä¸‹åˆ cn.how2j.diytomcat.catalina.Server logJVM
INFO : JVM Version:		1.8.0_65-b17
07 13, 2022 17:52:34 ä¸‹åˆ cn.how2j.diytomcat.catalina.Server logJVM
INFO : JVM Vendor(ä¾›åº”å•†):		Oracle Corporation
07 13, 2022 17:52:34 ä¸‹åˆ cn.how2j.diytomcat.catalina.Connector init
INFO : Initializing ProtocolHandler [http-bio-18080]
07 13, 2022 17:52:34 ä¸‹åˆ cn.how2j.diytomcat.catalina.Connector init
INFO : Initializing ProtocolHandler [http-bio-18081]
07 13, 2022 17:52:34 ä¸‹åˆ cn.how2j.diytomcat.catalina.Connector init
INFO : Initializing ProtocolHandler [http-bio-18082]
07 13, 2022 17:52:34 ä¸‹åˆ cn.how2j.diytomcat.catalina.Service init
INFO : Initialization processed in 0 ms
07 13, 2022 17:52:34 ä¸‹åˆ cn.how2j.diytomcat.catalina.Connector start
INFO : Starting ProtocolHandler [http-bio-18080]
07 13, 2022 17:52:34 ä¸‹åˆ cn.how2j.diytomcat.catalina.Connector start
INFO : Starting ProtocolHandler [http-bio-18081]
07 13, 2022 17:52:34 ä¸‹åˆ cn.how2j.diytomcat.catalina.Connector start
INFO : Starting ProtocolHandler [http-bio-18082]
07 13, 2022 17:52:34 ä¸‹åˆ cn.how2j.diytomcat.catalina.Server start
INFO : Server startup in 0 ms
07 13, 2022 17:52:36 ä¸‹åˆ cn.how2j.diytomcat.catalina.HttpProcessor error
ERROR: this is a deliberately created exception
java.lang.RuntimeException: this is a deliberately created exception
	at cn.how2j.diytomcat.servlets.DefaultServlet.service(DefaultServlet.java:47)
	at cn.how2j.diytomcat.catalina.HttpProcessor.execute(HttpProcessor.java:42)
	at cn.how2j.diytomcat.catalina.Connector$1.run(Connector.java:53)
	at java.util.concurrent.ThreadPoolExecutor.runWorker(ThreadPoolExecutor.java:1142)
	at java.util.concurrent.ThreadPoolExecutor$Worker.run(ThreadPoolExecutor.java:617)
	at java.lang.Thread.run(Thread.java:745)
07 13, 2022 18:59:53 ä¸‹åˆ cn.how2j.diytomcat.catalina.Context deploy
INFO : Deploying web application directory E:\project\diytomcat\webapps\a
07 13, 2022 18:59:53 ä¸‹åˆ cn.how2j.diytomcat.catalina.Context deploy
INFO : Deployment of web application directory E:\project\diytomcat\webapps\a has finished in 104 ms
07 13, 2022 18:59:53 ä¸‹åˆ cn.how2j.diytomcat.catalina.Context deploy
INFO : Deploying web application directory E:\project\diytomcat\webapps\j2ee
07 13, 2022 18:59:53 ä¸‹åˆ cn.how2j.diytomcat.catalina.Context deploy
INFO : Deployment of web application directory E:\project\diytomcat\webapps\j2ee has finished in 5 ms
07 13, 2022 18:59:53 ä¸‹åˆ cn.how2j.diytomcat.catalina.Context deploy
INFO : Deploying web application directory E:\project\diytomcat\webapps\ROOT
07 13, 2022 18:59:53 ä¸‹åˆ cn.how2j.diytomcat.catalina.Context deploy
INFO : Deployment of web application directory E:\project\diytomcat\webapps\ROOT has finished in 1 ms
07 13, 2022 18:59:53 ä¸‹åˆ cn.how2j.diytomcat.catalina.Context deploy
INFO : Deploying web application directory e:/project/diytomcat/b
07 13, 2022 18:59:53 ä¸‹åˆ cn.how2j.diytomcat.catalina.Context deploy
INFO : Deployment of web application directory e:/project/diytomcat/b has finished in 0 ms
07 13, 2022 18:59:53 ä¸‹åˆ cn.how2j.diytomcat.catalina.Context deploy
INFO : Deploying web application directory e:/project/javaweb/web
07 13, 2022 18:59:53 ä¸‹åˆ cn.how2j.diytomcat.catalina.Context deploy
INFO : Deployment of web application directory e:/project/javaweb/web has finished in 2 ms
07 13, 2022 18:59:53 ä¸‹åˆ cn.how2j.diytomcat.catalina.Server logJVM
INFO : Server version(æœåŠ¡å™¨ç‰ˆæœ¬):		How2J DiyTomcat/1.0.1
07 13, 2022 18:59:53 ä¸‹åˆ cn.how2j.diytomcat.catalina.Server logJVM
INFO : Server built(æœåŠ¡å™¨å»ºé€ ):		2022-07-08 09:12:00
07 13, 2022 18:59:53 ä¸‹åˆ cn.how2j.diytomcat.catalina.Server logJVM
INFO : Server number:		1.0.1
07 13, 2022 18:59:53 ä¸‹åˆ cn.how2j.diytomcat.catalina.Server logJVM
INFO : OS Name	:		Windows 10
07 13, 2022 18:59:53 ä¸‹åˆ cn.how2j.diytomcat.catalina.Server logJVM
INFO : OS Version:		10.0
07 13, 2022 18:59:53 ä¸‹åˆ cn.how2j.diytomcat.catalina.Server logJVM
INFO : Architecture(æ¶æ„):		x86
07 13, 2022 18:59:53 ä¸‹åˆ cn.how2j.diytomcat.catalina.Server logJVM
INFO : Java Home:		E:\JDK\jre
07 13, 2022 18:59:53 ä¸‹åˆ cn.how2j.diytomcat.catalina.Server logJVM
INFO : JVM Version:		1.8.0_65-b17
07 13, 2022 18:59:53 ä¸‹åˆ cn.how2j.diytomcat.catalina.Server logJVM
INFO : JVM Vendor(ä¾›åº”å•†):		Oracle Corporation
07 13, 2022 18:59:53 ä¸‹åˆ cn.how2j.diytomcat.catalina.Connector init
INFO : Initializing ProtocolHandler [http-bio-18080]
07 13, 2022 18:59:53 ä¸‹åˆ cn.how2j.diytomcat.catalina.Connector init
INFO : Initializing ProtocolHandler [http-bio-18081]
07 13, 2022 18:59:53 ä¸‹åˆ cn.how2j.diytomcat.catalina.Connector init
INFO : Initializing ProtocolHandler [http-bio-18082]
07 13, 2022 18:59:53 ä¸‹åˆ cn.how2j.diytomcat.catalina.Service init
INFO : Initialization processed in 0 ms
07 13, 2022 18:59:53 ä¸‹åˆ cn.how2j.diytomcat.catalina.Connector start
INFO : Starting ProtocolHandler [http-bio-18080]
07 13, 2022 18:59:53 ä¸‹åˆ cn.how2j.diytomcat.catalina.Connector start
INFO : Starting ProtocolHandler [http-bio-18081]
07 13, 2022 18:59:53 ä¸‹åˆ cn.how2j.diytomcat.catalina.Connector start
INFO : Starting ProtocolHandler [http-bio-18082]
07 13, 2022 18:59:53 ä¸‹åˆ cn.how2j.diytomcat.catalina.Server start
INFO : Server startup in 8 ms
07 13, 2022 19:00:52 ä¸‹åˆ cn.how2j.diytomcat.watcher.ContextFileChangeWatcher$1 dealWith
INFO : cn.how2j.diytomcat.watcher.ContextFileChangeWatcher@151c6acæ£€æµ‹åˆ°äº†Webåº”ç”¨ä¸‹çš„é‡è¦æ–‡ä»¶å˜åŒ– {}HelloServlet.class
07 13, 2022 19:00:52 ä¸‹åˆ cn.how2j.diytomcat.catalina.Host reload
INFO : Reloading Context with name [/javaweb] has started
07 13, 2022 19:00:52 ä¸‹åˆ cn.how2j.diytomcat.catalina.Context deploy
INFO : Deploying web application directory e:/project/javaweb/web
07 13, 2022 19:00:52 ä¸‹åˆ cn.how2j.diytomcat.catalina.Context deploy
INFO : Deployment of web application directory e:/project/javaweb/web has finished in 2 ms
07 13, 2022 19:00:52 ä¸‹åˆ cn.how2j.diytomcat.catalina.Host reload
INFO : Reloading Context with name [/javaweb] has completed
