07 12, 2022 08:29:13 上午 cn.how2j.diytomcat.catalina.Context <init>
INFO : Deploying web application directory E:\project\diytomcat\webapps\a
07 12, 2022 08:29:13 上午 cn.how2j.diytomcat.catalina.Context <init>
INFO : Deployment of web application directory E:\project\diytomcat\webapps\a has finished in 174 ms
07 12, 2022 08:29:13 上午 cn.how2j.diytomcat.catalina.Context <init>
INFO : Deploying web application directory E:\project\diytomcat\webapps\ROOT
07 12, 2022 08:29:13 上午 cn.how2j.diytomcat.catalina.Context <init>
INFO : Deployment of web application directory E:\project\diytomcat\webapps\ROOT has finished in 1 ms
07 12, 2022 08:29:13 上午 cn.how2j.diytomcat.catalina.Context <init>
INFO : Deploying web application directory e:/project/diytomcat/b
07 12, 2022 08:29:13 上午 cn.how2j.diytomcat.catalina.Context <init>
INFO : Deployment of web application directory e:/project/diytomcat/b has finished in 1 ms
07 12, 2022 08:29:13 上午 cn.how2j.diytomcat.catalina.Server logJVM
INFO : Server version(服务器版本):		How2J DiyTomcat/1.0.1
07 12, 2022 08:29:13 上午 cn.how2j.diytomcat.catalina.Server logJVM
INFO : Server built(服务器建造):		2022-07-08 09:12:00
07 12, 2022 08:29:13 上午 cn.how2j.diytomcat.catalina.Server logJVM
INFO : Server number:		1.0.1
07 12, 2022 08:29:13 上午 cn.how2j.diytomcat.catalina.Server logJVM
INFO : OS Name	:		Windows 10
07 12, 2022 08:29:13 上午 cn.how2j.diytomcat.catalina.Server logJVM
INFO : OS Version:		10.0
07 12, 2022 08:29:13 上午 cn.how2j.diytomcat.catalina.Server logJVM
INFO : Architecture(架构):		x86
07 12, 2022 08:29:13 上午 cn.how2j.diytomcat.catalina.Server logJVM
INFO : Java Home:		E:\JDK\jre
07 12, 2022 08:29:13 上午 cn.how2j.diytomcat.catalina.Server logJVM
INFO : JVM Version:		1.8.0_65-b17
07 12, 2022 08:29:13 上午 cn.how2j.diytomcat.catalina.Server logJVM
INFO : JVM Vendor(供应商):		Oracle Corporation
07 12, 2022 08:29:21 上午 cn.how2j.diytomcat.catalina.Server$1 error
ERROR: this is a deliberately created exception
java.lang.Exception: this is a deliberately created exception
	at cn.how2j.diytomcat.catalina.Server$1.run(Server.java:73)
	at java.util.concurrent.ThreadPoolExecutor.runWorker(ThreadPoolExecutor.java:1142)
	at java.util.concurrent.ThreadPoolExecutor$Worker.run(ThreadPoolExecutor.java:617)
	at java.lang.Thread.run(Thread.java:745)
07 12, 2022 09:08:56 上午 cn.how2j.diytomcat.catalina.Context <init>
INFO : Deploying web application directory E:\project\diytomcat\webapps\a
07 12, 2022 09:08:56 上午 cn.how2j.diytomcat.catalina.Context <init>
INFO : Deployment of web application directory E:\project\diytomcat\webapps\a has finished in 80 ms
07 12, 2022 09:08:56 上午 cn.how2j.diytomcat.catalina.Context <init>
INFO : Deploying web application directory E:\project\diytomcat\webapps\ROOT
07 12, 2022 09:08:56 上午 cn.how2j.diytomcat.catalina.Context <init>
INFO : Deployment of web application directory E:\project\diytomcat\webapps\ROOT has finished in 0 ms
07 12, 2022 09:08:56 上午 cn.how2j.diytomcat.catalina.Context <init>
INFO : Deploying web application directory e:/project/diytomcat/b
07 12, 2022 09:08:56 上午 cn.how2j.diytomcat.catalina.Context <init>
INFO : Deployment of web application directory e:/project/diytomcat/b has finished in 0 ms
07 12, 2022 09:08:56 上午 cn.how2j.diytomcat.catalina.Server logJVM
INFO : Server version(服务器版本):		How2J DiyTomcat/1.0.1
07 12, 2022 09:08:56 上午 cn.how2j.diytomcat.catalina.Server logJVM
INFO : Server built(服务器建造):		2022-07-08 09:12:00
07 12, 2022 09:08:56 上午 cn.how2j.diytomcat.catalina.Server logJVM
INFO : Server number:		1.0.1
07 12, 2022 09:08:56 上午 cn.how2j.diytomcat.catalina.Server logJVM
INFO : OS Name	:		Windows 10
07 12, 2022 09:08:56 上午 cn.how2j.diytomcat.catalina.Server logJVM
INFO : OS Version:		10.0
07 12, 2022 09:08:56 上午 cn.how2j.diytomcat.catalina.Server logJVM
INFO : Architecture(架构):		x86
07 12, 2022 09:08:56 上午 cn.how2j.diytomcat.catalina.Server logJVM
INFO : Java Home:		E:\JDK\jre
07 12, 2022 09:08:56 上午 cn.how2j.diytomcat.catalina.Server logJVM
INFO : JVM Version:		1.8.0_65-b17
07 12, 2022 09:08:56 上午 cn.how2j.diytomcat.catalina.Server logJVM
INFO : JVM Vendor(供应商):		Oracle Corporation
07 12, 2022 09:08:56 上午 cn.how2j.diytomcat.catalina.Service init
INFO : Initialization processed in 0 ms
07 12, 2022 09:08:56 上午 cn.how2j.diytomcat.catalina.Server start
INFO : Server startup in 9 ms
07 12, 2022 09:13:53 上午 cn.how2j.diytomcat.catalina.Context <init>
INFO : Deploying web application directory E:\project\diytomcat\webapps\a
07 12, 2022 09:13:53 上午 cn.how2j.diytomcat.catalina.Context <init>
INFO : Deployment of web application directory E:\project\diytomcat\webapps\a has finished in 98 ms
07 12, 2022 09:13:53 上午 cn.how2j.diytomcat.catalina.Context <init>
INFO : Deploying web application directory E:\project\diytomcat\webapps\ROOT
07 12, 2022 09:13:53 上午 cn.how2j.diytomcat.catalina.Context <init>
INFO : Deployment of web application directory E:\project\diytomcat\webapps\ROOT has finished in 0 ms
07 12, 2022 09:13:53 上午 cn.how2j.diytomcat.catalina.Context <init>
INFO : Deploying web application directory e:/project/diytomcat/b
07 12, 2022 09:13:53 上午 cn.how2j.diytomcat.catalina.Context <init>
INFO : Deployment of web application directory e:/project/diytomcat/b has finished in 0 ms
07 12, 2022 09:13:53 上午 cn.how2j.diytomcat.catalina.Server logJVM
INFO : Server version(服务器版本):		How2J DiyTomcat/1.0.1
07 12, 2022 09:13:53 上午 cn.how2j.diytomcat.catalina.Server logJVM
INFO : Server built(服务器建造):		2022-07-08 09:12:00
07 12, 2022 09:13:53 上午 cn.how2j.diytomcat.catalina.Server logJVM
INFO : Server number:		1.0.1
07 12, 2022 09:13:53 上午 cn.how2j.diytomcat.catalina.Server logJVM
INFO : OS Name	:		Windows 10
07 12, 2022 09:13:53 上午 cn.how2j.diytomcat.catalina.Server logJVM
INFO : OS Version:		10.0
07 12, 2022 09:13:53 上午 cn.how2j.diytomcat.catalina.Server logJVM
INFO : Architecture(架构):		x86
07 12, 2022 09:13:53 上午 cn.how2j.diytomcat.catalina.Server logJVM
INFO : Java Home:		E:\JDK\jre
07 12, 2022 09:13:53 上午 cn.how2j.diytomcat.catalina.Server logJVM
INFO : JVM Version:		1.8.0_65-b17
07 12, 2022 09:13:53 上午 cn.how2j.diytomcat.catalina.Server logJVM
INFO : JVM Vendor(供应商):		Oracle Corporation
07 12, 2022 09:13:53 上午 cn.how2j.diytomcat.catalina.Connector init
INFO : Initializing ProtocolHandler [http-bio-18080]
07 12, 2022 09:13:53 上午 cn.how2j.diytomcat.catalina.Connector init
INFO : Initializing ProtocolHandler [http-bio-18081]
07 12, 2022 09:13:53 上午 cn.how2j.diytomcat.catalina.Connector init
INFO : Initializing ProtocolHandler [http-bio-18082]
07 12, 2022 09:13:53 上午 cn.how2j.diytomcat.catalina.Service init
INFO : Initialization processed in 2 ms
07 12, 2022 09:13:53 上午 cn.how2j.diytomcat.catalina.Connector start
INFO : Starting ProtocolHandler [http-bio-18080]
07 12, 2022 09:13:53 上午 cn.how2j.diytomcat.catalina.Connector start
INFO : Starting ProtocolHandler [http-bio-18081]
07 12, 2022 09:13:53 上午 cn.how2j.diytomcat.catalina.Connector start
INFO : Starting ProtocolHandler [http-bio-18082]
07 12, 2022 09:13:53 上午 cn.how2j.diytomcat.catalina.Server start
INFO : Server startup in 5 ms
07 12, 2022 09:14:04 上午 cn.how2j.diytomcat.catalina.Connector$1 error
ERROR: this is a deliberately created exception
java.lang.Exception: this is a deliberately created exception
	at cn.how2j.diytomcat.catalina.Connector$1.run(Connector.java:71)
	at java.util.concurrent.ThreadPoolExecutor.runWorker(ThreadPoolExecutor.java:1142)
	at java.util.concurrent.ThreadPoolExecutor$Worker.run(ThreadPoolExecutor.java:617)
	at java.lang.Thread.run(Thread.java:745)
07 12, 2022 10:07:18 上午 cn.how2j.diytomcat.catalina.Context <init>
INFO : Deploying web application directory E:\project\diytomcat\webapps\a
07 12, 2022 10:07:18 上午 cn.how2j.diytomcat.catalina.Context <init>
INFO : Deployment of web application directory E:\project\diytomcat\webapps\a has finished in 310 ms
07 12, 2022 10:07:18 上午 cn.how2j.diytomcat.catalina.Context <init>
INFO : Deploying web application directory E:\project\diytomcat\webapps\ROOT
07 12, 2022 10:07:18 上午 cn.how2j.diytomcat.catalina.Context <init>
INFO : Deployment of web application directory E:\project\diytomcat\webapps\ROOT has finished in 0 ms
07 12, 2022 10:07:18 上午 cn.how2j.diytomcat.catalina.Context <init>
INFO : Deploying web application directory e:/project/diytomcat/b
07 12, 2022 10:07:18 上午 cn.how2j.diytomcat.catalina.Context <init>
INFO : Deployment of web application directory e:/project/diytomcat/b has finished in 0 ms
07 12, 2022 10:07:18 上午 cn.how2j.diytomcat.catalina.Server logJVM
INFO : Server version(服务器版本):		How2J DiyTomcat/1.0.1
07 12, 2022 10:07:18 上午 cn.how2j.diytomcat.catalina.Server logJVM
INFO : Server built(服务器建造):		2022-07-08 09:12:00
07 12, 2022 10:07:18 上午 cn.how2j.diytomcat.catalina.Server logJVM
INFO : Server number:		1.0.1
07 12, 2022 10:07:18 上午 cn.how2j.diytomcat.catalina.Server logJVM
INFO : OS Name	:		Windows 10
07 12, 2022 10:07:18 上午 cn.how2j.diytomcat.catalina.Server logJVM
INFO : OS Version:		10.0
07 12, 2022 10:07:18 上午 cn.how2j.diytomcat.catalina.Server logJVM
INFO : Architecture(架构):		x86
07 12, 2022 10:07:18 上午 cn.how2j.diytomcat.catalina.Server logJVM
INFO : Java Home:		E:\JDK\jre
07 12, 2022 10:07:18 上午 cn.how2j.diytomcat.catalina.Server logJVM
INFO : JVM Version:		1.8.0_65-b17
07 12, 2022 10:07:18 上午 cn.how2j.diytomcat.catalina.Server logJVM
INFO : JVM Vendor(供应商):		Oracle Corporation
07 12, 2022 10:07:18 上午 cn.how2j.diytomcat.catalina.Connector init
INFO : Initializing ProtocolHandler [http-bio-18080]
07 12, 2022 10:07:18 上午 cn.how2j.diytomcat.catalina.Connector init
INFO : Initializing ProtocolHandler [http-bio-18081]
07 12, 2022 10:07:18 上午 cn.how2j.diytomcat.catalina.Connector init
INFO : Initializing ProtocolHandler [http-bio-18082]
07 12, 2022 10:07:18 上午 cn.how2j.diytomcat.catalina.Service init
INFO : Initialization processed in 3 ms
07 12, 2022 10:07:18 上午 cn.how2j.diytomcat.catalina.Connector start
INFO : Starting ProtocolHandler [http-bio-18080]
07 12, 2022 10:07:18 上午 cn.how2j.diytomcat.catalina.Connector start
INFO : Starting ProtocolHandler [http-bio-18081]
07 12, 2022 10:07:18 上午 cn.how2j.diytomcat.catalina.Connector start
INFO : Starting ProtocolHandler [http-bio-18082]
07 12, 2022 10:07:18 上午 cn.how2j.diytomcat.catalina.Server start
INFO : Server startup in 9 ms
07 12, 2022 10:07:22 上午 cn.how2j.diytomcat.catalina.HttpProcessor error
ERROR: this is a deliberately created exception
java.lang.Exception: this is a deliberately created exception
	at cn.how2j.diytomcat.catalina.HttpProcessor.execute(HttpProcessor.java:36)
	at cn.how2j.diytomcat.catalina.Connector$1.run(Connector.java:53)
	at java.util.concurrent.ThreadPoolExecutor.runWorker(ThreadPoolExecutor.java:1142)
	at java.util.concurrent.ThreadPoolExecutor$Worker.run(ThreadPoolExecutor.java:617)
	at java.lang.Thread.run(Thread.java:745)
07 12, 2022 10:29:35 上午 cn.how2j.diytomcat.catalina.Context <init>
INFO : Deploying web application directory E:\project\diytomcat\webapps\a
07 12, 2022 10:29:35 上午 cn.how2j.diytomcat.catalina.Context <init>
INFO : Deployment of web application directory E:\project\diytomcat\webapps\a has finished in 84 ms
07 12, 2022 10:29:35 上午 cn.how2j.diytomcat.catalina.Context <init>
INFO : Deploying web application directory E:\project\diytomcat\webapps\ROOT
07 12, 2022 10:29:35 上午 cn.how2j.diytomcat.catalina.Context <init>
INFO : Deployment of web application directory E:\project\diytomcat\webapps\ROOT has finished in 1 ms
07 12, 2022 10:29:35 上午 cn.how2j.diytomcat.catalina.Context <init>
INFO : Deploying web application directory e:/project/diytomcat/b
07 12, 2022 10:29:35 上午 cn.how2j.diytomcat.catalina.Context <init>
INFO : Deployment of web application directory e:/project/diytomcat/b has finished in 0 ms
07 12, 2022 10:29:35 上午 cn.how2j.diytomcat.catalina.Server logJVM
INFO : Server version(服务器版本):		How2J DiyTomcat/1.0.1
07 12, 2022 10:29:35 上午 cn.how2j.diytomcat.catalina.Server logJVM
INFO : Server built(服务器建造):		2022-07-08 09:12:00
07 12, 2022 10:29:35 上午 cn.how2j.diytomcat.catalina.Server logJVM
INFO : Server number:		1.0.1
07 12, 2022 10:29:35 上午 cn.how2j.diytomcat.catalina.Server logJVM
INFO : OS Name	:		Windows 10
07 12, 2022 10:29:35 上午 cn.how2j.diytomcat.catalina.Server logJVM
INFO : OS Version:		10.0
07 12, 2022 10:29:35 上午 cn.how2j.diytomcat.catalina.Server logJVM
INFO : Architecture(架构):		x86
07 12, 2022 10:29:35 上午 cn.how2j.diytomcat.catalina.Server logJVM
INFO : Java Home:		E:\JDK\jre
07 12, 2022 10:29:35 上午 cn.how2j.diytomcat.catalina.Server logJVM
INFO : JVM Version:		1.8.0_65-b17
07 12, 2022 10:29:35 上午 cn.how2j.diytomcat.catalina.Server logJVM
INFO : JVM Vendor(供应商):		Oracle Corporation
07 12, 2022 10:29:35 上午 cn.how2j.diytomcat.catalina.Connector init
INFO : Initializing ProtocolHandler [http-bio-18080]
07 12, 2022 10:29:35 上午 cn.how2j.diytomcat.catalina.Connector init
INFO : Initializing ProtocolHandler [http-bio-18081]
07 12, 2022 10:29:35 上午 cn.how2j.diytomcat.catalina.Connector init
INFO : Initializing ProtocolHandler [http-bio-18082]
07 12, 2022 10:29:35 上午 cn.how2j.diytomcat.catalina.Service init
INFO : Initialization processed in 2 ms
07 12, 2022 10:29:35 上午 cn.how2j.diytomcat.catalina.Connector start
INFO : Starting ProtocolHandler [http-bio-18080]
07 12, 2022 10:29:35 上午 cn.how2j.diytomcat.catalina.Connector start
INFO : Starting ProtocolHandler [http-bio-18081]
07 12, 2022 10:29:35 上午 cn.how2j.diytomcat.catalina.Connector start
INFO : Starting ProtocolHandler [http-bio-18082]
07 12, 2022 10:29:35 上午 cn.how2j.diytomcat.catalina.Server start
INFO : Server startup in 7 ms
07 12, 2022 10:29:40 上午 cn.how2j.diytomcat.catalina.HttpProcessor error
ERROR: this is a deliberately created exception
java.lang.Exception: this is a deliberately created exception
	at cn.how2j.diytomcat.catalina.HttpProcessor.execute(HttpProcessor.java:37)
	at cn.how2j.diytomcat.catalina.Connector$1.run(Connector.java:53)
	at java.util.concurrent.ThreadPoolExecutor.runWorker(ThreadPoolExecutor.java:1142)
	at java.util.concurrent.ThreadPoolExecutor$Worker.run(ThreadPoolExecutor.java:617)
	at java.lang.Thread.run(Thread.java:745)
07 12, 2022 10:32:23 上午 cn.how2j.diytomcat.catalina.Context <init>
INFO : Deploying web application directory E:\project\diytomcat\webapps\a
07 12, 2022 10:32:23 上午 cn.how2j.diytomcat.catalina.Context <init>
INFO : Deployment of web application directory E:\project\diytomcat\webapps\a has finished in 85 ms
07 12, 2022 10:32:23 上午 cn.how2j.diytomcat.catalina.Context <init>
INFO : Deploying web application directory E:\project\diytomcat\webapps\ROOT
07 12, 2022 10:32:23 上午 cn.how2j.diytomcat.catalina.Context <init>
INFO : Deployment of web application directory E:\project\diytomcat\webapps\ROOT has finished in 0 ms
07 12, 2022 10:32:23 上午 cn.how2j.diytomcat.catalina.Context <init>
INFO : Deploying web application directory e:/project/diytomcat/b
07 12, 2022 10:32:23 上午 cn.how2j.diytomcat.catalina.Context <init>
INFO : Deployment of web application directory e:/project/diytomcat/b has finished in 0 ms
07 12, 2022 10:32:23 上午 cn.how2j.diytomcat.catalina.Server logJVM
INFO : Server version(服务器版本):		How2J DiyTomcat/1.0.1
07 12, 2022 10:32:23 上午 cn.how2j.diytomcat.catalina.Server logJVM
INFO : Server built(服务器建造):		2022-07-08 09:12:00
07 12, 2022 10:32:23 上午 cn.how2j.diytomcat.catalina.Server logJVM
INFO : Server number:		1.0.1
07 12, 2022 10:32:23 上午 cn.how2j.diytomcat.catalina.Server logJVM
INFO : OS Name	:		Windows 10
07 12, 2022 10:32:23 上午 cn.how2j.diytomcat.catalina.Server logJVM
INFO : OS Version:		10.0
07 12, 2022 10:32:24 上午 cn.how2j.diytomcat.catalina.Server logJVM
INFO : Architecture(架构):		x86
07 12, 2022 10:32:24 上午 cn.how2j.diytomcat.catalina.Server logJVM
INFO : Java Home:		E:\JDK\jre
07 12, 2022 10:32:24 上午 cn.how2j.diytomcat.catalina.Server logJVM
INFO : JVM Version:		1.8.0_65-b17
07 12, 2022 10:32:24 上午 cn.how2j.diytomcat.catalina.Server logJVM
INFO : JVM Vendor(供应商):		Oracle Corporation
07 12, 2022 10:32:24 上午 cn.how2j.diytomcat.catalina.Connector init
INFO : Initializing ProtocolHandler [http-bio-18080]
07 12, 2022 10:32:24 上午 cn.how2j.diytomcat.catalina.Connector init
INFO : Initializing ProtocolHandler [http-bio-18081]
07 12, 2022 10:32:24 上午 cn.how2j.diytomcat.catalina.Connector init
INFO : Initializing ProtocolHandler [http-bio-18082]
07 12, 2022 10:32:24 上午 cn.how2j.diytomcat.catalina.Service init
INFO : Initialization processed in 5 ms
07 12, 2022 10:32:24 上午 cn.how2j.diytomcat.catalina.Connector start
INFO : Starting ProtocolHandler [http-bio-18080]
07 12, 2022 10:32:24 上午 cn.how2j.diytomcat.catalina.Connector start
INFO : Starting ProtocolHandler [http-bio-18081]
07 12, 2022 10:32:24 上午 cn.how2j.diytomcat.catalina.Connector start
INFO : Starting ProtocolHandler [http-bio-18082]
07 12, 2022 10:32:24 上午 cn.how2j.diytomcat.catalina.Server start
INFO : Server startup in 8 ms
07 12, 2022 10:39:01 上午 cn.how2j.diytomcat.catalina.Context <init>
INFO : Deploying web application directory E:\project\diytomcat\webapps\a
07 12, 2022 10:39:01 上午 cn.how2j.diytomcat.catalina.Context <init>
INFO : Deployment of web application directory E:\project\diytomcat\webapps\a has finished in 89 ms
07 12, 2022 10:39:01 上午 cn.how2j.diytomcat.catalina.Context <init>
INFO : Deploying web application directory E:\project\diytomcat\webapps\ROOT
07 12, 2022 10:39:01 上午 cn.how2j.diytomcat.catalina.Context <init>
INFO : Deployment of web application directory E:\project\diytomcat\webapps\ROOT has finished in 0 ms
07 12, 2022 10:39:01 上午 cn.how2j.diytomcat.catalina.Context <init>
INFO : Deploying web application directory e:/project/diytomcat/b
07 12, 2022 10:39:01 上午 cn.how2j.diytomcat.catalina.Context <init>
INFO : Deployment of web application directory e:/project/diytomcat/b has finished in 1 ms
07 12, 2022 10:39:01 上午 cn.how2j.diytomcat.catalina.Server logJVM
INFO : Server version(服务器版本):		How2J DiyTomcat/1.0.1
07 12, 2022 10:39:01 上午 cn.how2j.diytomcat.catalina.Server logJVM
INFO : Server built(服务器建造):		2022-07-08 09:12:00
07 12, 2022 10:39:01 上午 cn.how2j.diytomcat.catalina.Server logJVM
INFO : Server number:		1.0.1
07 12, 2022 10:39:01 上午 cn.how2j.diytomcat.catalina.Server logJVM
INFO : OS Name	:		Windows 10
07 12, 2022 10:39:01 上午 cn.how2j.diytomcat.catalina.Server logJVM
INFO : OS Version:		10.0
07 12, 2022 10:39:01 上午 cn.how2j.diytomcat.catalina.Server logJVM
INFO : Architecture(架构):		x86
07 12, 2022 10:39:01 上午 cn.how2j.diytomcat.catalina.Server logJVM
INFO : Java Home:		E:\JDK\jre
07 12, 2022 10:39:01 上午 cn.how2j.diytomcat.catalina.Server logJVM
INFO : JVM Version:		1.8.0_65-b17
07 12, 2022 10:39:01 上午 cn.how2j.diytomcat.catalina.Server logJVM
INFO : JVM Vendor(供应商):		Oracle Corporation
07 12, 2022 10:39:01 上午 cn.how2j.diytomcat.catalina.Connector init
INFO : Initializing ProtocolHandler [http-bio-18080]
07 12, 2022 10:39:01 上午 cn.how2j.diytomcat.catalina.Connector init
INFO : Initializing ProtocolHandler [http-bio-18081]
07 12, 2022 10:39:01 上午 cn.how2j.diytomcat.catalina.Connector init
INFO : Initializing ProtocolHandler [http-bio-18082]
07 12, 2022 10:39:01 上午 cn.how2j.diytomcat.catalina.Service init
INFO : Initialization processed in 3 ms
07 12, 2022 10:39:01 上午 cn.how2j.diytomcat.catalina.Connector start
INFO : Starting ProtocolHandler [http-bio-18080]
07 12, 2022 10:39:01 上午 cn.how2j.diytomcat.catalina.Connector start
INFO : Starting ProtocolHandler [http-bio-18081]
07 12, 2022 10:39:01 上午 cn.how2j.diytomcat.catalina.Connector start
INFO : Starting ProtocolHandler [http-bio-18082]
07 12, 2022 10:39:01 上午 cn.how2j.diytomcat.catalina.Server start
INFO : Server startup in 9 ms
07 12, 2022 10:39:04 上午 cn.how2j.diytomcat.catalina.HttpProcessor error
ERROR: this is a deliberately created exception
java.lang.Exception: this is a deliberately created exception
	at cn.how2j.diytomcat.catalina.HttpProcessor.execute(HttpProcessor.java:37)
	at cn.how2j.diytomcat.catalina.Connector$1.run(Connector.java:53)
	at java.util.concurrent.ThreadPoolExecutor.runWorker(ThreadPoolExecutor.java:1142)
	at java.util.concurrent.ThreadPoolExecutor$Worker.run(ThreadPoolExecutor.java:617)
	at java.lang.Thread.run(Thread.java:745)
07 12, 2022 10:56:37 上午 cn.how2j.diytomcat.catalina.Context <init>
INFO : Deploying web application directory E:\project\diytomcat\webapps\a
07 12, 2022 10:56:37 上午 cn.how2j.diytomcat.catalina.Context <init>
INFO : Deployment of web application directory E:\project\diytomcat\webapps\a has finished in 69 ms
07 12, 2022 10:56:37 上午 cn.how2j.diytomcat.catalina.Context <init>
INFO : Deploying web application directory E:\project\diytomcat\webapps\ROOT
07 12, 2022 10:56:37 上午 cn.how2j.diytomcat.catalina.Context <init>
INFO : Deployment of web application directory E:\project\diytomcat\webapps\ROOT has finished in 0 ms
07 12, 2022 10:56:37 上午 cn.how2j.diytomcat.catalina.Context <init>
INFO : Deploying web application directory e:/project/diytomcat/b
07 12, 2022 10:56:37 上午 cn.how2j.diytomcat.catalina.Context <init>
INFO : Deployment of web application directory e:/project/diytomcat/b has finished in 0 ms
07 12, 2022 10:56:37 上午 cn.how2j.diytomcat.catalina.Server logJVM
INFO : Server version(服务器版本):		How2J DiyTomcat/1.0.1
07 12, 2022 10:56:37 上午 cn.how2j.diytomcat.catalina.Server logJVM
INFO : Server built(服务器建造):		2022-07-08 09:12:00
07 12, 2022 10:56:37 上午 cn.how2j.diytomcat.catalina.Server logJVM
INFO : Server number:		1.0.1
07 12, 2022 10:56:37 上午 cn.how2j.diytomcat.catalina.Server logJVM
INFO : OS Name	:		Windows 10
07 12, 2022 10:56:37 上午 cn.how2j.diytomcat.catalina.Server logJVM
INFO : OS Version:		10.0
07 12, 2022 10:56:37 上午 cn.how2j.diytomcat.catalina.Server logJVM
INFO : Architecture(架构):		x86
07 12, 2022 10:56:37 上午 cn.how2j.diytomcat.catalina.Server logJVM
INFO : Java Home:		E:\JDK\jre
07 12, 2022 10:56:37 上午 cn.how2j.diytomcat.catalina.Server logJVM
INFO : JVM Version:		1.8.0_65-b17
07 12, 2022 10:56:37 上午 cn.how2j.diytomcat.catalina.Server logJVM
INFO : JVM Vendor(供应商):		Oracle Corporation
07 12, 2022 10:56:37 上午 cn.how2j.diytomcat.catalina.Connector init
INFO : Initializing ProtocolHandler [http-bio-18080]
07 12, 2022 10:56:37 上午 cn.how2j.diytomcat.catalina.Connector init
INFO : Initializing ProtocolHandler [http-bio-18081]
07 12, 2022 10:56:37 上午 cn.how2j.diytomcat.catalina.Connector init
INFO : Initializing ProtocolHandler [http-bio-18082]
07 12, 2022 10:56:37 上午 cn.how2j.diytomcat.catalina.Service init
INFO : Initialization processed in 1 ms
07 12, 2022 10:56:37 上午 cn.how2j.diytomcat.catalina.Connector start
INFO : Starting ProtocolHandler [http-bio-18080]
07 12, 2022 10:56:37 上午 cn.how2j.diytomcat.catalina.Connector start
INFO : Starting ProtocolHandler [http-bio-18081]
07 12, 2022 10:56:37 上午 cn.how2j.diytomcat.catalina.Connector start
INFO : Starting ProtocolHandler [http-bio-18082]
07 12, 2022 10:56:37 上午 cn.how2j.diytomcat.catalina.Server start
INFO : Server startup in 5 ms
07 12, 2022 10:57:38 上午 cn.how2j.diytomcat.catalina.HttpProcessor error
ERROR: this is a deliberately created exception
java.lang.Exception: this is a deliberately created exception
	at cn.how2j.diytomcat.catalina.HttpProcessor.execute(HttpProcessor.java:37)
	at cn.how2j.diytomcat.catalina.Connector$1.run(Connector.java:53)
	at java.util.concurrent.ThreadPoolExecutor.runWorker(ThreadPoolExecutor.java:1142)
	at java.util.concurrent.ThreadPoolExecutor$Worker.run(ThreadPoolExecutor.java:617)
	at java.lang.Thread.run(Thread.java:745)
07 12, 2022 16:23:28 下午 cn.how2j.diytomcat.catalina.Context deploy
INFO : Deploying web application directory E:\project\diytomcat\webapps\a
07 12, 2022 16:23:28 下午 cn.how2j.diytomcat.catalina.Context deploy
INFO : Deployment of web application directory E:\project\diytomcat\webapps\a has finished in 166 ms
07 12, 2022 16:23:28 下午 cn.how2j.diytomcat.catalina.Context deploy
INFO : Deploying web application directory E:\project\diytomcat\webapps\j2ee
07 12, 2022 16:23:28 下午 cn.how2j.diytomcat.catalina.Context deploy
INFO : Deployment of web application directory E:\project\diytomcat\webapps\j2ee has finished in 3 ms
07 12, 2022 16:23:28 下午 cn.how2j.diytomcat.catalina.Context deploy
INFO : Deploying web application directory E:\project\diytomcat\webapps\ROOT
07 12, 2022 16:23:29 下午 cn.how2j.diytomcat.catalina.Context deploy
INFO : Deployment of web application directory E:\project\diytomcat\webapps\ROOT has finished in 22 ms
07 12, 2022 16:23:29 下午 cn.how2j.diytomcat.catalina.Context deploy
INFO : Deploying web application directory e:/project/diytomcat/b
07 12, 2022 16:23:29 下午 cn.how2j.diytomcat.catalina.Context deploy
INFO : Deployment of web application directory e:/project/diytomcat/b has finished in 24 ms
07 12, 2022 16:23:29 下午 cn.how2j.diytomcat.catalina.Server logJVM
INFO : Server version(服务器版本):		How2J DiyTomcat/1.0.1
07 12, 2022 16:23:29 下午 cn.how2j.diytomcat.catalina.Server logJVM
INFO : Server built(服务器建造):		2022-07-08 09:12:00
07 12, 2022 16:23:29 下午 cn.how2j.diytomcat.catalina.Server logJVM
INFO : Server number:		1.0.1
07 12, 2022 16:23:29 下午 cn.how2j.diytomcat.catalina.Server logJVM
INFO : OS Name	:		Windows 10
07 12, 2022 16:23:29 下午 cn.how2j.diytomcat.catalina.Server logJVM
INFO : OS Version:		10.0
07 12, 2022 16:23:29 下午 cn.how2j.diytomcat.catalina.Server logJVM
INFO : Architecture(架构):		x86
07 12, 2022 16:23:29 下午 cn.how2j.diytomcat.catalina.Server logJVM
INFO : Java Home:		E:\JDK\jre
07 12, 2022 16:23:29 下午 cn.how2j.diytomcat.catalina.Server logJVM
INFO : JVM Version:		1.8.0_65-b17
07 12, 2022 16:23:29 下午 cn.how2j.diytomcat.catalina.Server logJVM
INFO : JVM Vendor(供应商):		Oracle Corporation
07 12, 2022 16:23:29 下午 cn.how2j.diytomcat.catalina.Connector init
INFO : Initializing ProtocolHandler [http-bio-18080]
07 12, 2022 16:23:29 下午 cn.how2j.diytomcat.catalina.Connector init
INFO : Initializing ProtocolHandler [http-bio-18081]
07 12, 2022 16:23:29 下午 cn.how2j.diytomcat.catalina.Connector init
INFO : Initializing ProtocolHandler [http-bio-18082]
07 12, 2022 16:23:29 下午 cn.how2j.diytomcat.catalina.Service init
INFO : Initialization processed in 1 ms
07 12, 2022 16:23:29 下午 cn.how2j.diytomcat.catalina.Connector start
INFO : Starting ProtocolHandler [http-bio-18080]
07 12, 2022 16:23:29 下午 cn.how2j.diytomcat.catalina.Connector start
INFO : Starting ProtocolHandler [http-bio-18081]
07 12, 2022 16:23:29 下午 cn.how2j.diytomcat.catalina.Connector start
INFO : Starting ProtocolHandler [http-bio-18082]
07 12, 2022 16:23:29 下午 cn.how2j.diytomcat.catalina.Server start
INFO : Server startup in 4 ms
07 12, 2022 16:23:33 下午 cn.how2j.diytomcat.catalina.HttpProcessor error
ERROR: this is a deliberately created exception
java.lang.Exception: this is a deliberately created exception
	at cn.how2j.diytomcat.catalina.HttpProcessor.execute(HttpProcessor.java:44)
	at cn.how2j.diytomcat.catalina.Connector$1.run(Connector.java:53)
	at java.util.concurrent.ThreadPoolExecutor.runWorker(ThreadPoolExecutor.java:1142)
	at java.util.concurrent.ThreadPoolExecutor$Worker.run(ThreadPoolExecutor.java:617)
	at java.lang.Thread.run(Thread.java:745)
07 12, 2022 17:11:24 下午 cn.how2j.diytomcat.catalina.Context deploy
INFO : Deploying web application directory E:\project\diytomcat\webapps\a
07 12, 2022 17:11:24 下午 cn.how2j.diytomcat.catalina.Context deploy
INFO : Deployment of web application directory E:\project\diytomcat\webapps\a has finished in 98 ms
07 12, 2022 17:11:24 下午 cn.how2j.diytomcat.catalina.Context deploy
INFO : Deploying web application directory E:\project\diytomcat\webapps\j2ee
07 12, 2022 17:11:24 下午 cn.how2j.diytomcat.catalina.Context deploy
INFO : Deployment of web application directory E:\project\diytomcat\webapps\j2ee has finished in 3 ms
07 12, 2022 17:11:24 下午 cn.how2j.diytomcat.catalina.Context deploy
INFO : Deploying web application directory E:\project\diytomcat\webapps\ROOT
07 12, 2022 17:11:24 下午 cn.how2j.diytomcat.catalina.Context deploy
INFO : Deployment of web application directory E:\project\diytomcat\webapps\ROOT has finished in 3 ms
07 12, 2022 17:11:24 下午 cn.how2j.diytomcat.catalina.Context deploy
INFO : Deploying web application directory e:/project/diytomcat/b
07 12, 2022 17:11:24 下午 cn.how2j.diytomcat.catalina.Context deploy
INFO : Deployment of web application directory e:/project/diytomcat/b has finished in 0 ms
07 12, 2022 17:11:24 下午 cn.how2j.diytomcat.catalina.Server logJVM
INFO : Server version(服务器版本):		How2J DiyTomcat/1.0.1
07 12, 2022 17:11:24 下午 cn.how2j.diytomcat.catalina.Server logJVM
INFO : Server built(服务器建造):		2022-07-08 09:12:00
07 12, 2022 17:11:24 下午 cn.how2j.diytomcat.catalina.Server logJVM
INFO : Server number:		1.0.1
07 12, 2022 17:11:24 下午 cn.how2j.diytomcat.catalina.Server logJVM
INFO : OS Name	:		Windows 10
07 12, 2022 17:11:24 下午 cn.how2j.diytomcat.catalina.Server logJVM
INFO : OS Version:		10.0
07 12, 2022 17:11:24 下午 cn.how2j.diytomcat.catalina.Server logJVM
INFO : Architecture(架构):		x86
07 12, 2022 17:11:24 下午 cn.how2j.diytomcat.catalina.Server logJVM
INFO : Java Home:		E:\JDK\jre
07 12, 2022 17:11:24 下午 cn.how2j.diytomcat.catalina.Server logJVM
INFO : JVM Version:		1.8.0_65-b17
07 12, 2022 17:11:24 下午 cn.how2j.diytomcat.catalina.Server logJVM
INFO : JVM Vendor(供应商):		Oracle Corporation
07 12, 2022 17:11:24 下午 cn.how2j.diytomcat.catalina.Connector init
INFO : Initializing ProtocolHandler [http-bio-18080]
07 12, 2022 17:11:24 下午 cn.how2j.diytomcat.catalina.Connector init
INFO : Initializing ProtocolHandler [http-bio-18081]
07 12, 2022 17:11:24 下午 cn.how2j.diytomcat.catalina.Connector init
INFO : Initializing ProtocolHandler [http-bio-18082]
07 12, 2022 17:11:24 下午 cn.how2j.diytomcat.catalina.Service init
INFO : Initialization processed in 1 ms
07 12, 2022 17:11:24 下午 cn.how2j.diytomcat.catalina.Connector start
INFO : Starting ProtocolHandler [http-bio-18080]
07 12, 2022 17:11:24 下午 cn.how2j.diytomcat.catalina.Connector start
INFO : Starting ProtocolHandler [http-bio-18081]
07 12, 2022 17:11:24 下午 cn.how2j.diytomcat.catalina.Connector start
INFO : Starting ProtocolHandler [http-bio-18082]
07 12, 2022 17:11:24 下午 cn.how2j.diytomcat.catalina.Server start
INFO : Server startup in 4 ms
07 12, 2022 17:11:29 下午 cn.how2j.diytomcat.catalina.HttpProcessor error
ERROR: this is a deliberately created exception
java.lang.Exception: this is a deliberately created exception
	at cn.how2j.diytomcat.catalina.HttpProcessor.execute(HttpProcessor.java:49)
	at cn.how2j.diytomcat.catalina.Connector$1.run(Connector.java:53)
	at java.util.concurrent.ThreadPoolExecutor.runWorker(ThreadPoolExecutor.java:1142)
	at java.util.concurrent.ThreadPoolExecutor$Worker.run(ThreadPoolExecutor.java:617)
	at java.lang.Thread.run(Thread.java:745)
07 12, 2022 17:16:09 下午 cn.how2j.diytomcat.catalina.Context deploy
INFO : Deploying web application directory E:\project\diytomcat\webapps\a
07 12, 2022 17:16:09 下午 cn.how2j.diytomcat.catalina.Context deploy
INFO : Deployment of web application directory E:\project\diytomcat\webapps\a has finished in 103 ms
07 12, 2022 17:16:09 下午 cn.how2j.diytomcat.catalina.Context deploy
INFO : Deploying web application directory E:\project\diytomcat\webapps\j2ee
07 12, 2022 17:16:09 下午 cn.how2j.diytomcat.catalina.Context deploy
INFO : Deployment of web application directory E:\project\diytomcat\webapps\j2ee has finished in 4 ms
07 12, 2022 17:16:09 下午 cn.how2j.diytomcat.catalina.Context deploy
INFO : Deploying web application directory E:\project\diytomcat\webapps\ROOT
07 12, 2022 17:16:09 下午 cn.how2j.diytomcat.catalina.Context deploy
INFO : Deployment of web application directory E:\project\diytomcat\webapps\ROOT has finished in 0 ms
07 12, 2022 17:16:09 下午 cn.how2j.diytomcat.catalina.Context deploy
INFO : Deploying web application directory e:/project/diytomcat/b
07 12, 2022 17:16:09 下午 cn.how2j.diytomcat.catalina.Context deploy
INFO : Deployment of web application directory e:/project/diytomcat/b has finished in 1 ms
07 12, 2022 17:16:09 下午 cn.how2j.diytomcat.catalina.Server logJVM
INFO : Server version(服务器版本):		How2J DiyTomcat/1.0.1
07 12, 2022 17:16:09 下午 cn.how2j.diytomcat.catalina.Server logJVM
INFO : Server built(服务器建造):		2022-07-08 09:12:00
07 12, 2022 17:16:09 下午 cn.how2j.diytomcat.catalina.Server logJVM
INFO : Server number:		1.0.1
07 12, 2022 17:16:09 下午 cn.how2j.diytomcat.catalina.Server logJVM
INFO : OS Name	:		Windows 10
07 12, 2022 17:16:09 下午 cn.how2j.diytomcat.catalina.Server logJVM
INFO : OS Version:		10.0
07 12, 2022 17:16:09 下午 cn.how2j.diytomcat.catalina.Server logJVM
INFO : Architecture(架构):		x86
07 12, 2022 17:16:09 下午 cn.how2j.diytomcat.catalina.Server logJVM
INFO : Java Home:		E:\JDK\jre
07 12, 2022 17:16:09 下午 cn.how2j.diytomcat.catalina.Server logJVM
INFO : JVM Version:		1.8.0_65-b17
07 12, 2022 17:16:09 下午 cn.how2j.diytomcat.catalina.Server logJVM
INFO : JVM Vendor(供应商):		Oracle Corporation
07 12, 2022 17:16:09 下午 cn.how2j.diytomcat.catalina.Connector init
INFO : Initializing ProtocolHandler [http-bio-18080]
07 12, 2022 17:16:09 下午 cn.how2j.diytomcat.catalina.Connector init
INFO : Initializing ProtocolHandler [http-bio-18081]
07 12, 2022 17:16:09 下午 cn.how2j.diytomcat.catalina.Connector init
INFO : Initializing ProtocolHandler [http-bio-18082]
07 12, 2022 17:16:09 下午 cn.how2j.diytomcat.catalina.Service init
INFO : Initialization processed in 0 ms
07 12, 2022 17:16:09 下午 cn.how2j.diytomcat.catalina.Connector start
INFO : Starting ProtocolHandler [http-bio-18080]
07 12, 2022 17:16:09 下午 cn.how2j.diytomcat.catalina.Connector start
INFO : Starting ProtocolHandler [http-bio-18081]
07 12, 2022 17:16:09 下午 cn.how2j.diytomcat.catalina.Connector start
INFO : Starting ProtocolHandler [http-bio-18082]
07 12, 2022 17:16:09 下午 cn.how2j.diytomcat.catalina.Server start
INFO : Server startup in 4 ms
07 12, 2022 17:16:14 下午 cn.how2j.diytomcat.catalina.HttpProcessor error
ERROR: this is a deliberately created exception
java.lang.Exception: this is a deliberately created exception
	at cn.how2j.diytomcat.catalina.HttpProcessor.execute(HttpProcessor.java:49)
	at cn.how2j.diytomcat.catalina.Connector$1.run(Connector.java:53)
	at java.util.concurrent.ThreadPoolExecutor.runWorker(ThreadPoolExecutor.java:1142)
	at java.util.concurrent.ThreadPoolExecutor$Worker.run(ThreadPoolExecutor.java:617)
	at java.lang.Thread.run(Thread.java:745)
07 12, 2022 17:17:02 下午 cn.how2j.diytomcat.catalina.Context deploy
INFO : Deploying web application directory E:\project\diytomcat\webapps\a
07 12, 2022 17:17:02 下午 cn.how2j.diytomcat.catalina.Context deploy
INFO : Deployment of web application directory E:\project\diytomcat\webapps\a has finished in 295 ms
07 12, 2022 17:17:02 下午 cn.how2j.diytomcat.catalina.Context deploy
INFO : Deploying web application directory E:\project\diytomcat\webapps\j2ee
07 12, 2022 17:17:02 下午 cn.how2j.diytomcat.catalina.Context deploy
INFO : Deployment of web application directory E:\project\diytomcat\webapps\j2ee has finished in 2 ms
07 12, 2022 17:17:02 下午 cn.how2j.diytomcat.catalina.Context deploy
INFO : Deploying web application directory E:\project\diytomcat\webapps\ROOT
07 12, 2022 17:17:02 下午 cn.how2j.diytomcat.catalina.Context deploy
INFO : Deployment of web application directory E:\project\diytomcat\webapps\ROOT has finished in 0 ms
07 12, 2022 17:17:02 下午 cn.how2j.diytomcat.catalina.Context deploy
INFO : Deploying web application directory e:/project/diytomcat/b
07 12, 2022 17:17:02 下午 cn.how2j.diytomcat.catalina.Context deploy
INFO : Deployment of web application directory e:/project/diytomcat/b has finished in 1 ms
07 12, 2022 17:17:02 下午 cn.how2j.diytomcat.catalina.Server logJVM
INFO : Server version(服务器版本):		How2J DiyTomcat/1.0.1
07 12, 2022 17:17:02 下午 cn.how2j.diytomcat.catalina.Server logJVM
INFO : Server built(服务器建造):		2022-07-08 09:12:00
07 12, 2022 17:17:02 下午 cn.how2j.diytomcat.catalina.Server logJVM
INFO : Server number:		1.0.1
07 12, 2022 17:17:02 下午 cn.how2j.diytomcat.catalina.Server logJVM
INFO : OS Name	:		Windows 10
07 12, 2022 17:17:02 下午 cn.how2j.diytomcat.catalina.Server logJVM
INFO : OS Version:		10.0
07 12, 2022 17:17:02 下午 cn.how2j.diytomcat.catalina.Server logJVM
INFO : Architecture(架构):		x86
07 12, 2022 17:17:02 下午 cn.how2j.diytomcat.catalina.Server logJVM
INFO : Java Home:		E:\JDK\jre
07 12, 2022 17:17:02 下午 cn.how2j.diytomcat.catalina.Server logJVM
INFO : JVM Version:		1.8.0_65-b17
07 12, 2022 17:17:02 下午 cn.how2j.diytomcat.catalina.Server logJVM
INFO : JVM Vendor(供应商):		Oracle Corporation
07 12, 2022 17:17:02 下午 cn.how2j.diytomcat.catalina.Connector init
INFO : Initializing ProtocolHandler [http-bio-18080]
07 12, 2022 17:17:02 下午 cn.how2j.diytomcat.catalina.Connector init
INFO : Initializing ProtocolHandler [http-bio-18081]
07 12, 2022 17:17:02 下午 cn.how2j.diytomcat.catalina.Connector init
INFO : Initializing ProtocolHandler [http-bio-18082]
07 12, 2022 17:17:02 下午 cn.how2j.diytomcat.catalina.Service init
INFO : Initialization processed in 0 ms
07 12, 2022 17:17:02 下午 cn.how2j.diytomcat.catalina.Connector start
INFO : Starting ProtocolHandler [http-bio-18080]
07 12, 2022 17:17:02 下午 cn.how2j.diytomcat.catalina.Connector start
INFO : Starting ProtocolHandler [http-bio-18081]
07 12, 2022 17:17:02 下午 cn.how2j.diytomcat.catalina.Connector start
INFO : Starting ProtocolHandler [http-bio-18082]
07 12, 2022 17:17:02 下午 cn.how2j.diytomcat.catalina.Server start
INFO : Server startup in 5 ms
07 12, 2022 17:17:05 下午 cn.how2j.diytomcat.catalina.HttpProcessor error
ERROR: this is a deliberately created exception
java.lang.Exception: this is a deliberately created exception
	at cn.how2j.diytomcat.catalina.HttpProcessor.execute(HttpProcessor.java:49)
	at cn.how2j.diytomcat.catalina.Connector$1.run(Connector.java:53)
	at java.util.concurrent.ThreadPoolExecutor.runWorker(ThreadPoolExecutor.java:1142)
	at java.util.concurrent.ThreadPoolExecutor$Worker.run(ThreadPoolExecutor.java:617)
	at java.lang.Thread.run(Thread.java:745)
07 12, 2022 17:44:17 下午 cn.how2j.diytomcat.catalina.Context deploy
INFO : Deploying web application directory E:\project\diytomcat\webapps\a
07 12, 2022 17:44:17 下午 cn.how2j.diytomcat.catalina.Context deploy
INFO : Deployment of web application directory E:\project\diytomcat\webapps\a has finished in 93 ms
07 12, 2022 17:44:17 下午 cn.how2j.diytomcat.catalina.Context deploy
INFO : Deploying web application directory E:\project\diytomcat\webapps\j2ee
07 12, 2022 17:44:17 下午 cn.how2j.diytomcat.catalina.Context deploy
INFO : Deployment of web application directory E:\project\diytomcat\webapps\j2ee has finished in 2 ms
07 12, 2022 17:44:17 下午 cn.how2j.diytomcat.catalina.Context deploy
INFO : Deploying web application directory E:\project\diytomcat\webapps\ROOT
07 12, 2022 17:44:17 下午 cn.how2j.diytomcat.catalina.Context deploy
INFO : Deployment of web application directory E:\project\diytomcat\webapps\ROOT has finished in 0 ms
07 12, 2022 17:44:17 下午 cn.how2j.diytomcat.catalina.Context deploy
INFO : Deploying web application directory e:/project/diytomcat/b
07 12, 2022 17:44:17 下午 cn.how2j.diytomcat.catalina.Context deploy
INFO : Deployment of web application directory e:/project/diytomcat/b has finished in 0 ms
07 12, 2022 17:44:17 下午 cn.how2j.diytomcat.catalina.Server logJVM
INFO : Server version(服务器版本):		How2J DiyTomcat/1.0.1
07 12, 2022 17:44:17 下午 cn.how2j.diytomcat.catalina.Server logJVM
INFO : Server built(服务器建造):		2022-07-08 09:12:00
07 12, 2022 17:44:17 下午 cn.how2j.diytomcat.catalina.Server logJVM
INFO : Server number:		1.0.1
07 12, 2022 17:44:17 下午 cn.how2j.diytomcat.catalina.Server logJVM
INFO : OS Name	:		Windows 10
07 12, 2022 17:44:17 下午 cn.how2j.diytomcat.catalina.Server logJVM
INFO : OS Version:		10.0
07 12, 2022 17:44:17 下午 cn.how2j.diytomcat.catalina.Server logJVM
INFO : Architecture(架构):		x86
07 12, 2022 17:44:17 下午 cn.how2j.diytomcat.catalina.Server logJVM
INFO : Java Home:		E:\JDK\jre
07 12, 2022 17:44:17 下午 cn.how2j.diytomcat.catalina.Server logJVM
INFO : JVM Version:		1.8.0_65-b17
07 12, 2022 17:44:17 下午 cn.how2j.diytomcat.catalina.Server logJVM
INFO : JVM Vendor(供应商):		Oracle Corporation
07 12, 2022 17:44:17 下午 cn.how2j.diytomcat.catalina.Connector init
INFO : Initializing ProtocolHandler [http-bio-18080]
07 12, 2022 17:44:17 下午 cn.how2j.diytomcat.catalina.Connector init
INFO : Initializing ProtocolHandler [http-bio-18081]
07 12, 2022 17:44:17 下午 cn.how2j.diytomcat.catalina.Connector init
INFO : Initializing ProtocolHandler [http-bio-18082]
07 12, 2022 17:44:17 下午 cn.how2j.diytomcat.catalina.Service init
INFO : Initialization processed in 0 ms
07 12, 2022 17:44:17 下午 cn.how2j.diytomcat.catalina.Connector start
INFO : Starting ProtocolHandler [http-bio-18080]
07 12, 2022 17:44:17 下午 cn.how2j.diytomcat.catalina.Connector start
INFO : Starting ProtocolHandler [http-bio-18081]
07 12, 2022 17:44:17 下午 cn.how2j.diytomcat.catalina.Connector start
INFO : Starting ProtocolHandler [http-bio-18082]
07 12, 2022 17:44:17 下午 cn.how2j.diytomcat.catalina.Server start
INFO : Server startup in 4 ms
07 12, 2022 17:44:20 下午 cn.how2j.diytomcat.catalina.HttpProcessor error
ERROR: this is a deliberately created exception
java.lang.RuntimeException: this is a deliberately created exception
	at cn.how2j.diytomcat.servlets.DefaultServlet.service(DefaultServlet.java:47)
	at cn.how2j.diytomcat.catalina.HttpProcessor.execute(HttpProcessor.java:42)
	at cn.how2j.diytomcat.catalina.Connector$1.run(Connector.java:53)
	at java.util.concurrent.ThreadPoolExecutor.runWorker(ThreadPoolExecutor.java:1142)
	at java.util.concurrent.ThreadPoolExecutor$Worker.run(ThreadPoolExecutor.java:617)
	at java.lang.Thread.run(Thread.java:745)
07 12, 2022 17:48:09 下午 cn.how2j.diytomcat.catalina.Context deploy
INFO : Deploying web application directory E:\project\diytomcat\webapps\a
07 12, 2022 17:48:09 下午 cn.how2j.diytomcat.catalina.Context deploy
INFO : Deployment of web application directory E:\project\diytomcat\webapps\a has finished in 77 ms
07 12, 2022 17:48:09 下午 cn.how2j.diytomcat.catalina.Context deploy
INFO : Deploying web application directory E:\project\diytomcat\webapps\j2ee
07 12, 2022 17:48:09 下午 cn.how2j.diytomcat.catalina.Context deploy
INFO : Deployment of web application directory E:\project\diytomcat\webapps\j2ee has finished in 3 ms
07 12, 2022 17:48:09 下午 cn.how2j.diytomcat.catalina.Context deploy
INFO : Deploying web application directory E:\project\diytomcat\webapps\ROOT
07 12, 2022 17:48:09 下午 cn.how2j.diytomcat.catalina.Context deploy
INFO : Deployment of web application directory E:\project\diytomcat\webapps\ROOT has finished in 0 ms
07 12, 2022 17:48:09 下午 cn.how2j.diytomcat.catalina.Context deploy
INFO : Deploying web application directory e:/project/diytomcat/b
07 12, 2022 17:48:09 下午 cn.how2j.diytomcat.catalina.Context deploy
INFO : Deployment of web application directory e:/project/diytomcat/b has finished in 1 ms
07 12, 2022 17:48:09 下午 cn.how2j.diytomcat.catalina.Server logJVM
INFO : Server version(服务器版本):		How2J DiyTomcat/1.0.1
07 12, 2022 17:48:09 下午 cn.how2j.diytomcat.catalina.Server logJVM
INFO : Server built(服务器建造):		2022-07-08 09:12:00
07 12, 2022 17:48:09 下午 cn.how2j.diytomcat.catalina.Server logJVM
INFO : Server number:		1.0.1
07 12, 2022 17:48:09 下午 cn.how2j.diytomcat.catalina.Server logJVM
INFO : OS Name	:		Windows 10
07 12, 2022 17:48:09 下午 cn.how2j.diytomcat.catalina.Server logJVM
INFO : OS Version:		10.0
07 12, 2022 17:48:09 下午 cn.how2j.diytomcat.catalina.Server logJVM
INFO : Architecture(架构):		x86
07 12, 2022 17:48:09 下午 cn.how2j.diytomcat.catalina.Server logJVM
INFO : Java Home:		E:\JDK\jre
07 12, 2022 17:48:09 下午 cn.how2j.diytomcat.catalina.Server logJVM
INFO : JVM Version:		1.8.0_65-b17
07 12, 2022 17:48:09 下午 cn.how2j.diytomcat.catalina.Server logJVM
INFO : JVM Vendor(供应商):		Oracle Corporation
07 12, 2022 17:48:09 下午 cn.how2j.diytomcat.catalina.Connector init
INFO : Initializing ProtocolHandler [http-bio-18080]
07 12, 2022 17:48:09 下午 cn.how2j.diytomcat.catalina.Connector init
INFO : Initializing ProtocolHandler [http-bio-18081]
07 12, 2022 17:48:09 下午 cn.how2j.diytomcat.catalina.Connector init
INFO : Initializing ProtocolHandler [http-bio-18082]
07 12, 2022 17:48:09 下午 cn.how2j.diytomcat.catalina.Service init
INFO : Initialization processed in 1 ms
07 12, 2022 17:48:09 下午 cn.how2j.diytomcat.catalina.Connector start
INFO : Starting ProtocolHandler [http-bio-18080]
07 12, 2022 17:48:09 下午 cn.how2j.diytomcat.catalina.Connector start
INFO : Starting ProtocolHandler [http-bio-18081]
07 12, 2022 17:48:09 下午 cn.how2j.diytomcat.catalina.Connector start
INFO : Starting ProtocolHandler [http-bio-18082]
07 12, 2022 17:48:09 下午 cn.how2j.diytomcat.catalina.Server start
INFO : Server startup in 4 ms
07 12, 2022 17:48:15 下午 cn.how2j.diytomcat.catalina.HttpProcessor error
ERROR: this is a deliberately created exception
java.lang.RuntimeException: this is a deliberately created exception
	at cn.how2j.diytomcat.servlets.DefaultServlet.service(DefaultServlet.java:47)
	at cn.how2j.diytomcat.catalina.HttpProcessor.execute(HttpProcessor.java:42)
	at cn.how2j.diytomcat.catalina.Connector$1.run(Connector.java:53)
	at java.util.concurrent.ThreadPoolExecutor.runWorker(ThreadPoolExecutor.java:1142)
	at java.util.concurrent.ThreadPoolExecutor$Worker.run(ThreadPoolExecutor.java:617)
	at java.lang.Thread.run(Thread.java:745)
