07 14, 2022 09:17:49 上午 cn.how2j.diytomcat.catalina.Context deploy
INFO : Deploying web application directory E:\project\diytomcat\webapps\a
07 14, 2022 09:17:49 上午 cn.how2j.diytomcat.catalina.Context deploy
INFO : Deployment of web application directory E:\project\diytomcat\webapps\a has finished in 213 ms
07 14, 2022 09:17:49 上午 cn.how2j.diytomcat.catalina.Context deploy
INFO : Deploying web application directory E:\project\diytomcat\webapps\j2ee
07 14, 2022 09:17:49 上午 cn.how2j.diytomcat.catalina.Context deploy
INFO : Deployment of web application directory E:\project\diytomcat\webapps\j2ee has finished in 3 ms
07 14, 2022 09:17:49 上午 cn.how2j.diytomcat.catalina.Context deploy
INFO : Deploying web application directory E:\project\diytomcat\webapps\ROOT
07 14, 2022 09:17:49 上午 cn.how2j.diytomcat.catalina.Context deploy
INFO : Deployment of web application directory E:\project\diytomcat\webapps\ROOT has finished in 1 ms
07 14, 2022 09:17:49 上午 cn.how2j.diytomcat.catalina.Context deploy
INFO : Deploying web application directory e:/project/diytomcat/b
07 14, 2022 09:17:49 上午 cn.how2j.diytomcat.catalina.Context deploy
INFO : Deployment of web application directory e:/project/diytomcat/b has finished in 0 ms
07 14, 2022 09:17:49 上午 cn.how2j.diytomcat.catalina.Context deploy
INFO : Deploying web application directory e:/project/javaweb/web
07 14, 2022 09:17:49 上午 cn.how2j.diytomcat.catalina.Context deploy
INFO : Deployment of web application directory e:/project/javaweb/web has finished in 2 ms
07 14, 2022 09:17:49 上午 cn.how2j.diytomcat.catalina.Server logJVM
INFO : Server version(服务器版本):		How2J DiyTomcat/1.0.1
07 14, 2022 09:17:49 上午 cn.how2j.diytomcat.catalina.Server logJVM
INFO : Server built(服务器建造):		2022-07-08 09:12:00
07 14, 2022 09:17:49 上午 cn.how2j.diytomcat.catalina.Server logJVM
INFO : Server number:		1.0.1
07 14, 2022 09:17:49 上午 cn.how2j.diytomcat.catalina.Server logJVM
INFO : OS Name	:		Windows 10
07 14, 2022 09:17:49 上午 cn.how2j.diytomcat.catalina.Server logJVM
INFO : OS Version:		10.0
07 14, 2022 09:17:49 上午 cn.how2j.diytomcat.catalina.Server logJVM
INFO : Architecture(架构):		x86
07 14, 2022 09:17:49 上午 cn.how2j.diytomcat.catalina.Server logJVM
INFO : Java Home:		E:\JDK\jre
07 14, 2022 09:17:49 上午 cn.how2j.diytomcat.catalina.Server logJVM
INFO : JVM Version:		1.8.0_65-b17
07 14, 2022 09:17:49 上午 cn.how2j.diytomcat.catalina.Server logJVM
INFO : JVM Vendor(供应商):		Oracle Corporation
07 14, 2022 09:17:49 上午 cn.how2j.diytomcat.catalina.Connector init
INFO : Initializing ProtocolHandler [http-bio-18080]
07 14, 2022 09:17:49 上午 cn.how2j.diytomcat.catalina.Connector init
INFO : Initializing ProtocolHandler [http-bio-18081]
07 14, 2022 09:17:49 上午 cn.how2j.diytomcat.catalina.Connector init
INFO : Initializing ProtocolHandler [http-bio-18082]
07 14, 2022 09:17:49 上午 cn.how2j.diytomcat.catalina.Service init
INFO : Initialization processed in 1 ms
07 14, 2022 09:17:49 上午 cn.how2j.diytomcat.catalina.Connector start
INFO : Starting ProtocolHandler [http-bio-18080]
07 14, 2022 09:17:49 上午 cn.how2j.diytomcat.catalina.Connector start
INFO : Starting ProtocolHandler [http-bio-18081]
07 14, 2022 09:17:49 上午 cn.how2j.diytomcat.catalina.Connector start
INFO : Starting ProtocolHandler [http-bio-18082]
07 14, 2022 09:17:49 上午 cn.how2j.diytomcat.catalina.Server start
INFO : Server startup in 5 ms
07 14, 2022 09:18:01 上午 cn.how2j.diytomcat.catalina.HttpProcessor error
ERROR: this is a deliberately created exception
java.lang.RuntimeException: this is a deliberately created exception
	at cn.how2j.diytomcat.servlets.DefaultServlet.service(DefaultServlet.java:47)
	at cn.how2j.diytomcat.catalina.HttpProcessor.execute(HttpProcessor.java:42)
	at cn.how2j.diytomcat.catalina.Connector$1.run(Connector.java:53)
	at java.util.concurrent.ThreadPoolExecutor.runWorker(ThreadPoolExecutor.java:1142)
	at java.util.concurrent.ThreadPoolExecutor$Worker.run(ThreadPoolExecutor.java:617)
	at java.lang.Thread.run(Thread.java:745)
07 14, 2022 09:18:59 上午 cn.how2j.diytomcat.catalina.HttpProcessor error
ERROR: this is a deliberately created exception
java.lang.RuntimeException: this is a deliberately created exception
	at cn.how2j.diytomcat.servlets.DefaultServlet.service(DefaultServlet.java:47)
	at cn.how2j.diytomcat.catalina.HttpProcessor.execute(HttpProcessor.java:42)
	at cn.how2j.diytomcat.catalina.Connector$1.run(Connector.java:53)
	at java.util.concurrent.ThreadPoolExecutor.runWorker(ThreadPoolExecutor.java:1142)
	at java.util.concurrent.ThreadPoolExecutor$Worker.run(ThreadPoolExecutor.java:617)
	at java.lang.Thread.run(Thread.java:745)
07 14, 2022 09:35:34 上午 cn.how2j.diytomcat.catalina.Context deploy
INFO : Deploying web application directory E:\project\diytomcat\webapps\a
07 14, 2022 09:35:34 上午 cn.how2j.diytomcat.catalina.Context deploy
INFO : Deployment of web application directory E:\project\diytomcat\webapps\a has finished in 84 ms
07 14, 2022 09:35:34 上午 cn.how2j.diytomcat.catalina.Context deploy
INFO : Deploying web application directory E:\project\diytomcat\webapps\j2ee
07 14, 2022 09:35:34 上午 cn.how2j.diytomcat.catalina.Context deploy
INFO : Deployment of web application directory E:\project\diytomcat\webapps\j2ee has finished in 7 ms
07 14, 2022 09:35:34 上午 cn.how2j.diytomcat.catalina.Context deploy
INFO : Deploying web application directory E:\project\diytomcat\webapps\ROOT
07 14, 2022 09:35:34 上午 cn.how2j.diytomcat.catalina.Context deploy
INFO : Deployment of web application directory E:\project\diytomcat\webapps\ROOT has finished in 0 ms
07 14, 2022 09:35:34 上午 cn.how2j.diytomcat.catalina.Context deploy
INFO : Deploying web application directory e:/project/diytomcat/b
07 14, 2022 09:35:34 上午 cn.how2j.diytomcat.catalina.Context deploy
INFO : Deployment of web application directory e:/project/diytomcat/b has finished in 0 ms
07 14, 2022 09:35:34 上午 cn.how2j.diytomcat.catalina.Context deploy
INFO : Deploying web application directory e:/project/javaweb/web
07 14, 2022 09:35:34 上午 cn.how2j.diytomcat.catalina.Context deploy
INFO : Deployment of web application directory e:/project/javaweb/web has finished in 2 ms
07 14, 2022 09:35:34 上午 cn.how2j.diytomcat.catalina.Server logJVM
INFO : Server version(服务器版本):		How2J DiyTomcat/1.0.1
07 14, 2022 09:35:34 上午 cn.how2j.diytomcat.catalina.Server logJVM
INFO : Server built(服务器建造):		2022-07-08 09:12:00
07 14, 2022 09:35:34 上午 cn.how2j.diytomcat.catalina.Server logJVM
INFO : Server number:		1.0.1
07 14, 2022 09:35:34 上午 cn.how2j.diytomcat.catalina.Server logJVM
INFO : OS Name	:		Windows 10
07 14, 2022 09:35:34 上午 cn.how2j.diytomcat.catalina.Server logJVM
INFO : OS Version:		10.0
07 14, 2022 09:35:34 上午 cn.how2j.diytomcat.catalina.Server logJVM
INFO : Architecture(架构):		x86
07 14, 2022 09:35:34 上午 cn.how2j.diytomcat.catalina.Server logJVM
INFO : Java Home:		E:\JDK\jre
07 14, 2022 09:35:34 上午 cn.how2j.diytomcat.catalina.Server logJVM
INFO : JVM Version:		1.8.0_65-b17
07 14, 2022 09:35:34 上午 cn.how2j.diytomcat.catalina.Server logJVM
INFO : JVM Vendor(供应商):		Oracle Corporation
07 14, 2022 09:35:34 上午 cn.how2j.diytomcat.catalina.Connector init
INFO : Initializing ProtocolHandler [http-bio-18080]
07 14, 2022 09:35:34 上午 cn.how2j.diytomcat.catalina.Connector init
INFO : Initializing ProtocolHandler [http-bio-18081]
07 14, 2022 09:35:34 上午 cn.how2j.diytomcat.catalina.Connector init
INFO : Initializing ProtocolHandler [http-bio-18082]
07 14, 2022 09:35:34 上午 cn.how2j.diytomcat.catalina.Service init
INFO : Initialization processed in 0 ms
07 14, 2022 09:35:34 上午 cn.how2j.diytomcat.catalina.Connector start
INFO : Starting ProtocolHandler [http-bio-18080]
07 14, 2022 09:35:34 上午 cn.how2j.diytomcat.catalina.Connector start
INFO : Starting ProtocolHandler [http-bio-18081]
07 14, 2022 09:35:34 上午 cn.how2j.diytomcat.catalina.Connector start
INFO : Starting ProtocolHandler [http-bio-18082]
07 14, 2022 09:35:34 上午 cn.how2j.diytomcat.catalina.Server start
INFO : Server startup in 5 ms
07 14, 2022 09:35:45 上午 cn.how2j.diytomcat.catalina.HttpProcessor error
ERROR: this is a deliberately created exception
java.lang.RuntimeException: this is a deliberately created exception
	at cn.how2j.diytomcat.servlets.DefaultServlet.service(DefaultServlet.java:47)
	at cn.how2j.diytomcat.catalina.HttpProcessor.execute(HttpProcessor.java:42)
	at cn.how2j.diytomcat.catalina.Connector$1.run(Connector.java:53)
	at java.util.concurrent.ThreadPoolExecutor.runWorker(ThreadPoolExecutor.java:1142)
	at java.util.concurrent.ThreadPoolExecutor$Worker.run(ThreadPoolExecutor.java:617)
	at java.lang.Thread.run(Thread.java:745)
07 14, 2022 09:55:31 上午 cn.how2j.diytomcat.catalina.Context deploy
INFO : Deploying web application directory E:\project\diytomcat\webapps\a
07 14, 2022 09:55:31 上午 cn.how2j.diytomcat.catalina.Context deploy
INFO : Deployment of web application directory E:\project\diytomcat\webapps\a has finished in 78 ms
07 14, 2022 09:55:31 上午 cn.how2j.diytomcat.catalina.Context deploy
INFO : Deploying web application directory E:\project\diytomcat\webapps\j2ee
07 14, 2022 09:55:32 上午 cn.how2j.diytomcat.catalina.Context deploy
INFO : Deployment of web application directory E:\project\diytomcat\webapps\j2ee has finished in 3 ms
07 14, 2022 09:55:32 上午 cn.how2j.diytomcat.catalina.Context deploy
INFO : Deploying web application directory E:\project\diytomcat\webapps\ROOT
07 14, 2022 09:55:32 上午 cn.how2j.diytomcat.catalina.Context deploy
INFO : Deployment of web application directory E:\project\diytomcat\webapps\ROOT has finished in 0 ms
07 14, 2022 09:55:32 上午 cn.how2j.diytomcat.catalina.Context deploy
INFO : Deploying web application directory e:/project/diytomcat/b
07 14, 2022 09:55:32 上午 cn.how2j.diytomcat.catalina.Context deploy
INFO : Deployment of web application directory e:/project/diytomcat/b has finished in 0 ms
07 14, 2022 09:55:32 上午 cn.how2j.diytomcat.catalina.Context deploy
INFO : Deploying web application directory e:/project/javaweb/web
07 14, 2022 09:55:32 上午 cn.how2j.diytomcat.catalina.Context deploy
INFO : Deployment of web application directory e:/project/javaweb/web has finished in 1 ms
07 14, 2022 09:55:32 上午 cn.how2j.diytomcat.catalina.Server logJVM
INFO : Server version(服务器版本):		How2J DiyTomcat/1.0.1
07 14, 2022 09:55:32 上午 cn.how2j.diytomcat.catalina.Server logJVM
INFO : Server built(服务器建造):		2022-07-08 09:12:00
07 14, 2022 09:55:32 上午 cn.how2j.diytomcat.catalina.Server logJVM
INFO : Server number:		1.0.1
07 14, 2022 09:55:32 上午 cn.how2j.diytomcat.catalina.Server logJVM
INFO : OS Name	:		Windows 10
07 14, 2022 09:55:32 上午 cn.how2j.diytomcat.catalina.Server logJVM
INFO : OS Version:		10.0
07 14, 2022 09:55:32 上午 cn.how2j.diytomcat.catalina.Server logJVM
INFO : Architecture(架构):		x86
07 14, 2022 09:55:32 上午 cn.how2j.diytomcat.catalina.Server logJVM
INFO : Java Home:		E:\JDK\jre
07 14, 2022 09:55:32 上午 cn.how2j.diytomcat.catalina.Server logJVM
INFO : JVM Version:		1.8.0_65-b17
07 14, 2022 09:55:32 上午 cn.how2j.diytomcat.catalina.Server logJVM
INFO : JVM Vendor(供应商):		Oracle Corporation
07 14, 2022 09:55:32 上午 cn.how2j.diytomcat.catalina.Connector init
INFO : Initializing ProtocolHandler [http-bio-18080]
07 14, 2022 09:55:32 上午 cn.how2j.diytomcat.catalina.Connector init
INFO : Initializing ProtocolHandler [http-bio-18081]
07 14, 2022 09:55:32 上午 cn.how2j.diytomcat.catalina.Connector init
INFO : Initializing ProtocolHandler [http-bio-18082]
07 14, 2022 09:55:32 上午 cn.how2j.diytomcat.catalina.Service init
INFO : Initialization processed in 1 ms
07 14, 2022 09:55:32 上午 cn.how2j.diytomcat.catalina.Connector start
INFO : Starting ProtocolHandler [http-bio-18080]
07 14, 2022 09:55:32 上午 cn.how2j.diytomcat.catalina.Connector start
INFO : Starting ProtocolHandler [http-bio-18081]
07 14, 2022 09:55:32 上午 cn.how2j.diytomcat.catalina.Connector start
INFO : Starting ProtocolHandler [http-bio-18082]
07 14, 2022 09:55:32 上午 cn.how2j.diytomcat.catalina.Server start
INFO : Server startup in 4 ms
07 14, 2022 09:55:34 上午 cn.how2j.diytomcat.catalina.HttpProcessor error
ERROR: this is a deliberately created exception
java.lang.RuntimeException: this is a deliberately created exception
	at cn.how2j.diytomcat.servlets.DefaultServlet.service(DefaultServlet.java:47)
	at cn.how2j.diytomcat.catalina.HttpProcessor.execute(HttpProcessor.java:42)
	at cn.how2j.diytomcat.catalina.Connector$1.run(Connector.java:53)
	at java.util.concurrent.ThreadPoolExecutor.runWorker(ThreadPoolExecutor.java:1142)
	at java.util.concurrent.ThreadPoolExecutor$Worker.run(ThreadPoolExecutor.java:617)
	at java.lang.Thread.run(Thread.java:745)
07 14, 2022 10:04:18 上午 cn.how2j.diytomcat.catalina.Context deploy
INFO : Deploying web application directory E:\project\diytomcat\webapps\a
07 14, 2022 10:04:18 上午 cn.how2j.diytomcat.catalina.Context deploy
INFO : Deployment of web application directory E:\project\diytomcat\webapps\a has finished in 83 ms
07 14, 2022 10:04:18 上午 cn.how2j.diytomcat.catalina.Context deploy
INFO : Deploying web application directory E:\project\diytomcat\webapps\j2ee
07 14, 2022 10:04:18 上午 cn.how2j.diytomcat.catalina.Context deploy
INFO : Deployment of web application directory E:\project\diytomcat\webapps\j2ee has finished in 5 ms
07 14, 2022 10:04:18 上午 cn.how2j.diytomcat.catalina.Context deploy
INFO : Deploying web application directory E:\project\diytomcat\webapps\ROOT
07 14, 2022 10:04:18 上午 cn.how2j.diytomcat.catalina.Context deploy
INFO : Deployment of web application directory E:\project\diytomcat\webapps\ROOT has finished in 0 ms
07 14, 2022 10:04:18 上午 cn.how2j.diytomcat.catalina.Context deploy
INFO : Deploying web application directory e:/project/diytomcat/b
07 14, 2022 10:04:18 上午 cn.how2j.diytomcat.catalina.Context deploy
INFO : Deployment of web application directory e:/project/diytomcat/b has finished in 1 ms
07 14, 2022 10:04:18 上午 cn.how2j.diytomcat.catalina.Context deploy
INFO : Deploying web application directory e:/project/javaweb/web
07 14, 2022 10:04:18 上午 cn.how2j.diytomcat.catalina.Context deploy
INFO : Deployment of web application directory e:/project/javaweb/web has finished in 1 ms
07 14, 2022 10:04:18 上午 cn.how2j.diytomcat.catalina.Server logJVM
INFO : Server version(服务器版本):		How2J DiyTomcat/1.0.1
07 14, 2022 10:04:18 上午 cn.how2j.diytomcat.catalina.Server logJVM
INFO : Server built(服务器建造):		2022-07-08 09:12:00
07 14, 2022 10:04:18 上午 cn.how2j.diytomcat.catalina.Server logJVM
INFO : Server number:		1.0.1
07 14, 2022 10:04:18 上午 cn.how2j.diytomcat.catalina.Server logJVM
INFO : OS Name	:		Windows 10
07 14, 2022 10:04:18 上午 cn.how2j.diytomcat.catalina.Server logJVM
INFO : OS Version:		10.0
07 14, 2022 10:04:18 上午 cn.how2j.diytomcat.catalina.Server logJVM
INFO : Architecture(架构):		x86
07 14, 2022 10:04:18 上午 cn.how2j.diytomcat.catalina.Server logJVM
INFO : Java Home:		E:\JDK\jre
07 14, 2022 10:04:18 上午 cn.how2j.diytomcat.catalina.Server logJVM
INFO : JVM Version:		1.8.0_65-b17
07 14, 2022 10:04:18 上午 cn.how2j.diytomcat.catalina.Server logJVM
INFO : JVM Vendor(供应商):		Oracle Corporation
07 14, 2022 10:04:18 上午 cn.how2j.diytomcat.catalina.Connector init
INFO : Initializing ProtocolHandler [http-bio-18080]
07 14, 2022 10:04:18 上午 cn.how2j.diytomcat.catalina.Connector init
INFO : Initializing ProtocolHandler [http-bio-18081]
07 14, 2022 10:04:18 上午 cn.how2j.diytomcat.catalina.Connector init
INFO : Initializing ProtocolHandler [http-bio-18082]
07 14, 2022 10:04:18 上午 cn.how2j.diytomcat.catalina.Service init
INFO : Initialization processed in 1 ms
07 14, 2022 10:04:18 上午 cn.how2j.diytomcat.catalina.Connector start
INFO : Starting ProtocolHandler [http-bio-18080]
07 14, 2022 10:04:18 上午 cn.how2j.diytomcat.catalina.Connector start
INFO : Starting ProtocolHandler [http-bio-18081]
07 14, 2022 10:04:18 上午 cn.how2j.diytomcat.catalina.Connector start
INFO : Starting ProtocolHandler [http-bio-18082]
07 14, 2022 10:04:18 上午 cn.how2j.diytomcat.catalina.Server start
INFO : Server startup in 4 ms
07 14, 2022 10:05:49 上午 cn.how2j.diytomcat.catalina.Context deploy
INFO : Deploying web application directory E:\project\diytomcat\webapps\a
07 14, 2022 10:05:49 上午 cn.how2j.diytomcat.catalina.Context deploy
INFO : Deployment of web application directory E:\project\diytomcat\webapps\a has finished in 73 ms
07 14, 2022 10:05:49 上午 cn.how2j.diytomcat.catalina.Context deploy
INFO : Deploying web application directory E:\project\diytomcat\webapps\j2ee
07 14, 2022 10:05:49 上午 cn.how2j.diytomcat.catalina.Context deploy
INFO : Deployment of web application directory E:\project\diytomcat\webapps\j2ee has finished in 5 ms
07 14, 2022 10:05:49 上午 cn.how2j.diytomcat.catalina.Context deploy
INFO : Deploying web application directory E:\project\diytomcat\webapps\ROOT
07 14, 2022 10:05:49 上午 cn.how2j.diytomcat.catalina.Context deploy
INFO : Deployment of web application directory E:\project\diytomcat\webapps\ROOT has finished in 1 ms
07 14, 2022 10:05:49 上午 cn.how2j.diytomcat.catalina.Context deploy
INFO : Deploying web application directory e:/project/diytomcat/b
07 14, 2022 10:05:49 上午 cn.how2j.diytomcat.catalina.Context deploy
INFO : Deployment of web application directory e:/project/diytomcat/b has finished in 0 ms
07 14, 2022 10:05:49 上午 cn.how2j.diytomcat.catalina.Context deploy
INFO : Deploying web application directory e:/project/javaweb/web
07 14, 2022 10:05:49 上午 cn.how2j.diytomcat.catalina.Context deploy
INFO : Deployment of web application directory e:/project/javaweb/web has finished in 1 ms
07 14, 2022 10:05:49 上午 cn.how2j.diytomcat.catalina.Server logJVM
INFO : Server version(服务器版本):		How2J DiyTomcat/1.0.1
07 14, 2022 10:05:49 上午 cn.how2j.diytomcat.catalina.Server logJVM
INFO : Server built(服务器建造):		2022-07-08 09:12:00
07 14, 2022 10:05:49 上午 cn.how2j.diytomcat.catalina.Server logJVM
INFO : Server number:		1.0.1
07 14, 2022 10:05:49 上午 cn.how2j.diytomcat.catalina.Server logJVM
INFO : OS Name	:		Windows 10
07 14, 2022 10:05:49 上午 cn.how2j.diytomcat.catalina.Server logJVM
INFO : OS Version:		10.0
07 14, 2022 10:05:49 上午 cn.how2j.diytomcat.catalina.Server logJVM
INFO : Architecture(架构):		x86
07 14, 2022 10:05:49 上午 cn.how2j.diytomcat.catalina.Server logJVM
INFO : Java Home:		E:\JDK\jre
07 14, 2022 10:05:49 上午 cn.how2j.diytomcat.catalina.Server logJVM
INFO : JVM Version:		1.8.0_65-b17
07 14, 2022 10:05:49 上午 cn.how2j.diytomcat.catalina.Server logJVM
INFO : JVM Vendor(供应商):		Oracle Corporation
07 14, 2022 10:05:49 上午 cn.how2j.diytomcat.catalina.Connector init
INFO : Initializing ProtocolHandler [http-bio-18080]
07 14, 2022 10:05:49 上午 cn.how2j.diytomcat.catalina.Connector init
INFO : Initializing ProtocolHandler [http-bio-18081]
07 14, 2022 10:05:49 上午 cn.how2j.diytomcat.catalina.Connector init
INFO : Initializing ProtocolHandler [http-bio-18082]
07 14, 2022 10:05:49 上午 cn.how2j.diytomcat.catalina.Service init
INFO : Initialization processed in 0 ms
07 14, 2022 10:05:49 上午 cn.how2j.diytomcat.catalina.Connector start
INFO : Starting ProtocolHandler [http-bio-18080]
07 14, 2022 10:05:49 上午 cn.how2j.diytomcat.catalina.Connector start
INFO : Starting ProtocolHandler [http-bio-18081]
07 14, 2022 10:05:49 上午 cn.how2j.diytomcat.catalina.Connector start
INFO : Starting ProtocolHandler [http-bio-18082]
07 14, 2022 10:05:49 上午 cn.how2j.diytomcat.catalina.Server start
INFO : Server startup in 4 ms
07 14, 2022 10:06:07 上午 cn.how2j.diytomcat.watcher.ContextFileChangeWatcher$1 dealWith
INFO : cn.how2j.diytomcat.watcher.ContextFileChangeWatcher@177ea检测到了Web应用下的重要文件变化 {}HelloServlet.class
07 14, 2022 10:06:07 上午 cn.how2j.diytomcat.catalina.Host reload
INFO : Reloading Context with name [/javaweb] has started
07 14, 2022 10:06:07 上午 cn.how2j.diytomcat.catalina.Context deploy
INFO : Deploying web application directory e:/project/javaweb/web
07 14, 2022 10:06:07 上午 cn.how2j.diytomcat.catalina.Context deploy
INFO : Deployment of web application directory e:/project/javaweb/web has finished in 1 ms
07 14, 2022 10:06:07 上午 cn.how2j.diytomcat.catalina.Host reload
INFO : Reloading Context with name [/javaweb] has completed
07 14, 2022 10:06:51 上午 cn.how2j.diytomcat.catalina.Context deploy
INFO : Deploying web application directory E:\project\diytomcat\webapps\a
07 14, 2022 10:06:51 上午 cn.how2j.diytomcat.catalina.Context deploy
INFO : Deployment of web application directory E:\project\diytomcat\webapps\a has finished in 72 ms
07 14, 2022 10:06:51 上午 cn.how2j.diytomcat.catalina.Context deploy
INFO : Deploying web application directory E:\project\diytomcat\webapps\j2ee
07 14, 2022 10:06:51 上午 cn.how2j.diytomcat.catalina.Context deploy
INFO : Deployment of web application directory E:\project\diytomcat\webapps\j2ee has finished in 7 ms
07 14, 2022 10:06:51 上午 cn.how2j.diytomcat.catalina.Context deploy
INFO : Deploying web application directory E:\project\diytomcat\webapps\ROOT
07 14, 2022 10:06:51 上午 cn.how2j.diytomcat.catalina.Context deploy
INFO : Deployment of web application directory E:\project\diytomcat\webapps\ROOT has finished in 0 ms
07 14, 2022 10:06:51 上午 cn.how2j.diytomcat.catalina.Context deploy
INFO : Deploying web application directory e:/project/diytomcat/b
07 14, 2022 10:06:51 上午 cn.how2j.diytomcat.catalina.Context deploy
INFO : Deployment of web application directory e:/project/diytomcat/b has finished in 1 ms
07 14, 2022 10:06:51 上午 cn.how2j.diytomcat.catalina.Context deploy
INFO : Deploying web application directory e:/project/javaweb/web
07 14, 2022 10:06:51 上午 cn.how2j.diytomcat.catalina.Context deploy
INFO : Deployment of web application directory e:/project/javaweb/web has finished in 1 ms
07 14, 2022 10:06:51 上午 cn.how2j.diytomcat.catalina.Server logJVM
INFO : Server version(服务器版本):		How2J DiyTomcat/1.0.1
07 14, 2022 10:06:51 上午 cn.how2j.diytomcat.catalina.Server logJVM
INFO : Server built(服务器建造):		2022-07-08 09:12:00
07 14, 2022 10:06:51 上午 cn.how2j.diytomcat.catalina.Server logJVM
INFO : Server number:		1.0.1
07 14, 2022 10:06:51 上午 cn.how2j.diytomcat.catalina.Server logJVM
INFO : OS Name	:		Windows 10
07 14, 2022 10:06:51 上午 cn.how2j.diytomcat.catalina.Server logJVM
INFO : OS Version:		10.0
07 14, 2022 10:06:51 上午 cn.how2j.diytomcat.catalina.Server logJVM
INFO : Architecture(架构):		x86
07 14, 2022 10:06:51 上午 cn.how2j.diytomcat.catalina.Server logJVM
INFO : Java Home:		E:\JDK\jre
07 14, 2022 10:06:51 上午 cn.how2j.diytomcat.catalina.Server logJVM
INFO : JVM Version:		1.8.0_65-b17
07 14, 2022 10:06:51 上午 cn.how2j.diytomcat.catalina.Server logJVM
INFO : JVM Vendor(供应商):		Oracle Corporation
07 14, 2022 10:06:51 上午 cn.how2j.diytomcat.catalina.Connector init
INFO : Initializing ProtocolHandler [http-bio-18080]
07 14, 2022 10:06:51 上午 cn.how2j.diytomcat.catalina.Connector init
INFO : Initializing ProtocolHandler [http-bio-18081]
07 14, 2022 10:06:51 上午 cn.how2j.diytomcat.catalina.Connector init
INFO : Initializing ProtocolHandler [http-bio-18082]
07 14, 2022 10:06:51 上午 cn.how2j.diytomcat.catalina.Service init
INFO : Initialization processed in 1 ms
07 14, 2022 10:06:51 上午 cn.how2j.diytomcat.catalina.Connector start
INFO : Starting ProtocolHandler [http-bio-18080]
07 14, 2022 10:06:51 上午 cn.how2j.diytomcat.catalina.Connector start
INFO : Starting ProtocolHandler [http-bio-18081]
07 14, 2022 10:06:51 上午 cn.how2j.diytomcat.catalina.Connector start
INFO : Starting ProtocolHandler [http-bio-18082]
07 14, 2022 10:06:51 上午 cn.how2j.diytomcat.catalina.Server start
INFO : Server startup in 4 ms
07 14, 2022 10:06:53 上午 cn.how2j.diytomcat.catalina.HttpProcessor error
ERROR: this is a deliberately created exception
java.lang.RuntimeException: this is a deliberately created exception
	at cn.how2j.diytomcat.servlets.DefaultServlet.service(DefaultServlet.java:47)
	at cn.how2j.diytomcat.catalina.HttpProcessor.execute(HttpProcessor.java:42)
	at cn.how2j.diytomcat.catalina.Connector$1.run(Connector.java:53)
	at java.util.concurrent.ThreadPoolExecutor.runWorker(ThreadPoolExecutor.java:1142)
	at java.util.concurrent.ThreadPoolExecutor$Worker.run(ThreadPoolExecutor.java:617)
	at java.lang.Thread.run(Thread.java:745)
07 14, 2022 10:18:36 上午 cn.how2j.diytomcat.watcher.ContextFileChangeWatcher$1 dealWith
INFO : cn.how2j.diytomcat.watcher.ContextFileChangeWatcher@1f2e03b检测到了Web应用下的重要文件变化 {}web.xml
07 14, 2022 10:18:36 上午 cn.how2j.diytomcat.catalina.Host reload
INFO : Reloading Context with name [/javaweb] has started
07 14, 2022 10:18:36 上午 cn.how2j.diytomcat.catalina.Context deploy
INFO : Deploying web application directory e:/project/javaweb/web
07 14, 2022 10:18:37 上午 cn.how2j.diytomcat.catalina.Context deploy
INFO : Deployment of web application directory e:/project/javaweb/web has finished in 356 ms
07 14, 2022 10:18:37 上午 cn.how2j.diytomcat.catalina.Host reload
INFO : Reloading Context with name [/javaweb] has completed
07 14, 2022 10:19:17 上午 cn.how2j.diytomcat.watcher.ContextFileChangeWatcher$1 dealWith
INFO : cn.how2j.diytomcat.watcher.ContextFileChangeWatcher@1fd78b4检测到了Web应用下的重要文件变化 {}web.xml
07 14, 2022 10:19:17 上午 cn.how2j.diytomcat.catalina.Host reload
INFO : Reloading Context with name [/javaweb] has started
07 14, 2022 10:19:17 上午 cn.how2j.diytomcat.catalina.Context deploy
INFO : Deploying web application directory e:/project/javaweb/web
07 14, 2022 10:19:17 上午 cn.how2j.diytomcat.catalina.Context deploy
INFO : Deployment of web application directory e:/project/javaweb/web has finished in 22 ms
07 14, 2022 10:19:17 上午 cn.how2j.diytomcat.catalina.Host reload
INFO : Reloading Context with name [/javaweb] has completed
07 14, 2022 10:19:46 上午 cn.how2j.diytomcat.watcher.ContextFileChangeWatcher$1 dealWith
INFO : cn.how2j.diytomcat.watcher.ContextFileChangeWatcher@1c6ddd检测到了Web应用下的重要文件变化 {}web.xml
07 14, 2022 10:19:46 上午 cn.how2j.diytomcat.catalina.Host reload
INFO : Reloading Context with name [/javaweb] has started
07 14, 2022 10:19:46 上午 cn.how2j.diytomcat.catalina.Context deploy
INFO : Deploying web application directory e:/project/javaweb/web
07 14, 2022 10:19:46 上午 cn.how2j.diytomcat.catalina.Context deploy
INFO : Deployment of web application directory e:/project/javaweb/web has finished in 106 ms
07 14, 2022 10:19:46 上午 cn.how2j.diytomcat.catalina.Host reload
INFO : Reloading Context with name [/javaweb] has completed
07 14, 2022 10:22:41 上午 cn.how2j.diytomcat.watcher.ContextFileChangeWatcher$1 dealWith
INFO : cn.how2j.diytomcat.watcher.ContextFileChangeWatcher@148dfdf检测到了Web应用下的重要文件变化 {}HelloServlet.class
07 14, 2022 10:22:41 上午 cn.how2j.diytomcat.catalina.Host reload
INFO : Reloading Context with name [/javaweb] has started
07 14, 2022 10:22:41 上午 cn.how2j.diytomcat.catalina.Context deploy
INFO : Deploying web application directory e:/project/javaweb/web
07 14, 2022 10:22:41 上午 cn.how2j.diytomcat.catalina.Context deploy
INFO : Deployment of web application directory e:/project/javaweb/web has finished in 1 ms
07 14, 2022 10:22:41 上午 cn.how2j.diytomcat.catalina.Host reload
INFO : Reloading Context with name [/javaweb] has completed
07 14, 2022 10:43:20 上午 cn.how2j.diytomcat.watcher.ContextFileChangeWatcher$1 dealWith
INFO : cn.how2j.diytomcat.watcher.ContextFileChangeWatcher@203c68检测到了Web应用下的重要文件变化 {}web.xml
07 14, 2022 10:43:20 上午 cn.how2j.diytomcat.catalina.Host reload
INFO : Reloading Context with name [/javaweb] has started
07 14, 2022 10:43:20 上午 cn.how2j.diytomcat.catalina.Context deploy
INFO : Deploying web application directory e:/project/javaweb/web
07 14, 2022 10:43:20 上午 cn.how2j.diytomcat.catalina.Context deploy
INFO : Deployment of web application directory e:/project/javaweb/web has finished in 102 ms
07 14, 2022 10:43:20 上午 cn.how2j.diytomcat.catalina.Host reload
INFO : Reloading Context with name [/javaweb] has completed
07 14, 2022 10:44:05 上午 cn.how2j.diytomcat.catalina.Context deploy
INFO : Deploying web application directory E:\project\diytomcat\webapps\a
07 14, 2022 10:44:05 上午 cn.how2j.diytomcat.catalina.Context deploy
INFO : Deployment of web application directory E:\project\diytomcat\webapps\a has finished in 80 ms
07 14, 2022 10:44:05 上午 cn.how2j.diytomcat.catalina.Context deploy
INFO : Deploying web application directory E:\project\diytomcat\webapps\j2ee
07 14, 2022 10:44:05 上午 cn.how2j.diytomcat.catalina.Context deploy
INFO : Deployment of web application directory E:\project\diytomcat\webapps\j2ee has finished in 2 ms
07 14, 2022 10:44:05 上午 cn.how2j.diytomcat.catalina.Context deploy
INFO : Deploying web application directory E:\project\diytomcat\webapps\ROOT
07 14, 2022 10:44:05 上午 cn.how2j.diytomcat.catalina.Context deploy
INFO : Deployment of web application directory E:\project\diytomcat\webapps\ROOT has finished in 0 ms
07 14, 2022 10:44:05 上午 cn.how2j.diytomcat.catalina.Context deploy
INFO : Deploying web application directory e:/project/diytomcat/b
07 14, 2022 10:44:05 上午 cn.how2j.diytomcat.catalina.Context deploy
INFO : Deployment of web application directory e:/project/diytomcat/b has finished in 0 ms
07 14, 2022 10:44:05 上午 cn.how2j.diytomcat.catalina.Context deploy
INFO : Deploying web application directory e:/project/javaweb/web
07 14, 2022 10:44:05 上午 cn.how2j.diytomcat.catalina.Context deploy
INFO : Deployment of web application directory e:/project/javaweb/web has finished in 3 ms
07 14, 2022 10:44:05 上午 cn.how2j.diytomcat.catalina.Server logJVM
INFO : Server version(服务器版本):		How2J DiyTomcat/1.0.1
07 14, 2022 10:44:05 上午 cn.how2j.diytomcat.catalina.Server logJVM
INFO : Server built(服务器建造):		2022-07-08 09:12:00
07 14, 2022 10:44:05 上午 cn.how2j.diytomcat.catalina.Server logJVM
INFO : Server number:		1.0.1
07 14, 2022 10:44:05 上午 cn.how2j.diytomcat.catalina.Server logJVM
INFO : OS Name	:		Windows 10
07 14, 2022 10:44:05 上午 cn.how2j.diytomcat.catalina.Server logJVM
INFO : OS Version:		10.0
07 14, 2022 10:44:05 上午 cn.how2j.diytomcat.catalina.Server logJVM
INFO : Architecture(架构):		x86
07 14, 2022 10:44:05 上午 cn.how2j.diytomcat.catalina.Server logJVM
INFO : Java Home:		E:\JDK\jre
07 14, 2022 10:44:05 上午 cn.how2j.diytomcat.catalina.Server logJVM
INFO : JVM Version:		1.8.0_65-b17
07 14, 2022 10:44:05 上午 cn.how2j.diytomcat.catalina.Server logJVM
INFO : JVM Vendor(供应商):		Oracle Corporation
07 14, 2022 10:44:05 上午 cn.how2j.diytomcat.catalina.Connector init
INFO : Initializing ProtocolHandler [http-bio-18080]
07 14, 2022 10:44:05 上午 cn.how2j.diytomcat.catalina.Connector init
INFO : Initializing ProtocolHandler [http-bio-18081]
07 14, 2022 10:44:05 上午 cn.how2j.diytomcat.catalina.Connector init
INFO : Initializing ProtocolHandler [http-bio-18082]
07 14, 2022 10:44:05 上午 cn.how2j.diytomcat.catalina.Service init
INFO : Initialization processed in 0 ms
07 14, 2022 10:44:05 上午 cn.how2j.diytomcat.catalina.Connector start
INFO : Starting ProtocolHandler [http-bio-18080]
07 14, 2022 10:44:05 上午 cn.how2j.diytomcat.catalina.Connector start
INFO : Starting ProtocolHandler [http-bio-18081]
07 14, 2022 10:44:05 上午 cn.how2j.diytomcat.catalina.Connector start
INFO : Starting ProtocolHandler [http-bio-18082]
07 14, 2022 10:44:05 上午 cn.how2j.diytomcat.catalina.Server start
INFO : Server startup in 3 ms
07 14, 2022 10:44:47 上午 cn.how2j.diytomcat.watcher.ContextFileChangeWatcher$1 dealWith
INFO : cn.how2j.diytomcat.watcher.ContextFileChangeWatcher@1a6fb13检测到了Web应用下的重要文件变化 {}HelloServlet.class
07 14, 2022 10:44:47 上午 cn.how2j.diytomcat.catalina.Host reload
INFO : Reloading Context with name [/javaweb] has started
07 14, 2022 10:44:47 上午 cn.how2j.diytomcat.catalina.Context deploy
INFO : Deploying web application directory e:/project/javaweb/web
07 14, 2022 10:44:47 上午 cn.how2j.diytomcat.catalina.Context deploy
INFO : Deployment of web application directory e:/project/javaweb/web has finished in 2 ms
07 14, 2022 10:44:47 上午 cn.how2j.diytomcat.catalina.Host reload
INFO : Reloading Context with name [/javaweb] has completed
07 14, 2022 10:45:16 上午 cn.how2j.diytomcat.catalina.HttpProcessor error
ERROR: this is a deliberately created exception
java.lang.RuntimeException: this is a deliberately created exception
	at cn.how2j.diytomcat.servlets.DefaultServlet.service(DefaultServlet.java:47)
	at cn.how2j.diytomcat.catalina.HttpProcessor.execute(HttpProcessor.java:42)
	at cn.how2j.diytomcat.catalina.Connector$1.run(Connector.java:53)
	at java.util.concurrent.ThreadPoolExecutor.runWorker(ThreadPoolExecutor.java:1142)
	at java.util.concurrent.ThreadPoolExecutor$Worker.run(ThreadPoolExecutor.java:617)
	at java.lang.Thread.run(Thread.java:745)
07 14, 2022 10:46:59 上午 cn.how2j.diytomcat.catalina.Context deploy
INFO : Deploying web application directory E:\project\diytomcat\webapps\a
07 14, 2022 10:46:59 上午 cn.how2j.diytomcat.catalina.Context deploy
INFO : Deployment of web application directory E:\project\diytomcat\webapps\a has finished in 98 ms
07 14, 2022 10:46:59 上午 cn.how2j.diytomcat.catalina.Context deploy
INFO : Deploying web application directory E:\project\diytomcat\webapps\j2ee
07 14, 2022 10:46:59 上午 cn.how2j.diytomcat.catalina.Context deploy
INFO : Deployment of web application directory E:\project\diytomcat\webapps\j2ee has finished in 3 ms
07 14, 2022 10:46:59 上午 cn.how2j.diytomcat.catalina.Context deploy
INFO : Deploying web application directory E:\project\diytomcat\webapps\ROOT
07 14, 2022 10:46:59 上午 cn.how2j.diytomcat.catalina.Context deploy
INFO : Deployment of web application directory E:\project\diytomcat\webapps\ROOT has finished in 1 ms
07 14, 2022 10:46:59 上午 cn.how2j.diytomcat.catalina.Context deploy
INFO : Deploying web application directory e:/project/diytomcat/b
07 14, 2022 10:46:59 上午 cn.how2j.diytomcat.catalina.Context deploy
INFO : Deployment of web application directory e:/project/diytomcat/b has finished in 0 ms
07 14, 2022 10:46:59 上午 cn.how2j.diytomcat.catalina.Context deploy
INFO : Deploying web application directory e:/project/javaweb/web
07 14, 2022 10:46:59 上午 cn.how2j.diytomcat.catalina.Context deploy
INFO : Deployment of web application directory e:/project/javaweb/web has finished in 4 ms
07 14, 2022 10:46:59 上午 cn.how2j.diytomcat.catalina.Server logJVM
INFO : Server version(服务器版本):		How2J DiyTomcat/1.0.1
07 14, 2022 10:46:59 上午 cn.how2j.diytomcat.catalina.Server logJVM
INFO : Server built(服务器建造):		2022-07-08 09:12:00
07 14, 2022 10:46:59 上午 cn.how2j.diytomcat.catalina.Server logJVM
INFO : Server number:		1.0.1
07 14, 2022 10:46:59 上午 cn.how2j.diytomcat.catalina.Server logJVM
INFO : OS Name	:		Windows 10
07 14, 2022 10:46:59 上午 cn.how2j.diytomcat.catalina.Server logJVM
INFO : OS Version:		10.0
07 14, 2022 10:46:59 上午 cn.how2j.diytomcat.catalina.Server logJVM
INFO : Architecture(架构):		x86
07 14, 2022 10:46:59 上午 cn.how2j.diytomcat.catalina.Server logJVM
INFO : Java Home:		E:\JDK\jre
07 14, 2022 10:46:59 上午 cn.how2j.diytomcat.catalina.Server logJVM
INFO : JVM Version:		1.8.0_65-b17
07 14, 2022 10:46:59 上午 cn.how2j.diytomcat.catalina.Server logJVM
INFO : JVM Vendor(供应商):		Oracle Corporation
07 14, 2022 10:46:59 上午 cn.how2j.diytomcat.catalina.Connector init
INFO : Initializing ProtocolHandler [http-bio-18080]
07 14, 2022 10:46:59 上午 cn.how2j.diytomcat.catalina.Connector init
INFO : Initializing ProtocolHandler [http-bio-18081]
07 14, 2022 10:46:59 上午 cn.how2j.diytomcat.catalina.Connector init
INFO : Initializing ProtocolHandler [http-bio-18082]
07 14, 2022 10:46:59 上午 cn.how2j.diytomcat.catalina.Service init
INFO : Initialization processed in 1 ms
07 14, 2022 10:46:59 上午 cn.how2j.diytomcat.catalina.Connector start
INFO : Starting ProtocolHandler [http-bio-18080]
07 14, 2022 10:46:59 上午 cn.how2j.diytomcat.catalina.Connector start
INFO : Starting ProtocolHandler [http-bio-18081]
07 14, 2022 10:46:59 上午 cn.how2j.diytomcat.catalina.Connector start
INFO : Starting ProtocolHandler [http-bio-18082]
07 14, 2022 10:46:59 上午 cn.how2j.diytomcat.catalina.Server start
INFO : Server startup in 4 ms
07 14, 2022 10:47:09 上午 cn.how2j.diytomcat.catalina.HttpProcessor error
ERROR: this is a deliberately created exception
java.lang.RuntimeException: this is a deliberately created exception
	at cn.how2j.diytomcat.servlets.DefaultServlet.service(DefaultServlet.java:47)
	at cn.how2j.diytomcat.catalina.HttpProcessor.execute(HttpProcessor.java:42)
	at cn.how2j.diytomcat.catalina.Connector$1.run(Connector.java:53)
	at java.util.concurrent.ThreadPoolExecutor.runWorker(ThreadPoolExecutor.java:1142)
	at java.util.concurrent.ThreadPoolExecutor$Worker.run(ThreadPoolExecutor.java:617)
	at java.lang.Thread.run(Thread.java:745)
07 14, 2022 10:47:35 上午 cn.how2j.diytomcat.watcher.ContextFileChangeWatcher$1 dealWith
INFO : cn.how2j.diytomcat.watcher.ContextFileChangeWatcher@1e1da80检测到了Web应用下的重要文件变化 {}HelloServlet.class
07 14, 2022 10:47:35 上午 cn.how2j.diytomcat.catalina.Host reload
INFO : Reloading Context with name [/javaweb] has started
07 14, 2022 10:47:35 上午 cn.how2j.diytomcat.catalina.Context deploy
INFO : Deploying web application directory e:/project/javaweb/web
07 14, 2022 10:47:35 上午 cn.how2j.diytomcat.catalina.Context deploy
INFO : Deployment of web application directory e:/project/javaweb/web has finished in 1 ms
07 14, 2022 10:47:35 上午 cn.how2j.diytomcat.catalina.Host reload
INFO : Reloading Context with name [/javaweb] has completed
07 14, 2022 15:26:12 下午 cn.how2j.diytomcat.catalina.Context deploy
INFO : Deploying web application directory E:\project\diytomcat\webapps\a
07 14, 2022 15:26:12 下午 cn.how2j.diytomcat.catalina.Context deploy
INFO : Deployment of web application directory E:\project\diytomcat\webapps\a has finished in 298 ms
07 14, 2022 15:26:12 下午 cn.how2j.diytomcat.catalina.Context deploy
INFO : Deploying web application directory E:\project\diytomcat\webapps\j2ee
07 14, 2022 15:26:12 下午 cn.how2j.diytomcat.catalina.Context deploy
INFO : Deployment of web application directory E:\project\diytomcat\webapps\j2ee has finished in 14 ms
07 14, 2022 15:26:12 下午 cn.how2j.diytomcat.catalina.Context deploy
INFO : Deploying web application directory E:\project\diytomcat\webapps\ROOT
07 14, 2022 15:26:12 下午 cn.how2j.diytomcat.catalina.Context deploy
INFO : Deployment of web application directory E:\project\diytomcat\webapps\ROOT has finished in 0 ms
07 14, 2022 15:26:12 下午 cn.how2j.diytomcat.catalina.Context deploy
INFO : Deploying web application directory e:/project/diytomcat/b
07 14, 2022 15:26:12 下午 cn.how2j.diytomcat.catalina.Context deploy
INFO : Deployment of web application directory e:/project/diytomcat/b has finished in 0 ms
07 14, 2022 15:26:12 下午 cn.how2j.diytomcat.catalina.Context deploy
INFO : Deploying web application directory e:/project/javaweb/web
07 14, 2022 15:26:12 下午 cn.how2j.diytomcat.catalina.Context deploy
INFO : Deployment of web application directory e:/project/javaweb/web has finished in 34 ms
07 14, 2022 15:26:12 下午 cn.how2j.diytomcat.catalina.Server logJVM
INFO : Server version(服务器版本):		How2J DiyTomcat/1.0.1
07 14, 2022 15:26:12 下午 cn.how2j.diytomcat.catalina.Server logJVM
INFO : Server built(服务器建造):		2022-07-08 09:12:00
07 14, 2022 15:26:12 下午 cn.how2j.diytomcat.catalina.Server logJVM
INFO : Server number:		1.0.1
07 14, 2022 15:26:12 下午 cn.how2j.diytomcat.catalina.Server logJVM
INFO : OS Name	:		Windows 10
07 14, 2022 15:26:12 下午 cn.how2j.diytomcat.catalina.Server logJVM
INFO : OS Version:		10.0
07 14, 2022 15:26:12 下午 cn.how2j.diytomcat.catalina.Server logJVM
INFO : Architecture(架构):		x86
07 14, 2022 15:26:12 下午 cn.how2j.diytomcat.catalina.Server logJVM
INFO : Java Home:		E:\JDK\jre
07 14, 2022 15:26:12 下午 cn.how2j.diytomcat.catalina.Server logJVM
INFO : JVM Version:		1.8.0_65-b17
07 14, 2022 15:26:12 下午 cn.how2j.diytomcat.catalina.Server logJVM
INFO : JVM Vendor(供应商):		Oracle Corporation
07 14, 2022 15:26:12 下午 cn.how2j.diytomcat.catalina.Connector init
INFO : Initializing ProtocolHandler [http-bio-18080]
07 14, 2022 15:26:12 下午 cn.how2j.diytomcat.catalina.Connector init
INFO : Initializing ProtocolHandler [http-bio-18081]
07 14, 2022 15:26:12 下午 cn.how2j.diytomcat.catalina.Connector init
INFO : Initializing ProtocolHandler [http-bio-18082]
07 14, 2022 15:26:12 下午 cn.how2j.diytomcat.catalina.Service init
INFO : Initialization processed in 1 ms
07 14, 2022 15:26:12 下午 cn.how2j.diytomcat.catalina.Connector start
INFO : Starting ProtocolHandler [http-bio-18080]
07 14, 2022 15:26:12 下午 cn.how2j.diytomcat.catalina.Connector start
INFO : Starting ProtocolHandler [http-bio-18081]
07 14, 2022 15:26:12 下午 cn.how2j.diytomcat.catalina.Connector start
INFO : Starting ProtocolHandler [http-bio-18082]
07 14, 2022 15:26:12 下午 cn.how2j.diytomcat.catalina.Server start
INFO : Server startup in 4 ms
07 14, 2022 15:26:25 下午 cn.how2j.diytomcat.catalina.HttpProcessor error
ERROR: this is a deliberately created exception
java.lang.RuntimeException: this is a deliberately created exception
	at cn.how2j.diytomcat.servlets.DefaultServlet.service(DefaultServlet.java:47)
	at cn.how2j.diytomcat.catalina.HttpProcessor.execute(HttpProcessor.java:42)
	at cn.how2j.diytomcat.catalina.Connector$1.run(Connector.java:53)
	at java.util.concurrent.ThreadPoolExecutor.runWorker(ThreadPoolExecutor.java:1142)
	at java.util.concurrent.ThreadPoolExecutor$Worker.run(ThreadPoolExecutor.java:617)
	at java.lang.Thread.run(Thread.java:745)
07 14, 2022 15:48:15 下午 cn.how2j.diytomcat.watcher.ContextFileChangeWatcher$1 dealWith
INFO : cn.how2j.diytomcat.watcher.ContextFileChangeWatcher@137a045检测到了Web应用下的重要文件变化 {}ParamServlet.class
07 14, 2022 15:48:15 下午 cn.how2j.diytomcat.catalina.Host reload
INFO : Reloading Context with name [/javaweb] has started
07 14, 2022 15:48:15 下午 cn.how2j.diytomcat.catalina.Context deploy
INFO : Deploying web application directory e:/project/javaweb/web
07 14, 2022 15:48:15 下午 cn.how2j.diytomcat.catalina.Context deploy
INFO : Deployment of web application directory e:/project/javaweb/web has finished in 1 ms
07 14, 2022 15:48:15 下午 cn.how2j.diytomcat.catalina.Host reload
INFO : Reloading Context with name [/javaweb] has completed
07 14, 2022 15:50:13 下午 cn.how2j.diytomcat.watcher.ContextFileChangeWatcher$1 dealWith
INFO : cn.how2j.diytomcat.watcher.ContextFileChangeWatcher@1448851检测到了Web应用下的重要文件变化 {}web.xml
07 14, 2022 15:50:13 下午 cn.how2j.diytomcat.catalina.Host reload
INFO : Reloading Context with name [/javaweb] has started
07 14, 2022 15:50:13 下午 cn.how2j.diytomcat.catalina.Context deploy
INFO : Deploying web application directory e:/project/javaweb/web
07 14, 2022 15:50:13 下午 cn.how2j.diytomcat.catalina.Context deploy
INFO : Deployment of web application directory e:/project/javaweb/web has finished in 4 ms
07 14, 2022 15:50:13 下午 cn.how2j.diytomcat.catalina.Host reload
INFO : Reloading Context with name [/javaweb] has completed
07 14, 2022 15:50:22 下午 cn.how2j.diytomcat.watcher.ContextFileChangeWatcher$1 dealWith
INFO : cn.how2j.diytomcat.watcher.ContextFileChangeWatcher@1dc1581检测到了Web应用下的重要文件变化 {}web.xml
07 14, 2022 15:50:22 下午 cn.how2j.diytomcat.catalina.Host reload
INFO : Reloading Context with name [/javaweb] has started
07 14, 2022 15:50:22 下午 cn.how2j.diytomcat.catalina.Context deploy
INFO : Deploying web application directory e:/project/javaweb/web
07 14, 2022 15:50:22 下午 cn.how2j.diytomcat.catalina.Context deploy
INFO : Deployment of web application directory e:/project/javaweb/web has finished in 3 ms
07 14, 2022 15:50:22 下午 cn.how2j.diytomcat.catalina.Host reload
INFO : Reloading Context with name [/javaweb] has completed
07 14, 2022 15:50:35 下午 cn.how2j.diytomcat.watcher.ContextFileChangeWatcher$1 dealWith
INFO : cn.how2j.diytomcat.watcher.ContextFileChangeWatcher@1bfa944检测到了Web应用下的重要文件变化 {}web.xml
07 14, 2022 15:50:35 下午 cn.how2j.diytomcat.catalina.Host reload
INFO : Reloading Context with name [/javaweb] has started
07 14, 2022 15:50:35 下午 cn.how2j.diytomcat.catalina.Context deploy
INFO : Deploying web application directory e:/project/javaweb/web
07 14, 2022 15:50:35 下午 cn.how2j.diytomcat.catalina.Context deploy
INFO : Deployment of web application directory e:/project/javaweb/web has finished in 11 ms
07 14, 2022 15:50:35 下午 cn.how2j.diytomcat.catalina.Host reload
INFO : Reloading Context with name [/javaweb] has completed
07 14, 2022 16:32:51 下午 cn.how2j.diytomcat.catalina.Context deploy
INFO : Deploying web application directory E:\project\diytomcat\webapps\a
07 14, 2022 16:32:51 下午 cn.how2j.diytomcat.catalina.Context deploy
INFO : Deployment of web application directory E:\project\diytomcat\webapps\a has finished in 78 ms
07 14, 2022 16:32:51 下午 cn.how2j.diytomcat.catalina.Context deploy
INFO : Deploying web application directory E:\project\diytomcat\webapps\j2ee
07 14, 2022 16:32:51 下午 cn.how2j.diytomcat.catalina.Context deploy
INFO : Deployment of web application directory E:\project\diytomcat\webapps\j2ee has finished in 8 ms
07 14, 2022 16:32:51 下午 cn.how2j.diytomcat.catalina.Context deploy
INFO : Deploying web application directory E:\project\diytomcat\webapps\ROOT
07 14, 2022 16:32:51 下午 cn.how2j.diytomcat.catalina.Context deploy
INFO : Deployment of web application directory E:\project\diytomcat\webapps\ROOT has finished in 0 ms
07 14, 2022 16:32:51 下午 cn.how2j.diytomcat.catalina.Context deploy
INFO : Deploying web application directory e:/project/diytomcat/b
07 14, 2022 16:32:51 下午 cn.how2j.diytomcat.catalina.Context deploy
INFO : Deployment of web application directory e:/project/diytomcat/b has finished in 0 ms
07 14, 2022 16:32:51 下午 cn.how2j.diytomcat.catalina.Context deploy
INFO : Deploying web application directory e:/project/javaweb/web
07 14, 2022 16:32:51 下午 cn.how2j.diytomcat.catalina.Context deploy
INFO : Deployment of web application directory e:/project/javaweb/web has finished in 11 ms
07 14, 2022 16:32:51 下午 cn.how2j.diytomcat.catalina.Server logJVM
INFO : Server version(服务器版本):		How2J DiyTomcat/1.0.1
07 14, 2022 16:32:51 下午 cn.how2j.diytomcat.catalina.Server logJVM
INFO : Server built(服务器建造):		2022-07-08 09:12:00
07 14, 2022 16:32:51 下午 cn.how2j.diytomcat.catalina.Server logJVM
INFO : Server number:		1.0.1
07 14, 2022 16:32:51 下午 cn.how2j.diytomcat.catalina.Server logJVM
INFO : OS Name	:		Windows 10
07 14, 2022 16:32:51 下午 cn.how2j.diytomcat.catalina.Server logJVM
INFO : OS Version:		10.0
07 14, 2022 16:32:51 下午 cn.how2j.diytomcat.catalina.Server logJVM
INFO : Architecture(架构):		x86
07 14, 2022 16:32:51 下午 cn.how2j.diytomcat.catalina.Server logJVM
INFO : Java Home:		E:\JDK\jre
07 14, 2022 16:32:51 下午 cn.how2j.diytomcat.catalina.Server logJVM
INFO : JVM Version:		1.8.0_65-b17
07 14, 2022 16:32:51 下午 cn.how2j.diytomcat.catalina.Server logJVM
INFO : JVM Vendor(供应商):		Oracle Corporation
07 14, 2022 16:32:51 下午 cn.how2j.diytomcat.catalina.Connector init
INFO : Initializing ProtocolHandler [http-bio-18080]
07 14, 2022 16:32:51 下午 cn.how2j.diytomcat.catalina.Connector init
INFO : Initializing ProtocolHandler [http-bio-18081]
07 14, 2022 16:32:51 下午 cn.how2j.diytomcat.catalina.Connector init
INFO : Initializing ProtocolHandler [http-bio-18082]
07 14, 2022 16:32:51 下午 cn.how2j.diytomcat.catalina.Service init
INFO : Initialization processed in 1 ms
07 14, 2022 16:32:51 下午 cn.how2j.diytomcat.catalina.Connector start
INFO : Starting ProtocolHandler [http-bio-18080]
07 14, 2022 16:32:51 下午 cn.how2j.diytomcat.catalina.Connector start
INFO : Starting ProtocolHandler [http-bio-18081]
07 14, 2022 16:32:51 下午 cn.how2j.diytomcat.catalina.Connector start
INFO : Starting ProtocolHandler [http-bio-18082]
07 14, 2022 16:32:51 下午 cn.how2j.diytomcat.catalina.Server start
INFO : Server startup in 4 ms
07 14, 2022 16:32:54 下午 cn.how2j.diytomcat.catalina.HttpProcessor error
ERROR: this is a deliberately created exception
java.lang.RuntimeException: this is a deliberately created exception
	at cn.how2j.diytomcat.servlets.DefaultServlet.service(DefaultServlet.java:47)
	at cn.how2j.diytomcat.catalina.HttpProcessor.execute(HttpProcessor.java:42)
	at cn.how2j.diytomcat.catalina.Connector$1.run(Connector.java:53)
	at java.util.concurrent.ThreadPoolExecutor.runWorker(ThreadPoolExecutor.java:1142)
	at java.util.concurrent.ThreadPoolExecutor$Worker.run(ThreadPoolExecutor.java:617)
	at java.lang.Thread.run(Thread.java:745)
07 14, 2022 17:07:02 下午 cn.how2j.diytomcat.watcher.ContextFileChangeWatcher$1 dealWith
INFO : cn.how2j.diytomcat.watcher.ContextFileChangeWatcher@131b28f检测到了Web应用下的重要文件变化 {}HeaderServlet.class
07 14, 2022 17:07:02 下午 cn.how2j.diytomcat.catalina.Host reload
INFO : Reloading Context with name [/javaweb] has started
07 14, 2022 17:07:02 下午 cn.how2j.diytomcat.catalina.Context deploy
INFO : Deploying web application directory e:/project/javaweb/web
07 14, 2022 17:07:02 下午 cn.how2j.diytomcat.catalina.Context deploy
INFO : Deployment of web application directory e:/project/javaweb/web has finished in 2 ms
07 14, 2022 17:07:02 下午 cn.how2j.diytomcat.catalina.Host reload
INFO : Reloading Context with name [/javaweb] has completed
07 14, 2022 17:07:31 下午 cn.how2j.diytomcat.watcher.ContextFileChangeWatcher$1 dealWith
INFO : cn.how2j.diytomcat.watcher.ContextFileChangeWatcher@1283e35检测到了Web应用下的重要文件变化 {}web.xml
07 14, 2022 17:07:31 下午 cn.how2j.diytomcat.catalina.Host reload
INFO : Reloading Context with name [/javaweb] has started
07 14, 2022 17:07:31 下午 cn.how2j.diytomcat.catalina.Context deploy
INFO : Deploying web application directory e:/project/javaweb/web
07 14, 2022 17:07:31 下午 cn.how2j.diytomcat.catalina.Context deploy
INFO : Deployment of web application directory e:/project/javaweb/web has finished in 5 ms
07 14, 2022 17:07:31 下午 cn.how2j.diytomcat.catalina.Host reload
INFO : Reloading Context with name [/javaweb] has completed
07 14, 2022 17:10:54 下午 cn.how2j.diytomcat.catalina.Context deploy
INFO : Deploying web application directory E:\project\diytomcat\webapps\a
07 14, 2022 17:10:54 下午 cn.how2j.diytomcat.catalina.Context deploy
INFO : Deployment of web application directory E:\project\diytomcat\webapps\a has finished in 86 ms
07 14, 2022 17:10:54 下午 cn.how2j.diytomcat.catalina.Context deploy
INFO : Deploying web application directory E:\project\diytomcat\webapps\j2ee
07 14, 2022 17:10:54 下午 cn.how2j.diytomcat.catalina.Context deploy
INFO : Deployment of web application directory E:\project\diytomcat\webapps\j2ee has finished in 6 ms
07 14, 2022 17:10:54 下午 cn.how2j.diytomcat.catalina.Context deploy
INFO : Deploying web application directory E:\project\diytomcat\webapps\ROOT
07 14, 2022 17:10:54 下午 cn.how2j.diytomcat.catalina.Context deploy
INFO : Deployment of web application directory E:\project\diytomcat\webapps\ROOT has finished in 0 ms
07 14, 2022 17:10:54 下午 cn.how2j.diytomcat.catalina.Context deploy
INFO : Deploying web application directory e:/project/diytomcat/b
07 14, 2022 17:10:54 下午 cn.how2j.diytomcat.catalina.Context deploy
INFO : Deployment of web application directory e:/project/diytomcat/b has finished in 1 ms
07 14, 2022 17:10:54 下午 cn.how2j.diytomcat.catalina.Context deploy
INFO : Deploying web application directory e:/project/javaweb/web
07 14, 2022 17:10:54 下午 cn.how2j.diytomcat.catalina.Context deploy
INFO : Deployment of web application directory e:/project/javaweb/web has finished in 8 ms
07 14, 2022 17:10:54 下午 cn.how2j.diytomcat.catalina.Server logJVM
INFO : Server version(服务器版本):		How2J DiyTomcat/1.0.1
07 14, 2022 17:10:54 下午 cn.how2j.diytomcat.catalina.Server logJVM
INFO : Server built(服务器建造):		2022-07-08 09:12:00
07 14, 2022 17:10:54 下午 cn.how2j.diytomcat.catalina.Server logJVM
INFO : Server number:		1.0.1
07 14, 2022 17:10:54 下午 cn.how2j.diytomcat.catalina.Server logJVM
INFO : OS Name	:		Windows 10
07 14, 2022 17:10:54 下午 cn.how2j.diytomcat.catalina.Server logJVM
INFO : OS Version:		10.0
07 14, 2022 17:10:54 下午 cn.how2j.diytomcat.catalina.Server logJVM
INFO : Architecture(架构):		x86
07 14, 2022 17:10:54 下午 cn.how2j.diytomcat.catalina.Server logJVM
INFO : Java Home:		E:\JDK\jre
07 14, 2022 17:10:54 下午 cn.how2j.diytomcat.catalina.Server logJVM
INFO : JVM Version:		1.8.0_65-b17
07 14, 2022 17:10:54 下午 cn.how2j.diytomcat.catalina.Server logJVM
INFO : JVM Vendor(供应商):		Oracle Corporation
07 14, 2022 17:10:54 下午 cn.how2j.diytomcat.catalina.Connector init
INFO : Initializing ProtocolHandler [http-bio-18080]
07 14, 2022 17:10:54 下午 cn.how2j.diytomcat.catalina.Connector init
INFO : Initializing ProtocolHandler [http-bio-18081]
07 14, 2022 17:10:54 下午 cn.how2j.diytomcat.catalina.Connector init
INFO : Initializing ProtocolHandler [http-bio-18082]
07 14, 2022 17:10:54 下午 cn.how2j.diytomcat.catalina.Service init
INFO : Initialization processed in 1 ms
07 14, 2022 17:10:54 下午 cn.how2j.diytomcat.catalina.Connector start
INFO : Starting ProtocolHandler [http-bio-18080]
07 14, 2022 17:10:54 下午 cn.how2j.diytomcat.catalina.Connector start
INFO : Starting ProtocolHandler [http-bio-18081]
07 14, 2022 17:10:54 下午 cn.how2j.diytomcat.catalina.Connector start
INFO : Starting ProtocolHandler [http-bio-18082]
07 14, 2022 17:10:54 下午 cn.how2j.diytomcat.catalina.Server start
INFO : Server startup in 5 ms
07 14, 2022 17:11:00 下午 cn.how2j.diytomcat.catalina.HttpProcessor error
ERROR: this is a deliberately created exception
java.lang.RuntimeException: this is a deliberately created exception
	at cn.how2j.diytomcat.servlets.DefaultServlet.service(DefaultServlet.java:47)
	at cn.how2j.diytomcat.catalina.HttpProcessor.execute(HttpProcessor.java:42)
	at cn.how2j.diytomcat.catalina.Connector$1.run(Connector.java:53)
	at java.util.concurrent.ThreadPoolExecutor.runWorker(ThreadPoolExecutor.java:1142)
	at java.util.concurrent.ThreadPoolExecutor$Worker.run(ThreadPoolExecutor.java:617)
	at java.lang.Thread.run(Thread.java:745)
