07 11, 2022 08:47:05 上午 cn.how2j.diytomcat.Bootstrap logJVM
INFO : Server version(服务器版本):		How2J DiyTomcat/1.0.1
07 11, 2022 08:47:05 上午 cn.how2j.diytomcat.Bootstrap logJVM
INFO : Server built(服务器建造):		2022-07-08 09:12:00
07 11, 2022 08:47:05 上午 cn.how2j.diytomcat.Bootstrap logJVM
INFO : Server number:		1.0.1
07 11, 2022 08:47:05 上午 cn.how2j.diytomcat.Bootstrap logJVM
INFO : OS Name	:		Windows 10
07 11, 2022 08:47:05 上午 cn.how2j.diytomcat.Bootstrap logJVM
INFO : OS Version:		10.0
07 11, 2022 08:47:05 上午 cn.how2j.diytomcat.Bootstrap logJVM
INFO : Architecture(架构):		x86
07 11, 2022 08:47:05 上午 cn.how2j.diytomcat.Bootstrap logJVM
INFO : Java Home:		E:\JDK\jre
07 11, 2022 08:47:05 上午 cn.how2j.diytomcat.Bootstrap logJVM
INFO : JVM Version:		1.8.0_65-b17
07 11, 2022 08:47:05 上午 cn.how2j.diytomcat.Bootstrap logJVM
INFO : JVM Vendor(供应商):		Oracle Corporation
07 11, 2022 08:47:05 上午 cn.how2j.diytomcat.catalina.Context <init>
INFO : Deploying web application directory E:\project\diytomcat\webapps\a
07 11, 2022 08:47:05 上午 cn.how2j.diytomcat.catalina.Context <init>
INFO : Deployment of web application directory E:\project\diytomcat\webapps\a has finished in 0 ms
07 11, 2022 08:47:05 上午 cn.how2j.diytomcat.catalina.Context <init>
INFO : Deploying web application directory E:\project\diytomcat\webapps\ROOT
07 11, 2022 08:47:05 上午 cn.how2j.diytomcat.catalina.Context <init>
INFO : Deployment of web application directory E:\project\diytomcat\webapps\ROOT has finished in 0 ms
07 11, 2022 08:47:05 上午 cn.how2j.diytomcat.catalina.Context <init>
INFO : Deploying web application directory e:/project/diytomcat/b
07 11, 2022 08:47:05 上午 cn.how2j.diytomcat.catalina.Context <init>
INFO : Deployment of web application directory e:/project/diytomcat/b has finished in 0 ms
07 11, 2022 09:51:02 上午 cn.how2j.diytomcat.Bootstrap logJVM
INFO : Server version(服务器版本):		How2J DiyTomcat/1.0.1
07 11, 2022 09:51:02 上午 cn.how2j.diytomcat.Bootstrap logJVM
INFO : Server built(服务器建造):		2022-07-08 09:12:00
07 11, 2022 09:51:02 上午 cn.how2j.diytomcat.Bootstrap logJVM
INFO : Server number:		1.0.1
07 11, 2022 09:51:02 上午 cn.how2j.diytomcat.Bootstrap logJVM
INFO : OS Name	:		Windows 10
07 11, 2022 09:51:02 上午 cn.how2j.diytomcat.Bootstrap logJVM
INFO : OS Version:		10.0
07 11, 2022 09:51:02 上午 cn.how2j.diytomcat.Bootstrap logJVM
INFO : Architecture(架构):		x86
07 11, 2022 09:51:02 上午 cn.how2j.diytomcat.Bootstrap logJVM
INFO : Java Home:		E:\JDK\jre
07 11, 2022 09:51:02 上午 cn.how2j.diytomcat.Bootstrap logJVM
INFO : JVM Version:		1.8.0_65-b17
07 11, 2022 09:51:02 上午 cn.how2j.diytomcat.Bootstrap logJVM
INFO : JVM Vendor(供应商):		Oracle Corporation
07 11, 2022 09:51:02 上午 cn.how2j.diytomcat.catalina.Context <init>
INFO : Deploying web application directory E:\project\diytomcat\webapps\a
07 11, 2022 09:51:02 上午 cn.how2j.diytomcat.catalina.Context <init>
INFO : Deployment of web application directory E:\project\diytomcat\webapps\a has finished in 0 ms
07 11, 2022 09:51:02 上午 cn.how2j.diytomcat.catalina.Context <init>
INFO : Deploying web application directory E:\project\diytomcat\webapps\ROOT
07 11, 2022 09:51:02 上午 cn.how2j.diytomcat.catalina.Context <init>
INFO : Deployment of web application directory E:\project\diytomcat\webapps\ROOT has finished in 0 ms
07 11, 2022 09:51:02 上午 cn.how2j.diytomcat.catalina.Context <init>
INFO : Deploying web application directory e:/project/diytomcat/b
07 11, 2022 09:51:02 上午 cn.how2j.diytomcat.catalina.Context <init>
INFO : Deployment of web application directory e:/project/diytomcat/b has finished in 0 ms
07 11, 2022 10:10:51 上午 cn.how2j.diytomcat.Bootstrap logJVM
INFO : Server version(服务器版本):		How2J DiyTomcat/1.0.1
07 11, 2022 10:10:51 上午 cn.how2j.diytomcat.Bootstrap logJVM
INFO : Server built(服务器建造):		2022-07-08 09:12:00
07 11, 2022 10:10:51 上午 cn.how2j.diytomcat.Bootstrap logJVM
INFO : Server number:		1.0.1
07 11, 2022 10:10:51 上午 cn.how2j.diytomcat.Bootstrap logJVM
INFO : OS Name	:		Windows 10
07 11, 2022 10:10:51 上午 cn.how2j.diytomcat.Bootstrap logJVM
INFO : OS Version:		10.0
07 11, 2022 10:10:51 上午 cn.how2j.diytomcat.Bootstrap logJVM
INFO : Architecture(架构):		x86
07 11, 2022 10:10:51 上午 cn.how2j.diytomcat.Bootstrap logJVM
INFO : Java Home:		E:\JDK\jre
07 11, 2022 10:10:51 上午 cn.how2j.diytomcat.Bootstrap logJVM
INFO : JVM Version:		1.8.0_65-b17
07 11, 2022 10:10:51 上午 cn.how2j.diytomcat.Bootstrap logJVM
INFO : JVM Vendor(供应商):		Oracle Corporation
07 11, 2022 10:10:51 上午 cn.how2j.diytomcat.catalina.Context <init>
INFO : Deploying web application directory E:\project\diytomcat\webapps\a
07 11, 2022 10:10:51 上午 cn.how2j.diytomcat.catalina.Context <init>
INFO : Deployment of web application directory E:\project\diytomcat\webapps\a has finished in 1 ms
07 11, 2022 10:10:51 上午 cn.how2j.diytomcat.catalina.Context <init>
INFO : Deploying web application directory E:\project\diytomcat\webapps\ROOT
07 11, 2022 10:10:51 上午 cn.how2j.diytomcat.catalina.Context <init>
INFO : Deployment of web application directory E:\project\diytomcat\webapps\ROOT has finished in 0 ms
07 11, 2022 10:10:51 上午 cn.how2j.diytomcat.catalina.Context <init>
INFO : Deploying web application directory e:/project/diytomcat/b
07 11, 2022 10:10:51 上午 cn.how2j.diytomcat.catalina.Context <init>
INFO : Deployment of web application directory e:/project/diytomcat/b has finished in 0 ms
07 11, 2022 10:22:38 上午 cn.how2j.diytomcat.catalina.Context <init>
INFO : Deploying web application directory E:\project\diytomcat\webapps\a
07 11, 2022 10:22:38 上午 cn.how2j.diytomcat.catalina.Context <init>
INFO : Deployment of web application directory E:\project\diytomcat\webapps\a has finished in 86 ms
07 11, 2022 10:22:38 上午 cn.how2j.diytomcat.catalina.Context <init>
INFO : Deploying web application directory E:\project\diytomcat\webapps\ROOT
07 11, 2022 10:22:38 上午 cn.how2j.diytomcat.catalina.Context <init>
INFO : Deployment of web application directory E:\project\diytomcat\webapps\ROOT has finished in 0 ms
07 11, 2022 10:22:38 上午 cn.how2j.diytomcat.catalina.Context <init>
INFO : Deploying web application directory e:/project/diytomcat/b
07 11, 2022 10:22:38 上午 cn.how2j.diytomcat.catalina.Context <init>
INFO : Deployment of web application directory e:/project/diytomcat/b has finished in 1 ms
07 11, 2022 10:22:38 上午 cn.how2j.diytomcat.catalina.Server logJVM
INFO : Server version(服务器版本):		How2J DiyTomcat/1.0.1
07 11, 2022 10:22:38 上午 cn.how2j.diytomcat.catalina.Server logJVM
INFO : Server built(服务器建造):		2022-07-08 09:12:00
07 11, 2022 10:22:38 上午 cn.how2j.diytomcat.catalina.Server logJVM
INFO : Server number:		1.0.1
07 11, 2022 10:22:38 上午 cn.how2j.diytomcat.catalina.Server logJVM
INFO : OS Name	:		Windows 10
07 11, 2022 10:22:38 上午 cn.how2j.diytomcat.catalina.Server logJVM
INFO : OS Version:		10.0
07 11, 2022 10:22:38 上午 cn.how2j.diytomcat.catalina.Server logJVM
INFO : Architecture(架构):		x86
07 11, 2022 10:22:38 上午 cn.how2j.diytomcat.catalina.Server logJVM
INFO : Java Home:		E:\JDK\jre
07 11, 2022 10:22:38 上午 cn.how2j.diytomcat.catalina.Server logJVM
INFO : JVM Version:		1.8.0_65-b17
07 11, 2022 10:22:38 上午 cn.how2j.diytomcat.catalina.Server logJVM
INFO : JVM Vendor(供应商):		Oracle Corporation
07 11, 2022 11:11:23 上午 cn.how2j.diytomcat.catalina.Context <init>
INFO : Deploying web application directory E:\project\diytomcat\webapps\a
07 11, 2022 11:11:23 上午 cn.how2j.diytomcat.catalina.Context <init>
INFO : Deployment of web application directory E:\project\diytomcat\webapps\a has finished in 83 ms
07 11, 2022 11:11:23 上午 cn.how2j.diytomcat.catalina.Context <init>
INFO : Deploying web application directory E:\project\diytomcat\webapps\ROOT
07 11, 2022 11:11:23 上午 cn.how2j.diytomcat.catalina.Context <init>
INFO : Deployment of web application directory E:\project\diytomcat\webapps\ROOT has finished in 1 ms
07 11, 2022 11:11:23 上午 cn.how2j.diytomcat.catalina.Context <init>
INFO : Deploying web application directory e:/project/diytomcat/b
07 11, 2022 11:11:23 上午 cn.how2j.diytomcat.catalina.Context <init>
INFO : Deployment of web application directory e:/project/diytomcat/b has finished in 0 ms
07 11, 2022 11:11:23 上午 cn.how2j.diytomcat.catalina.Server logJVM
INFO : Server version(服务器版本):		How2J DiyTomcat/1.0.1
07 11, 2022 11:11:23 上午 cn.how2j.diytomcat.catalina.Server logJVM
INFO : Server built(服务器建造):		2022-07-08 09:12:00
07 11, 2022 11:11:23 上午 cn.how2j.diytomcat.catalina.Server logJVM
INFO : Server number:		1.0.1
07 11, 2022 11:11:23 上午 cn.how2j.diytomcat.catalina.Server logJVM
INFO : OS Name	:		Windows 10
07 11, 2022 11:11:23 上午 cn.how2j.diytomcat.catalina.Server logJVM
INFO : OS Version:		10.0
07 11, 2022 11:11:23 上午 cn.how2j.diytomcat.catalina.Server logJVM
INFO : Architecture(架构):		x86
07 11, 2022 11:11:23 上午 cn.how2j.diytomcat.catalina.Server logJVM
INFO : Java Home:		E:\JDK\jre
07 11, 2022 11:11:23 上午 cn.how2j.diytomcat.catalina.Server logJVM
INFO : JVM Version:		1.8.0_65-b17
07 11, 2022 11:11:23 上午 cn.how2j.diytomcat.catalina.Server logJVM
INFO : JVM Vendor(供应商):		Oracle Corporation
07 11, 2022 15:30:56 下午 cn.how2j.diytomcat.catalina.Context <init>
INFO : Deploying web application directory E:\project\diytomcat\webapps\a
07 11, 2022 15:30:56 下午 cn.how2j.diytomcat.catalina.Context <init>
INFO : Deployment of web application directory E:\project\diytomcat\webapps\a has finished in 210 ms
07 11, 2022 15:30:56 下午 cn.how2j.diytomcat.catalina.Context <init>
INFO : Deploying web application directory E:\project\diytomcat\webapps\ROOT
07 11, 2022 15:30:56 下午 cn.how2j.diytomcat.catalina.Context <init>
INFO : Deployment of web application directory E:\project\diytomcat\webapps\ROOT has finished in 0 ms
07 11, 2022 15:30:56 下午 cn.how2j.diytomcat.catalina.Context <init>
INFO : Deploying web application directory e:/project/diytomcat/b
07 11, 2022 15:30:56 下午 cn.how2j.diytomcat.catalina.Context <init>
INFO : Deployment of web application directory e:/project/diytomcat/b has finished in 0 ms
07 11, 2022 15:30:56 下午 cn.how2j.diytomcat.catalina.Server logJVM
INFO : Server version(服务器版本):		How2J DiyTomcat/1.0.1
07 11, 2022 15:30:56 下午 cn.how2j.diytomcat.catalina.Server logJVM
INFO : Server built(服务器建造):		2022-07-08 09:12:00
07 11, 2022 15:30:56 下午 cn.how2j.diytomcat.catalina.Server logJVM
INFO : Server number:		1.0.1
07 11, 2022 15:30:56 下午 cn.how2j.diytomcat.catalina.Server logJVM
INFO : OS Name	:		Windows 10
07 11, 2022 15:30:56 下午 cn.how2j.diytomcat.catalina.Server logJVM
INFO : OS Version:		10.0
07 11, 2022 15:30:56 下午 cn.how2j.diytomcat.catalina.Server logJVM
INFO : Architecture(架构):		x86
07 11, 2022 15:30:56 下午 cn.how2j.diytomcat.catalina.Server logJVM
INFO : Java Home:		E:\JDK\jre
07 11, 2022 15:30:56 下午 cn.how2j.diytomcat.catalina.Server logJVM
INFO : JVM Version:		1.8.0_65-b17
07 11, 2022 15:30:56 下午 cn.how2j.diytomcat.catalina.Server logJVM
INFO : JVM Vendor(供应商):		Oracle Corporation
07 11, 2022 15:31:00 下午 cn.how2j.diytomcat.catalina.Server$1 error
ERROR: this is a deliberately created exception
java.lang.Exception: this is a deliberately created exception
	at cn.how2j.diytomcat.catalina.Server$1.run(Server.java:72)
	at java.util.concurrent.ThreadPoolExecutor.runWorker(ThreadPoolExecutor.java:1142)
	at java.util.concurrent.ThreadPoolExecutor$Worker.run(ThreadPoolExecutor.java:617)
	at java.lang.Thread.run(Thread.java:745)
07 11, 2022 15:38:57 下午 cn.how2j.diytomcat.catalina.Server$1 error
ERROR: this is a deliberately created exception
java.lang.Exception: this is a deliberately created exception
	at cn.how2j.diytomcat.catalina.Server$1.run(Server.java:72)
	at java.util.concurrent.ThreadPoolExecutor.runWorker(ThreadPoolExecutor.java:1142)
	at java.util.concurrent.ThreadPoolExecutor$Worker.run(ThreadPoolExecutor.java:617)
	at java.lang.Thread.run(Thread.java:745)
07 11, 2022 16:13:06 下午 cn.how2j.diytomcat.catalina.Context <init>
INFO : Deploying web application directory E:\project\diytomcat\webapps\a
07 11, 2022 16:13:06 下午 cn.how2j.diytomcat.catalina.Context <init>
INFO : Deployment of web application directory E:\project\diytomcat\webapps\a has finished in 168 ms
07 11, 2022 16:13:06 下午 cn.how2j.diytomcat.catalina.Context <init>
INFO : Deploying web application directory E:\project\diytomcat\webapps\ROOT
07 11, 2022 16:13:06 下午 cn.how2j.diytomcat.catalina.Context <init>
INFO : Deployment of web application directory E:\project\diytomcat\webapps\ROOT has finished in 0 ms
07 11, 2022 16:13:06 下午 cn.how2j.diytomcat.catalina.Context <init>
INFO : Deploying web application directory e:/project/diytomcat/b
07 11, 2022 16:13:06 下午 cn.how2j.diytomcat.catalina.Context <init>
INFO : Deployment of web application directory e:/project/diytomcat/b has finished in 0 ms
07 11, 2022 16:13:06 下午 cn.how2j.diytomcat.catalina.Server logJVM
INFO : Server version(服务器版本):		How2J DiyTomcat/1.0.1
07 11, 2022 16:13:06 下午 cn.how2j.diytomcat.catalina.Server logJVM
INFO : Server built(服务器建造):		2022-07-08 09:12:00
07 11, 2022 16:13:06 下午 cn.how2j.diytomcat.catalina.Server logJVM
INFO : Server number:		1.0.1
07 11, 2022 16:13:06 下午 cn.how2j.diytomcat.catalina.Server logJVM
INFO : OS Name	:		Windows 10
07 11, 2022 16:13:06 下午 cn.how2j.diytomcat.catalina.Server logJVM
INFO : OS Version:		10.0
07 11, 2022 16:13:06 下午 cn.how2j.diytomcat.catalina.Server logJVM
INFO : Architecture(架构):		x86
07 11, 2022 16:13:06 下午 cn.how2j.diytomcat.catalina.Server logJVM
INFO : Java Home:		E:\JDK\jre
07 11, 2022 16:13:06 下午 cn.how2j.diytomcat.catalina.Server logJVM
INFO : JVM Version:		1.8.0_65-b17
07 11, 2022 16:13:06 下午 cn.how2j.diytomcat.catalina.Server logJVM
INFO : JVM Vendor(供应商):		Oracle Corporation
07 11, 2022 16:13:10 下午 cn.how2j.diytomcat.catalina.Server$1 error
ERROR: this is a deliberately created exception
java.lang.Exception: this is a deliberately created exception
	at cn.how2j.diytomcat.catalina.Server$1.run(Server.java:73)
	at java.util.concurrent.ThreadPoolExecutor.runWorker(ThreadPoolExecutor.java:1142)
	at java.util.concurrent.ThreadPoolExecutor$Worker.run(ThreadPoolExecutor.java:617)
	at java.lang.Thread.run(Thread.java:745)
07 11, 2022 16:22:13 下午 cn.how2j.diytomcat.catalina.Server$1 error
ERROR: this is a deliberately created exception
java.lang.Exception: this is a deliberately created exception
	at cn.how2j.diytomcat.catalina.Server$1.run(Server.java:73)
	at java.util.concurrent.ThreadPoolExecutor.runWorker(ThreadPoolExecutor.java:1142)
	at java.util.concurrent.ThreadPoolExecutor$Worker.run(ThreadPoolExecutor.java:617)
	at java.lang.Thread.run(Thread.java:745)
07 11, 2022 16:48:14 下午 cn.how2j.diytomcat.catalina.Context <init>
INFO : Deploying web application directory E:\project\diytomcat\webapps\a
07 11, 2022 16:48:14 下午 cn.how2j.diytomcat.catalina.Context <init>
INFO : Deployment of web application directory E:\project\diytomcat\webapps\a has finished in 114 ms
07 11, 2022 16:48:14 下午 cn.how2j.diytomcat.catalina.Context <init>
INFO : Deploying web application directory E:\project\diytomcat\webapps\ROOT
07 11, 2022 16:48:14 下午 cn.how2j.diytomcat.catalina.Context <init>
INFO : Deployment of web application directory E:\project\diytomcat\webapps\ROOT has finished in 0 ms
07 11, 2022 16:48:14 下午 cn.how2j.diytomcat.catalina.Context <init>
INFO : Deploying web application directory e:/project/diytomcat/b
07 11, 2022 16:48:14 下午 cn.how2j.diytomcat.catalina.Context <init>
INFO : Deployment of web application directory e:/project/diytomcat/b has finished in 0 ms
07 11, 2022 16:48:14 下午 cn.how2j.diytomcat.catalina.Server logJVM
INFO : Server version(服务器版本):		How2J DiyTomcat/1.0.1
07 11, 2022 16:48:14 下午 cn.how2j.diytomcat.catalina.Server logJVM
INFO : Server built(服务器建造):		2022-07-08 09:12:00
07 11, 2022 16:48:14 下午 cn.how2j.diytomcat.catalina.Server logJVM
INFO : Server number:		1.0.1
07 11, 2022 16:48:14 下午 cn.how2j.diytomcat.catalina.Server logJVM
INFO : OS Name	:		Windows 10
07 11, 2022 16:48:14 下午 cn.how2j.diytomcat.catalina.Server logJVM
INFO : OS Version:		10.0
07 11, 2022 16:48:14 下午 cn.how2j.diytomcat.catalina.Server logJVM
INFO : Architecture(架构):		x86
07 11, 2022 16:48:14 下午 cn.how2j.diytomcat.catalina.Server logJVM
INFO : Java Home:		E:\JDK\jre
07 11, 2022 16:48:14 下午 cn.how2j.diytomcat.catalina.Server logJVM
INFO : JVM Version:		1.8.0_65-b17
07 11, 2022 16:48:14 下午 cn.how2j.diytomcat.catalina.Server logJVM
INFO : JVM Vendor(供应商):		Oracle Corporation
07 11, 2022 16:48:18 下午 cn.how2j.diytomcat.catalina.Server$1 error
ERROR: this is a deliberately created exception
java.lang.Exception: this is a deliberately created exception
	at cn.how2j.diytomcat.catalina.Server$1.run(Server.java:73)
	at java.util.concurrent.ThreadPoolExecutor.runWorker(ThreadPoolExecutor.java:1142)
	at java.util.concurrent.ThreadPoolExecutor$Worker.run(ThreadPoolExecutor.java:617)
	at java.lang.Thread.run(Thread.java:745)
07 11, 2022 16:56:55 下午 cn.how2j.diytomcat.catalina.Server$1 error
ERROR: this is a deliberately created exception
java.lang.Exception: this is a deliberately created exception
	at cn.how2j.diytomcat.catalina.Server$1.run(Server.java:73)
	at java.util.concurrent.ThreadPoolExecutor.runWorker(ThreadPoolExecutor.java:1142)
	at java.util.concurrent.ThreadPoolExecutor$Worker.run(ThreadPoolExecutor.java:617)
	at java.lang.Thread.run(Thread.java:745)
07 11, 2022 16:56:58 下午 cn.how2j.diytomcat.catalina.Context <init>
INFO : Deploying web application directory E:\project\diytomcat\webapps\a
07 11, 2022 16:56:58 下午 cn.how2j.diytomcat.catalina.Context <init>
INFO : Deployment of web application directory E:\project\diytomcat\webapps\a has finished in 71 ms
07 11, 2022 16:56:58 下午 cn.how2j.diytomcat.catalina.Context <init>
INFO : Deploying web application directory E:\project\diytomcat\webapps\ROOT
07 11, 2022 16:56:58 下午 cn.how2j.diytomcat.catalina.Context <init>
INFO : Deployment of web application directory E:\project\diytomcat\webapps\ROOT has finished in 0 ms
07 11, 2022 16:56:58 下午 cn.how2j.diytomcat.catalina.Context <init>
INFO : Deploying web application directory e:/project/diytomcat/b
07 11, 2022 16:56:58 下午 cn.how2j.diytomcat.catalina.Context <init>
INFO : Deployment of web application directory e:/project/diytomcat/b has finished in 0 ms
07 11, 2022 16:56:58 下午 cn.how2j.diytomcat.catalina.Server logJVM
INFO : Server version(服务器版本):		How2J DiyTomcat/1.0.1
07 11, 2022 16:56:58 下午 cn.how2j.diytomcat.catalina.Server logJVM
INFO : Server built(服务器建造):		2022-07-08 09:12:00
07 11, 2022 16:56:58 下午 cn.how2j.diytomcat.catalina.Server logJVM
INFO : Server number:		1.0.1
07 11, 2022 16:56:58 下午 cn.how2j.diytomcat.catalina.Server logJVM
INFO : OS Name	:		Windows 10
07 11, 2022 16:56:58 下午 cn.how2j.diytomcat.catalina.Server logJVM
INFO : OS Version:		10.0
07 11, 2022 16:56:58 下午 cn.how2j.diytomcat.catalina.Server logJVM
INFO : Architecture(架构):		x86
07 11, 2022 16:56:58 下午 cn.how2j.diytomcat.catalina.Server logJVM
INFO : Java Home:		E:\JDK\jre
07 11, 2022 16:56:58 下午 cn.how2j.diytomcat.catalina.Server logJVM
INFO : JVM Version:		1.8.0_65-b17
07 11, 2022 16:56:58 下午 cn.how2j.diytomcat.catalina.Server logJVM
INFO : JVM Vendor(供应商):		Oracle Corporation
07 11, 2022 16:57:01 下午 cn.how2j.diytomcat.catalina.Server$1 error
ERROR: this is a deliberately created exception
java.lang.Exception: this is a deliberately created exception
	at cn.how2j.diytomcat.catalina.Server$1.run(Server.java:73)
	at java.util.concurrent.ThreadPoolExecutor.runWorker(ThreadPoolExecutor.java:1142)
	at java.util.concurrent.ThreadPoolExecutor$Worker.run(ThreadPoolExecutor.java:617)
	at java.lang.Thread.run(Thread.java:745)
07 11, 2022 16:58:28 下午 cn.how2j.diytomcat.catalina.Server$1 error
ERROR: this is a deliberately created exception
java.lang.Exception: this is a deliberately created exception
	at cn.how2j.diytomcat.catalina.Server$1.run(Server.java:73)
	at java.util.concurrent.ThreadPoolExecutor.runWorker(ThreadPoolExecutor.java:1142)
	at java.util.concurrent.ThreadPoolExecutor$Worker.run(ThreadPoolExecutor.java:617)
	at java.lang.Thread.run(Thread.java:745)
07 11, 2022 17:07:15 下午 cn.how2j.diytomcat.catalina.Context <init>
INFO : Deploying web application directory E:\project\diytomcat\webapps\a
07 11, 2022 17:07:15 下午 cn.how2j.diytomcat.catalina.Context <init>
INFO : Deployment of web application directory E:\project\diytomcat\webapps\a has finished in 70 ms
07 11, 2022 17:07:15 下午 cn.how2j.diytomcat.catalina.Context <init>
INFO : Deploying web application directory E:\project\diytomcat\webapps\ROOT
07 11, 2022 17:07:15 下午 cn.how2j.diytomcat.catalina.Context <init>
INFO : Deployment of web application directory E:\project\diytomcat\webapps\ROOT has finished in 0 ms
07 11, 2022 17:07:15 下午 cn.how2j.diytomcat.catalina.Context <init>
INFO : Deploying web application directory e:/project/diytomcat/b
07 11, 2022 17:07:15 下午 cn.how2j.diytomcat.catalina.Context <init>
INFO : Deployment of web application directory e:/project/diytomcat/b has finished in 1 ms
07 11, 2022 17:07:15 下午 cn.how2j.diytomcat.catalina.Server logJVM
INFO : Server version(服务器版本):		How2J DiyTomcat/1.0.1
07 11, 2022 17:07:15 下午 cn.how2j.diytomcat.catalina.Server logJVM
INFO : Server built(服务器建造):		2022-07-08 09:12:00
07 11, 2022 17:07:15 下午 cn.how2j.diytomcat.catalina.Server logJVM
INFO : Server number:		1.0.1
07 11, 2022 17:07:15 下午 cn.how2j.diytomcat.catalina.Server logJVM
INFO : OS Name	:		Windows 10
07 11, 2022 17:07:15 下午 cn.how2j.diytomcat.catalina.Server logJVM
INFO : OS Version:		10.0
07 11, 2022 17:07:15 下午 cn.how2j.diytomcat.catalina.Server logJVM
INFO : Architecture(架构):		x86
07 11, 2022 17:07:15 下午 cn.how2j.diytomcat.catalina.Server logJVM
INFO : Java Home:		E:\JDK\jre
07 11, 2022 17:07:15 下午 cn.how2j.diytomcat.catalina.Server logJVM
INFO : JVM Version:		1.8.0_65-b17
07 11, 2022 17:07:15 下午 cn.how2j.diytomcat.catalina.Server logJVM
INFO : JVM Vendor(供应商):		Oracle Corporation
07 11, 2022 17:08:42 下午 cn.how2j.diytomcat.catalina.Context <init>
INFO : Deploying web application directory E:\project\diytomcat\webapps\a
07 11, 2022 17:08:42 下午 cn.how2j.diytomcat.catalina.Context <init>
INFO : Deployment of web application directory E:\project\diytomcat\webapps\a has finished in 71 ms
07 11, 2022 17:08:42 下午 cn.how2j.diytomcat.catalina.Context <init>
INFO : Deploying web application directory E:\project\diytomcat\webapps\ROOT
07 11, 2022 17:08:42 下午 cn.how2j.diytomcat.catalina.Context <init>
INFO : Deployment of web application directory E:\project\diytomcat\webapps\ROOT has finished in 0 ms
07 11, 2022 17:08:42 下午 cn.how2j.diytomcat.catalina.Context <init>
INFO : Deploying web application directory e:/project/diytomcat/b
07 11, 2022 17:08:42 下午 cn.how2j.diytomcat.catalina.Context <init>
INFO : Deployment of web application directory e:/project/diytomcat/b has finished in 1 ms
07 11, 2022 17:08:42 下午 cn.how2j.diytomcat.catalina.Server logJVM
INFO : Server version(服务器版本):		How2J DiyTomcat/1.0.1
07 11, 2022 17:08:42 下午 cn.how2j.diytomcat.catalina.Server logJVM
INFO : Server built(服务器建造):		2022-07-08 09:12:00
07 11, 2022 17:08:42 下午 cn.how2j.diytomcat.catalina.Server logJVM
INFO : Server number:		1.0.1
07 11, 2022 17:08:42 下午 cn.how2j.diytomcat.catalina.Server logJVM
INFO : OS Name	:		Windows 10
07 11, 2022 17:08:42 下午 cn.how2j.diytomcat.catalina.Server logJVM
INFO : OS Version:		10.0
07 11, 2022 17:08:42 下午 cn.how2j.diytomcat.catalina.Server logJVM
INFO : Architecture(架构):		x86
07 11, 2022 17:08:42 下午 cn.how2j.diytomcat.catalina.Server logJVM
INFO : Java Home:		E:\JDK\jre
07 11, 2022 17:08:42 下午 cn.how2j.diytomcat.catalina.Server logJVM
INFO : JVM Version:		1.8.0_65-b17
07 11, 2022 17:08:42 下午 cn.how2j.diytomcat.catalina.Server logJVM
INFO : JVM Vendor(供应商):		Oracle Corporation
07 11, 2022 17:13:55 下午 cn.how2j.diytomcat.catalina.Server$1 error
ERROR: this is a deliberately created exception
java.lang.Exception: this is a deliberately created exception
	at cn.how2j.diytomcat.catalina.Server$1.run(Server.java:73)
	at java.util.concurrent.ThreadPoolExecutor.runWorker(ThreadPoolExecutor.java:1142)
	at java.util.concurrent.ThreadPoolExecutor$Worker.run(ThreadPoolExecutor.java:617)
	at java.lang.Thread.run(Thread.java:745)
07 11, 2022 17:17:19 下午 cn.how2j.diytomcat.catalina.Context <init>
INFO : Deploying web application directory E:\project\diytomcat\webapps\a
07 11, 2022 17:17:19 下午 cn.how2j.diytomcat.catalina.Context <init>
INFO : Deployment of web application directory E:\project\diytomcat\webapps\a has finished in 84 ms
07 11, 2022 17:17:19 下午 cn.how2j.diytomcat.catalina.Context <init>
INFO : Deploying web application directory E:\project\diytomcat\webapps\ROOT
07 11, 2022 17:17:19 下午 cn.how2j.diytomcat.catalina.Context <init>
INFO : Deployment of web application directory E:\project\diytomcat\webapps\ROOT has finished in 94 ms
07 11, 2022 17:17:19 下午 cn.how2j.diytomcat.catalina.Context <init>
INFO : Deploying web application directory e:/project/diytomcat/b
07 11, 2022 17:17:19 下午 cn.how2j.diytomcat.catalina.Context <init>
INFO : Deployment of web application directory e:/project/diytomcat/b has finished in 0 ms
07 11, 2022 17:17:19 下午 cn.how2j.diytomcat.catalina.Server logJVM
INFO : Server version(服务器版本):		How2J DiyTomcat/1.0.1
07 11, 2022 17:17:19 下午 cn.how2j.diytomcat.catalina.Server logJVM
INFO : Server built(服务器建造):		2022-07-08 09:12:00
07 11, 2022 17:17:19 下午 cn.how2j.diytomcat.catalina.Server logJVM
INFO : Server number:		1.0.1
07 11, 2022 17:17:19 下午 cn.how2j.diytomcat.catalina.Server logJVM
INFO : OS Name	:		Windows 10
07 11, 2022 17:17:19 下午 cn.how2j.diytomcat.catalina.Server logJVM
INFO : OS Version:		10.0
07 11, 2022 17:17:19 下午 cn.how2j.diytomcat.catalina.Server logJVM
INFO : Architecture(架构):		x86
07 11, 2022 17:17:19 下午 cn.how2j.diytomcat.catalina.Server logJVM
INFO : Java Home:		E:\JDK\jre
07 11, 2022 17:17:19 下午 cn.how2j.diytomcat.catalina.Server logJVM
INFO : JVM Version:		1.8.0_65-b17
07 11, 2022 17:17:19 下午 cn.how2j.diytomcat.catalina.Server logJVM
INFO : JVM Vendor(供应商):		Oracle Corporation
07 11, 2022 17:17:23 下午 cn.how2j.diytomcat.catalina.Server$1 error
ERROR: this is a deliberately created exception
java.lang.Exception: this is a deliberately created exception
	at cn.how2j.diytomcat.catalina.Server$1.run(Server.java:73)
	at java.util.concurrent.ThreadPoolExecutor.runWorker(ThreadPoolExecutor.java:1142)
	at java.util.concurrent.ThreadPoolExecutor$Worker.run(ThreadPoolExecutor.java:617)
	at java.lang.Thread.run(Thread.java:745)
07 11, 2022 17:18:02 下午 cn.how2j.diytomcat.catalina.Context <init>
INFO : Deploying web application directory E:\project\diytomcat\webapps\a
07 11, 2022 17:18:02 下午 cn.how2j.diytomcat.catalina.Context <init>
INFO : Deployment of web application directory E:\project\diytomcat\webapps\a has finished in 72 ms
07 11, 2022 17:18:02 下午 cn.how2j.diytomcat.catalina.Context <init>
INFO : Deploying web application directory E:\project\diytomcat\webapps\ROOT
07 11, 2022 17:18:02 下午 cn.how2j.diytomcat.catalina.Context <init>
INFO : Deployment of web application directory E:\project\diytomcat\webapps\ROOT has finished in 1 ms
07 11, 2022 17:18:02 下午 cn.how2j.diytomcat.catalina.Context <init>
INFO : Deploying web application directory e:/project/diytomcat/b
07 11, 2022 17:18:02 下午 cn.how2j.diytomcat.catalina.Context <init>
INFO : Deployment of web application directory e:/project/diytomcat/b has finished in 0 ms
07 11, 2022 17:18:02 下午 cn.how2j.diytomcat.catalina.Server logJVM
INFO : Server version(服务器版本):		How2J DiyTomcat/1.0.1
07 11, 2022 17:18:02 下午 cn.how2j.diytomcat.catalina.Server logJVM
INFO : Server built(服务器建造):		2022-07-08 09:12:00
07 11, 2022 17:18:02 下午 cn.how2j.diytomcat.catalina.Server logJVM
INFO : Server number:		1.0.1
07 11, 2022 17:18:02 下午 cn.how2j.diytomcat.catalina.Server logJVM
INFO : OS Name	:		Windows 10
07 11, 2022 17:18:02 下午 cn.how2j.diytomcat.catalina.Server logJVM
INFO : OS Version:		10.0
07 11, 2022 17:18:02 下午 cn.how2j.diytomcat.catalina.Server logJVM
INFO : Architecture(架构):		x86
07 11, 2022 17:18:02 下午 cn.how2j.diytomcat.catalina.Server logJVM
INFO : Java Home:		E:\JDK\jre
07 11, 2022 17:18:02 下午 cn.how2j.diytomcat.catalina.Server logJVM
INFO : JVM Version:		1.8.0_65-b17
07 11, 2022 17:18:02 下午 cn.how2j.diytomcat.catalina.Server logJVM
INFO : JVM Vendor(供应商):		Oracle Corporation
07 11, 2022 17:18:04 下午 cn.how2j.diytomcat.catalina.Server$1 error
ERROR: this is a deliberately created exception
java.lang.Exception: this is a deliberately created exception
	at cn.how2j.diytomcat.catalina.Server$1.run(Server.java:73)
	at java.util.concurrent.ThreadPoolExecutor.runWorker(ThreadPoolExecutor.java:1142)
	at java.util.concurrent.ThreadPoolExecutor$Worker.run(ThreadPoolExecutor.java:617)
	at java.lang.Thread.run(Thread.java:745)
07 11, 2022 17:18:53 下午 cn.how2j.diytomcat.catalina.Context <init>
INFO : Deploying web application directory E:\project\diytomcat\webapps\a
07 11, 2022 17:18:53 下午 cn.how2j.diytomcat.catalina.Context <init>
INFO : Deployment of web application directory E:\project\diytomcat\webapps\a has finished in 69 ms
07 11, 2022 17:18:53 下午 cn.how2j.diytomcat.catalina.Context <init>
INFO : Deploying web application directory E:\project\diytomcat\webapps\ROOT
07 11, 2022 17:18:53 下午 cn.how2j.diytomcat.catalina.Context <init>
INFO : Deployment of web application directory E:\project\diytomcat\webapps\ROOT has finished in 0 ms
07 11, 2022 17:18:53 下午 cn.how2j.diytomcat.catalina.Context <init>
INFO : Deploying web application directory e:/project/diytomcat/b
07 11, 2022 17:18:53 下午 cn.how2j.diytomcat.catalina.Context <init>
INFO : Deployment of web application directory e:/project/diytomcat/b has finished in 0 ms
07 11, 2022 17:18:53 下午 cn.how2j.diytomcat.catalina.Server logJVM
INFO : Server version:		How2J DiyTomcat/1.0.1
07 11, 2022 17:18:53 下午 cn.how2j.diytomcat.catalina.Server logJVM
INFO : Server built:		2020-04-08 10:20:22
07 11, 2022 17:18:53 下午 cn.how2j.diytomcat.catalina.Server logJVM
INFO : Server number:		1.0.1
07 11, 2022 17:18:53 下午 cn.how2j.diytomcat.catalina.Server logJVM
INFO : OS Name	:		Windows 10
07 11, 2022 17:18:53 下午 cn.how2j.diytomcat.catalina.Server logJVM
INFO : OS Version:		10.0
07 11, 2022 17:18:53 下午 cn.how2j.diytomcat.catalina.Server logJVM
INFO : Architecture:		x86
07 11, 2022 17:18:53 下午 cn.how2j.diytomcat.catalina.Server logJVM
INFO : Java Home:		E:\JDK\jre
07 11, 2022 17:18:53 下午 cn.how2j.diytomcat.catalina.Server logJVM
INFO : JVM Version:		1.8.0_65-b17
07 11, 2022 17:18:53 下午 cn.how2j.diytomcat.catalina.Server logJVM
INFO : JVM Vendor:		Oracle Corporation
07 11, 2022 17:18:56 下午 cn.how2j.diytomcat.catalina.Server$1 error
ERROR: this is a deliberately created exception
java.lang.Exception: this is a deliberately created exception
	at cn.how2j.diytomcat.catalina.Server$1.run(Server.java:57)
	at java.util.concurrent.ThreadPoolExecutor.runWorker(ThreadPoolExecutor.java:1142)
	at java.util.concurrent.ThreadPoolExecutor$Worker.run(ThreadPoolExecutor.java:617)
	at java.lang.Thread.run(Thread.java:745)
07 11, 2022 17:26:24 下午 cn.how2j.diytomcat.catalina.Server$1 error
ERROR: this is a deliberately created exception
java.lang.Exception: this is a deliberately created exception
	at cn.how2j.diytomcat.catalina.Server$1.run(Server.java:57)
	at java.util.concurrent.ThreadPoolExecutor.runWorker(ThreadPoolExecutor.java:1142)
	at java.util.concurrent.ThreadPoolExecutor$Worker.run(ThreadPoolExecutor.java:617)
	at java.lang.Thread.run(Thread.java:745)
